<?xml version="1.0" encoding="UTF-8" ?>
<testsuite errors="0" failures="4" name="fr.expression4j.test.ConfigurationTest" tests="4" time="0.021">
  <properties>
[...]
</properties>
  <testcase classname="fr.expression4j.test.configuration.TestLoadConfig" name="testLoadStdConfig" time="0.0030">
    <failure message="TODO" type="junit.framework.AssertionFailedError">junit.framework.AssertionFailedError: TODO
	at fr.expression4j.test.configuration.TestLoadConfig.testLoadStdConfig(Unknown Source)
	at org.eclipse.ant.internal.ui.antsupport.EclipseSingleCheckExecutor.executeTargets(EclipseSingleCheckExecutor.java:30)
	at org.eclipse.ant.internal.ui.antsupport.EclipseDefaultExecutor.executeTargets(EclipseDefaultExecutor.java:32)
	at org.eclipse.ant.internal.ui.antsupport.InternalAntRunner.run(InternalAntRunner.java:423)
	at org.eclipse.ant.internal.ui.antsupport.InternalAntRunner.main(InternalAntRunner.java:137)
</failure>
  </testcase>
  <testcase classname="fr.expression4j.test.configuration.TestLoadConfig" name="testLoadSpecificModel" time="0.0010">
    <failure message="TODO" type="junit.framework.AssertionFailedError">junit.framework.AssertionFailedError: TODO
	at fr.expression4j.test.configuration.TestLoadConfig.testLoadSpecificModel(Unknown Source)
	at org.eclipse.ant.internal.ui.antsupport.EclipseSingleCheckExecutor.executeTargets(EclipseSingleCheckExecutor.java:30)
	at org.eclipse.ant.internal.ui.antsupport.EclipseDefaultExecutor.executeTargets(EclipseDefaultExecutor.java:32)
	at org.eclipse.ant.internal.ui.antsupport.InternalAntRunner.run(InternalAntRunner.java:423)
	at org.eclipse.ant.internal.ui.antsupport.InternalAntRunner.main(InternalAntRunner.java:137)
</failure>
  </testcase>
  <testcase classname="fr.expression4j.test.configuration.TestSaveConfig" name="testSaveStdConfiguration" time="0.0010">
    <failure message="TODO" type="junit.framework.AssertionFailedError">junit.framework.AssertionFailedError: TODO
	at fr.expression4j.test.configuration.TestSaveConfig.testSaveStdConfiguration(Unknown Source)
	at org.eclipse.ant.internal.ui.antsupport.EclipseSingleCheckExecutor.executeTargets(EclipseSingleCheckExecutor.java:30)
	at org.eclipse.ant.internal.ui.antsupport.EclipseDefaultExecutor.executeTargets(EclipseDefaultExecutor.java:32)
	at org.eclipse.ant.internal.ui.antsupport.InternalAntRunner.run(InternalAntRunner.java:423)
	at org.eclipse.ant.internal.ui.antsupport.InternalAntRunner.main(InternalAntRunner.java:137)
</failure>
  </testcase>
  <testcase classname="fr.expression4j.test.configuration.TestSaveConfig" name="testSaveSpecificModel" time="0.0030">
    <failure message="TODO" type="junit.framework.AssertionFailedError">junit.framework.AssertionFailedError: TODO
	at fr.expression4j.test.configuration.TestSaveConfig.testSaveSpecificModel(Unknown Source)
	at org.eclipse.ant.internal.ui.antsupport.EclipseSingleCheckExecutor.executeTargets(EclipseSingleCheckExecutor.java:30)
	at org.eclipse.ant.internal.ui.antsupport.EclipseDefaultExecutor.executeTargets(EclipseDefaultExecutor.java:32)
	at org.eclipse.ant.internal.ui.antsupport.InternalAntRunner.run(InternalAntRunner.java:423)
	at org.eclipse.ant.internal.ui.antsupport.InternalAntRunner.main(InternalAntRunner.java:137)
</failure>
  </testcase>
  <system-out><![CDATA[]]></system-out>
  <system-err><![CDATA[]]></system-err>
</testsuite>
