<?xml version="1.0" encoding="UTF-8" ?>
<testsuite errors="0" failures="0" name="fr.expression4j.test.ComplexTest" tests="16" time="0.31">
  <properties>
[...]
</properties>
  <testcase classname="fr.expression4j.test.complex.TestVariable" name="testEmptyCatalog" time="0.033"></testcase>
  <testcase classname="fr.expression4j.test.complex.TestVariable" name="testSmallVariable" time="0.089"></testcase>
  <testcase classname="fr.expression4j.test.complex.TestVariable" name="testLageNumberOfVariable" time="0.025"></testcase>
  <testcase classname="fr.expression4j.test.complex.TestVariable" name="testBigVariable" time="0.0020"></testcase>
  <testcase classname="fr.expression4j.test.complex.TestVariable" name="testMoreVariable" time="0.0030"></testcase>
  <testcase classname="fr.expression4j.test.complex.TestVariable" name="testInvalidVariableName" time="0.0010"></testcase>
  <testcase classname="fr.expression4j.test.complex.TestVariable" name="testInvalidVariableNumber" time="0.0030"></testcase>
  <testcase classname="fr.expression4j.test.complex.TestEvaluationWithVariable" name="testEmptyCatalog" time="0.0"></testcase>
  <testcase classname="fr.expression4j.test.complex.TestEvaluationWithVariable" name="testEvaluationSmallVariable" time="0.033"></testcase>
  <testcase classname="fr.expression4j.test.complex.TestEvaluationWithVariable" name="testEvaluationBigVariable" time="0.0030"></testcase>
  <testcase classname="fr.expression4j.test.complex.TestEvaluationWithVariable" name="testEvaluationVariableMoreThanOne" time="0.0090"></testcase>
  <testcase classname="fr.expression4j.test.complex.TestEvaluationWithVariable" name="testTranslateVariableName" time="0.055"></testcase>
  <testcase classname="fr.expression4j.test.complex.TestFunction" name="testSimpleFunction" time="0.0040"></testcase>
  <testcase classname="fr.expression4j.test.complex.TestFunction" name="testPredefinedFunction" time="0.0050"></testcase>
  <testcase classname="fr.expression4j.test.complex.TestFunction" name="testInvalidCatalog" time="0.0030"></testcase>
  <testcase classname="fr.expression4j.test.complex.TestFunction" name="testFunctionWithGivenCatalog" time="0.0070"></testcase>
  <system-out><![CDATA[1955 [main] DEBUG fr.expression4j.factory.ExpressionFactory  - Initialize factory
1955 [main] DEBUG fr.expression4j.factory.ExpressionFactory  - Initialize factory
1955 [main] DEBUG fr.expression4j.factory.ExpressionFactory  - Initialize factory
1980 [main] DEBUG fr.expression4j.factory.ExpressionFactory  - Factory initialised
1980 [main] DEBUG fr.expression4j.factory.ExpressionFactory  - Factory initialised
1980 [main] DEBUG fr.expression4j.factory.ExpressionFactory  - Factory initialised
1981 [main] DEBUG fr.expression4j.factory.ExpressionFactory  - Create catalog: Catalog
1981 [main] DEBUG fr.expression4j.factory.ExpressionFactory  - Create catalog: Catalog
1981 [main] DEBUG fr.expression4j.factory.ExpressionFactory  - Create catalog: Catalog
2008 [main] DEBUG fr.expression4j.factory.ExpressionFactory  - Create expression.
2008 [main] DEBUG fr.expression4j.factory.ExpressionFactory  - Create expression.
2008 [main] DEBUG fr.expression4j.factory.ExpressionFactory  - Create expression.
2010 [main] DEBUG fr.expression4j.factory.ExpressionFactory  - Expression to create: f(x)=1+2*x
2010 [main] DEBUG fr.expression4j.factory.ExpressionFactory  - Expression to create: f(x)=1+2*x
2010 [main] DEBUG fr.expression4j.factory.ExpressionFactory  - Expression to create: f(x)=1+2*x
2014 [main] DEBUG fr.expression4j.factory.ExpressionFactory  - Catalog: general
2014 [main] DEBUG fr.expression4j.factory.ExpressionFactory  - Catalog: general
2014 [main] DEBUG fr.expression4j.factory.ExpressionFactory  - Catalog: general
2014 [main] DEBUG fr.expression4j.factory.ExpressionFactory  - Model: default
2014 [main] DEBUG fr.expression4j.factory.ExpressionFactory  - Model: default
2014 [main] DEBUG fr.expression4j.factory.ExpressionFactory  - Model: default
2028 [main] DEBUG fr.expression4j.basic.impl.ComplexOrRealExpressionElement  - In parseElement
2028 [main] DEBUG fr.expression4j.basic.impl.ComplexOrRealExpressionElement  - In parseElement
2028 [main] DEBUG fr.expression4j.basic.impl.ComplexOrRealExpressionElement  - In parseElement
2028 [main] DEBUG fr.expression4j.basic.impl.ComplexOrRealExpressionElement  - start position: 5
2028 [main] DEBUG fr.expression4j.basic.impl.ComplexOrRealExpressionElement  - start position: 5
2028 [main] DEBUG fr.expression4j.basic.impl.ComplexOrRealExpressionElement  - start position: 5
2038 [main] DEBUG fr.expression4j.basic.impl.BinaryOperatorExpressionElement  - In parseElement.
2038 [main] DEBUG fr.expression4j.basic.impl.BinaryOperatorExpressionElement  - In parseElement.
2038 [main] DEBUG fr.expression4j.basic.impl.BinaryOperatorExpressionElement  - In parseElement.
2038 [main] DEBUG fr.expression4j.basic.impl.BinaryOperatorExpressionElement  - Current end position: 6
2038 [main] DEBUG fr.expression4j.basic.impl.BinaryOperatorExpressionElement  - Current end position: 6
2038 [main] DEBUG fr.expression4j.basic.impl.BinaryOperatorExpressionElement  - Current end position: 6
2038 [main] DEBUG fr.expression4j.basic.impl.BinaryOperatorExpressionElement  - In checkOperator.
2038 [main] DEBUG fr.expression4j.basic.impl.BinaryOperatorExpressionElement  - In checkOperator.
2038 [main] DEBUG fr.expression4j.basic.impl.BinaryOperatorExpressionElement  - In checkOperator.
2038 [main] DEBUG fr.expression4j.basic.impl.BinaryOperatorExpressionElement  - Operator Pow not found.
2038 [main] DEBUG fr.expression4j.basic.impl.BinaryOperatorExpressionElement  - Operator Pow not found.
2038 [main] DEBUG fr.expression4j.basic.impl.BinaryOperatorExpressionElement  - Operator Pow not found.
2038 [main] DEBUG fr.expression4j.basic.impl.BinaryOperatorExpressionElement  - No operator found.
2038 [main] DEBUG fr.expression4j.basic.impl.BinaryOperatorExpressionElement  - No operator found.
2038 [main] DEBUG fr.expression4j.basic.impl.BinaryOperatorExpressionElement  - No operator found.
2038 [main] DEBUG fr.expression4j.basic.impl.BinaryOperatorExpressionElement  - In parseElement.
2038 [main] DEBUG fr.expression4j.basic.impl.BinaryOperatorExpressionElement  - In parseElement.
2038 [main] DEBUG fr.expression4j.basic.impl.BinaryOperatorExpressionElement  - In parseElement.
2039 [main] DEBUG fr.expression4j.basic.impl.BinaryOperatorExpressionElement  - Current end position: 6
2039 [main] DEBUG fr.expression4j.basic.impl.BinaryOperatorExpressionElement  - Current end position: 6
2039 [main] DEBUG fr.expression4j.basic.impl.BinaryOperatorExpressionElement  - Current end position: 6
2039 [main] DEBUG fr.expression4j.basic.impl.BinaryOperatorExpressionElement  - In checkOperator.
2039 [main] DEBUG fr.expression4j.basic.impl.BinaryOperatorExpressionElement  - In checkOperator.
2039 [main] DEBUG fr.expression4j.basic.impl.BinaryOperatorExpressionElement  - In checkOperator.
2039 [main] DEBUG fr.expression4j.basic.impl.BinaryOperatorExpressionElement  - Operator Multiply not found.
2039 [main] DEBUG fr.expression4j.basic.impl.BinaryOperatorExpressionElement  - Operator Multiply not found.
2039 [main] DEBUG fr.expression4j.basic.impl.BinaryOperatorExpressionElement  - Operator Multiply not found.
2039 [main] DEBUG fr.expression4j.basic.impl.BinaryOperatorExpressionElement  - In checkOperator.
2039 [main] DEBUG fr.expression4j.basic.impl.BinaryOperatorExpressionElement  - In checkOperator.
2039 [main] DEBUG fr.expression4j.basic.impl.BinaryOperatorExpressionElement  - In checkOperator.
2039 [main] DEBUG fr.expression4j.basic.impl.BinaryOperatorExpressionElement  - Operator Divide not found.
2039 [main] DEBUG fr.expression4j.basic.impl.BinaryOperatorExpressionElement  - Operator Divide not found.
2039 [main] DEBUG fr.expression4j.basic.impl.BinaryOperatorExpressionElement  - Operator Divide not found.
2039 [main] DEBUG fr.expression4j.basic.impl.BinaryOperatorExpressionElement  - No operator found.
2039 [main] DEBUG fr.expression4j.basic.impl.BinaryOperatorExpressionElement  - No operator found.
2039 [main] DEBUG fr.expression4j.basic.impl.BinaryOperatorExpressionElement  - No operator found.
2039 [main] DEBUG fr.expression4j.basic.impl.BinaryOperatorExpressionElement  - In parseElement.
2039 [main] DEBUG fr.expression4j.basic.impl.BinaryOperatorExpressionElement  - In parseElement.
2039 [main] DEBUG fr.expression4j.basic.impl.BinaryOperatorExpressionElement  - In parseElement.
2039 [main] DEBUG fr.expression4j.basic.impl.BinaryOperatorExpressionElement  - Current end position: 6
2039 [main] DEBUG fr.expression4j.basic.impl.BinaryOperatorExpressionElement  - Current end position: 6
2039 [main] DEBUG fr.expression4j.basic.impl.BinaryOperatorExpressionElement  - Current end position: 6
2039 [main] DEBUG fr.expression4j.basic.impl.BinaryOperatorExpressionElement  - In checkOperator.
2039 [main] DEBUG fr.expression4j.basic.impl.BinaryOperatorExpressionElement  - In checkOperator.
2039 [main] DEBUG fr.expression4j.basic.impl.BinaryOperatorExpressionElement  - In checkOperator.
2039 [main] DEBUG fr.expression4j.basic.impl.BinaryOperatorExpressionElement  - Operator Plus found.
2039 [main] DEBUG fr.expression4j.basic.impl.BinaryOperatorExpressionElement  - Operator Plus found.
2039 [main] DEBUG fr.expression4j.basic.impl.BinaryOperatorExpressionElement  - Operator Plus found.
2039 [main] DEBUG fr.expression4j.basic.impl.BinaryOperatorExpressionElement  - Found operator Plus
2039 [main] DEBUG fr.expression4j.basic.impl.BinaryOperatorExpressionElement  - Found operator Plus
2039 [main] DEBUG fr.expression4j.basic.impl.BinaryOperatorExpressionElement  - Found operator Plus
2039 [main] DEBUG fr.expression4j.basic.impl.ComplexOrRealExpressionElement  - In parseElement
2039 [main] DEBUG fr.expression4j.basic.impl.ComplexOrRealExpressionElement  - In parseElement
2039 [main] DEBUG fr.expression4j.basic.impl.ComplexOrRealExpressionElement  - In parseElement
2039 [main] DEBUG fr.expression4j.basic.impl.ComplexOrRealExpressionElement  - start position: 7
2039 [main] DEBUG fr.expression4j.basic.impl.ComplexOrRealExpressionElement  - start position: 7
2039 [main] DEBUG fr.expression4j.basic.impl.ComplexOrRealExpressionElement  - start position: 7
2042 [main] DEBUG fr.expression4j.basic.impl.BinaryOperatorExpressionElement  - In parseElement.
2042 [main] DEBUG fr.expression4j.basic.impl.BinaryOperatorExpressionElement  - In parseElement.
2042 [main] DEBUG fr.expression4j.basic.impl.BinaryOperatorExpressionElement  - In parseElement.
2042 [main] DEBUG fr.expression4j.basic.impl.BinaryOperatorExpressionElement  - Current end position: 8
2042 [main] DEBUG fr.expression4j.basic.impl.BinaryOperatorExpressionElement  - Current end position: 8
2042 [main] DEBUG fr.expression4j.basic.impl.BinaryOperatorExpressionElement  - Current end position: 8
2042 [main] DEBUG fr.expression4j.basic.impl.BinaryOperatorExpressionElement  - In checkOperator.
2042 [main] DEBUG fr.expression4j.basic.impl.BinaryOperatorExpressionElement  - In checkOperator.
2042 [main] DEBUG fr.expression4j.basic.impl.BinaryOperatorExpressionElement  - In checkOperator.
2042 [main] DEBUG fr.expression4j.basic.impl.BinaryOperatorExpressionElement  - Operator Pow not found.
2042 [main] DEBUG fr.expression4j.basic.impl.BinaryOperatorExpressionElement  - Operator Pow not found.
2042 [main] DEBUG fr.expression4j.basic.impl.BinaryOperatorExpressionElement  - Operator Pow not found.
2042 [main] DEBUG fr.expression4j.basic.impl.BinaryOperatorExpressionElement  - No operator found.
2042 [main] DEBUG fr.expression4j.basic.impl.BinaryOperatorExpressionElement  - No operator found.
2042 [main] DEBUG fr.expression4j.basic.impl.BinaryOperatorExpressionElement  - No operator found.
2042 [main] DEBUG fr.expression4j.basic.impl.BinaryOperatorExpressionElement  - In parseElement.
2042 [main] DEBUG fr.expression4j.basic.impl.BinaryOperatorExpressionElement  - In parseElement.
2042 [main] DEBUG fr.expression4j.basic.impl.BinaryOperatorExpressionElement  - In parseElement.
2042 [main] DEBUG fr.expression4j.basic.impl.BinaryOperatorExpressionElement  - Current end position: 8
2042 [main] DEBUG fr.expression4j.basic.impl.BinaryOperatorExpressionElement  - Current end position: 8
2042 [main] DEBUG fr.expression4j.basic.impl.BinaryOperatorExpressionElement  - Current end position: 8
2043 [main] DEBUG fr.expression4j.basic.impl.BinaryOperatorExpressionElement  - In checkOperator.
2043 [main] DEBUG fr.expression4j.basic.impl.BinaryOperatorExpressionElement  - In checkOperator.
2043 [main] DEBUG fr.expression4j.basic.impl.BinaryOperatorExpressionElement  - In checkOperator.
2043 [main] DEBUG fr.expression4j.basic.impl.BinaryOperatorExpressionElement  - Operator Multiply found.
2043 [main] DEBUG fr.expression4j.basic.impl.BinaryOperatorExpressionElement  - Operator Multiply found.
2043 [main] DEBUG fr.expression4j.basic.impl.BinaryOperatorExpressionElement  - Operator Multiply found.
2043 [main] DEBUG fr.expression4j.basic.impl.BinaryOperatorExpressionElement  - Found operator Multiply
2043 [main] DEBUG fr.expression4j.basic.impl.BinaryOperatorExpressionElement  - Found operator Multiply
2043 [main] DEBUG fr.expression4j.basic.impl.BinaryOperatorExpressionElement  - Found operator Multiply
2068 [main] DEBUG fr.expression4j.basic.impl.ComplexOrRealExpressionElement  - In parseElement
2068 [main] DEBUG fr.expression4j.basic.impl.ComplexOrRealExpressionElement  - In parseElement
2068 [main] DEBUG fr.expression4j.basic.impl.ComplexOrRealExpressionElement  - In parseElement
2068 [main] DEBUG fr.expression4j.basic.impl.ComplexOrRealExpressionElement  - start position: 9
2068 [main] DEBUG fr.expression4j.basic.impl.ComplexOrRealExpressionElement  - start position: 9
2068 [main] DEBUG fr.expression4j.basic.impl.ComplexOrRealExpressionElement  - start position: 9
2070 [main] DEBUG fr.expression4j.factory.ExpressionFactory  - Expression created
2070 [main] DEBUG fr.expression4j.factory.ExpressionFactory  - Expression created
2070 [main] DEBUG fr.expression4j.factory.ExpressionFactory  - Expression created
2070 [main] DEBUG fr.expression4j.factory.ExpressionFactory  - Create expression.
2070 [main] DEBUG fr.expression4j.factory.ExpressionFactory  - Create expression.
2070 [main] DEBUG fr.expression4j.factory.ExpressionFactory  - Create expression.
2070 [main] DEBUG fr.expression4j.factory.ExpressionFactory  - Expression to create: f(a,b,c,d,e,f,g,h,i,j,k,l,m,n,o)=a+b+c+d+e+f+g+h+i+j+k+l+m+n+o
2070 [main] DEBUG fr.expression4j.factory.ExpressionFactory  - Expression to create: f(a,b,c,d,e,f,g,h,i,j,k,l,m,n,o)=a+b+c+d+e+f+g+h+i+j+k+l+m+n+o
2070 [main] DEBUG fr.expression4j.factory.ExpressionFactory  - Expression to create: f(a,b,c,d,e,f,g,h,i,j,k,l,m,n,o)=a+b+c+d+e+f+g+h+i+j+k+l+m+n+o
2070 [main] DEBUG fr.expression4j.factory.ExpressionFactory  - Catalog: general
2070 [main] DEBUG fr.expression4j.factory.ExpressionFactory  - Catalog: general
2070 [main] DEBUG fr.expression4j.factory.ExpressionFactory  - Catalog: general
2070 [main] DEBUG fr.expression4j.factory.ExpressionFactory  - Model: default
2070 [main] DEBUG fr.expression4j.factory.ExpressionFactory  - Model: default
2070 [main] DEBUG fr.expression4j.factory.ExpressionFactory  - Model: default
2070 [main] DEBUG fr.expression4j.basic.impl.ComplexOrRealExpressionElement  - In parseElement
2070 [main] DEBUG fr.expression4j.basic.impl.ComplexOrRealExpressionElement  - In parseElement
2070 [main] DEBUG fr.expression4j.basic.impl.ComplexOrRealExpressionElement  - In parseElement
2070 [main] DEBUG fr.expression4j.basic.impl.ComplexOrRealExpressionElement  - start position: 33
2070 [main] DEBUG fr.expression4j.basic.impl.ComplexOrRealExpressionElement  - start position: 33
2070 [main] DEBUG fr.expression4j.basic.impl.ComplexOrRealExpressionElement  - start position: 33
2071 [main] DEBUG fr.expression4j.basic.impl.BinaryOperatorExpressionElement  - In parseElement.
2071 [main] DEBUG fr.expression4j.basic.impl.BinaryOperatorExpressionElement  - In parseElement.
2071 [main] DEBUG fr.expression4j.basic.impl.BinaryOperatorExpressionElement  - In parseElement.
2071 [main] DEBUG fr.expression4j.basic.impl.BinaryOperatorExpressionElement  - Current end position: 34
2071 [main] DEBUG fr.expression4j.basic.impl.BinaryOperatorExpressionElement  - Current end position: 34
2071 [main] DEBUG fr.expression4j.basic.impl.BinaryOperatorExpressionElement  - Current end position: 34
2071 [main] DEBUG fr.expression4j.basic.impl.BinaryOperatorExpressionElement  - In checkOperator.
2071 [main] DEBUG fr.expression4j.basic.impl.BinaryOperatorExpressionElement  - In checkOperator.
2071 [main] DEBUG fr.expression4j.basic.impl.BinaryOperatorExpressionElement  - In checkOperator.
2071 [main] DEBUG fr.expression4j.basic.impl.BinaryOperatorExpressionElement  - Operator Pow not found.
2071 [main] DEBUG fr.expression4j.basic.impl.BinaryOperatorExpressionElement  - Operator Pow not found.
2071 [main] DEBUG fr.expression4j.basic.impl.BinaryOperatorExpressionElement  - Operator Pow not found.
2071 [main] DEBUG fr.expression4j.basic.impl.BinaryOperatorExpressionElement  - No operator found.
2071 [main] DEBUG fr.expression4j.basic.impl.BinaryOperatorExpressionElement  - No operator found.
2071 [main] DEBUG fr.expression4j.basic.impl.BinaryOperatorExpressionElement  - No operator found.
2071 [main] DEBUG fr.expression4j.basic.impl.BinaryOperatorExpressionElement  - In parseElement.
2071 [main] DEBUG fr.expression4j.basic.impl.BinaryOperatorExpressionElement  - In parseElement.
2071 [main] DEBUG fr.expression4j.basic.impl.BinaryOperatorExpressionElement  - In parseElement.
2071 [main] DEBUG fr.expression4j.basic.impl.BinaryOperatorExpressionElement  - Current end position: 34
2071 [main] DEBUG fr.expression4j.basic.impl.BinaryOperatorExpressionElement  - Current end position: 34
2071 [main] DEBUG fr.expression4j.basic.impl.BinaryOperatorExpressionElement  - Current end position: 34
2071 [main] DEBUG fr.expression4j.basic.impl.BinaryOperatorExpressionElement  - In checkOperator.
2071 [main] DEBUG fr.expression4j.basic.impl.BinaryOperatorExpressionElement  - In checkOperator.
2071 [main] DEBUG fr.expression4j.basic.impl.BinaryOperatorExpressionElement  - In checkOperator.
2071 [main] DEBUG fr.expression4j.basic.impl.BinaryOperatorExpressionElement  - Operator Multiply not found.
2071 [main] DEBUG fr.expression4j.basic.impl.BinaryOperatorExpressionElement  - Operator Multiply not found.
2071 [main] DEBUG fr.expression4j.basic.impl.BinaryOperatorExpressionElement  - Operator Multiply not found.
2071 [main] DEBUG fr.expression4j.basic.impl.BinaryOperatorExpressionElement  - In checkOperator.
2071 [main] DEBUG fr.expression4j.basic.impl.BinaryOperatorExpressionElement  - In checkOperator.
2071 [main] DEBUG fr.expression4j.basic.impl.BinaryOperatorExpressionElement  - In checkOperator.
2071 [main] DEBUG fr.expression4j.basic.impl.BinaryOperatorExpressionElement  - Operator Divide not found.
2071 [main] DEBUG fr.expression4j.basic.impl.BinaryOperatorExpressionElement  - Operator Divide not found.
2071 [main] DEBUG fr.expression4j.basic.impl.BinaryOperatorExpressionElement  - Operator Divide not found.
2071 [main] DEBUG fr.expression4j.basic.impl.BinaryOperatorExpressionElement  - No operator found.
2071 [main] DEBUG fr.expression4j.basic.impl.BinaryOperatorExpressionElement  - No operator found.
2071 [main] DEBUG fr.expression4j.basic.impl.BinaryOperatorExpressionElement  - No operator found.
2071 [main] DEBUG fr.expression4j.basic.impl.BinaryOperatorExpressionElement  - In parseElement.
2071 [main] DEBUG fr.expression4j.basic.impl.BinaryOperatorExpressionElement  - In parseElement.
2071 [main] DEBUG fr.expression4j.basic.impl.BinaryOperatorExpressionElement  - In parseElement.
2072 [main] DEBUG fr.expression4j.basic.impl.BinaryOperatorExpressionElement  - Current end position: 34
2072 [main] DEBUG fr.expression4j.basic.impl.BinaryOperatorExpressionElement  - Current end position: 34
2072 [main] DEBUG fr.expression4j.basic.impl.BinaryOperatorExpressionElement  - Current end position: 34
2072 [main] DEBUG fr.expression4j.basic.impl.BinaryOperatorExpressionElement  - In checkOperator.
2072 [main] DEBUG fr.expression4j.basic.impl.BinaryOperatorExpressionElement  - In checkOperator.
2072 [main] DEBUG fr.expression4j.basic.impl.BinaryOperatorExpressionElement  - In checkOperator.
2072 [main] DEBUG fr.expression4j.basic.impl.BinaryOperatorExpressionElement  - Operator Plus found.
2072 [main] DEBUG fr.expression4j.basic.impl.BinaryOperatorExpressionElement  - Operator Plus found.
2072 [main] DEBUG fr.expression4j.basic.impl.BinaryOperatorExpressionElement  - Operator Plus found.
2072 [main] DEBUG fr.expression4j.basic.impl.BinaryOperatorExpressionElement  - Found operator Plus
2072 [main] DEBUG fr.expression4j.basic.impl.BinaryOperatorExpressionElement  - Found operator Plus
2072 [main] DEBUG fr.expression4j.basic.impl.BinaryOperatorExpressionElement  - Found operator Plus
2072 [main] DEBUG fr.expression4j.basic.impl.ComplexOrRealExpressionElement  - In parseElement
2072 [main] DEBUG fr.expression4j.basic.impl.ComplexOrRealExpressionElement  - In parseElement
2072 [main] DEBUG fr.expression4j.basic.impl.ComplexOrRealExpressionElement  - In parseElement
2072 [main] DEBUG fr.expression4j.basic.impl.ComplexOrRealExpressionElement  - start position: 35
2072 [main] DEBUG fr.expression4j.basic.impl.ComplexOrRealExpressionElement  - start position: 35
2072 [main] DEBUG fr.expression4j.basic.impl.ComplexOrRealExpressionElement  - start position: 35
2072 [main] DEBUG fr.expression4j.basic.impl.BinaryOperatorExpressionElement  - In parseElement.
2072 [main] DEBUG fr.expression4j.basic.impl.BinaryOperatorExpressionElement  - In parseElement.
2072 [main] DEBUG fr.expression4j.basic.impl.BinaryOperatorExpressionElement  - In parseElement.
2073 [main] DEBUG fr.expression4j.basic.impl.BinaryOperatorExpressionElement  - Current end position: 36
2073 [main] DEBUG fr.expression4j.basic.impl.BinaryOperatorExpressionElement  - Current end position: 36
2073 [main] DEBUG fr.expression4j.basic.impl.BinaryOperatorExpressionElement  - Current end position: 36
2073 [main] DEBUG fr.expression4j.basic.impl.BinaryOperatorExpressionElement  - In checkOperator.
2073 [main] DEBUG fr.expression4j.basic.impl.BinaryOperatorExpressionElement  - In checkOperator.
2073 [main] DEBUG fr.expression4j.basic.impl.BinaryOperatorExpressionElement  - In checkOperator.
2073 [main] DEBUG fr.expression4j.basic.impl.BinaryOperatorExpressionElement  - Operator Pow not found.
2073 [main] DEBUG fr.expression4j.basic.impl.BinaryOperatorExpressionElement  - Operator Pow not found.
2073 [main] DEBUG fr.expression4j.basic.impl.BinaryOperatorExpressionElement  - Operator Pow not found.
2073 [main] DEBUG fr.expression4j.basic.impl.BinaryOperatorExpressionElement  - No operator found.
2073 [main] DEBUG fr.expression4j.basic.impl.BinaryOperatorExpressionElement  - No operator found.
2073 [main] DEBUG fr.expression4j.basic.impl.BinaryOperatorExpressionElement  - No operator found.
2073 [main] DEBUG fr.expression4j.basic.impl.BinaryOperatorExpressionElement  - In parseElement.
2073 [main] DEBUG fr.expression4j.basic.impl.BinaryOperatorExpressionElement  - In parseElement.
2073 [main] DEBUG fr.expression4j.basic.impl.BinaryOperatorExpressionElement  - In parseElement.
2073 [main] DEBUG fr.expression4j.basic.impl.BinaryOperatorExpressionElement  - Current end position: 36
2073 [main] DEBUG fr.expression4j.basic.impl.BinaryOperatorExpressionElement  - Current end position: 36
2073 [main] DEBUG fr.expression4j.basic.impl.BinaryOperatorExpressionElement  - Current end position: 36
2073 [main] DEBUG fr.expression4j.basic.impl.BinaryOperatorExpressionElement  - In checkOperator.
2073 [main] DEBUG fr.expression4j.basic.impl.BinaryOperatorExpressionElement  - In checkOperator.
2073 [main] DEBUG fr.expression4j.basic.impl.BinaryOperatorExpressionElement  - In checkOperator.
2073 [main] DEBUG fr.expression4j.basic.impl.BinaryOperatorExpressionElement  - Operator Multiply not found.
2073 [main] DEBUG fr.expression4j.basic.impl.BinaryOperatorExpressionElement  - Operator Multiply not found.
2073 [main] DEBUG fr.expression4j.basic.impl.BinaryOperatorExpressionElement  - Operator Multiply not found.
2073 [main] DEBUG fr.expression4j.basic.impl.BinaryOperatorExpressionElement  - In checkOperator.
2073 [main] DEBUG fr.expression4j.basic.impl.BinaryOperatorExpressionElement  - In checkOperator.
2073 [main] DEBUG fr.expression4j.basic.impl.BinaryOperatorExpressionElement  - In checkOperator.
2073 [main] DEBUG fr.expression4j.basic.impl.BinaryOperatorExpressionElement  - Operator Divide not found.
2073 [main] DEBUG fr.expression4j.basic.impl.BinaryOperatorExpressionElement  - Operator Divide not found.
2073 [main] DEBUG fr.expression4j.basic.impl.BinaryOperatorExpressionElement  - Operator Divide not found.
2073 [main] DEBUG fr.expression4j.basic.impl.BinaryOperatorExpressionElement  - No operator found.
2073 [main] DEBUG fr.expression4j.basic.impl.BinaryOperatorExpressionElement  - No operator found.
2073 [main] DEBUG fr.expression4j.basic.impl.BinaryOperatorExpressionElement  - No operator found.
2073 [main] DEBUG fr.expression4j.basic.impl.BinaryOperatorExpressionElement  - In parseElement.
2073 [main] DEBUG fr.expression4j.basic.impl.BinaryOperatorExpressionElement  - In parseElement.
2073 [main] DEBUG fr.expression4j.basic.impl.BinaryOperatorExpressionElement  - In parseElement.
2073 [main] DEBUG fr.expression4j.basic.impl.BinaryOperatorExpressionElement  - Current end position: 36
2073 [main] DEBUG fr.expression4j.basic.impl.BinaryOperatorExpressionElement  - Current end position: 36
2073 [main] DEBUG fr.expression4j.basic.impl.BinaryOperatorExpressionElement  - Current end position: 36
2073 [main] DEBUG fr.expression4j.basic.impl.BinaryOperatorExpressionElement  - In checkOperator.
2073 [main] DEBUG fr.expression4j.basic.impl.BinaryOperatorExpressionElement  - In checkOperator.
2073 [main] DEBUG fr.expression4j.basic.impl.BinaryOperatorExpressionElement  - In checkOperator.
2073 [main] DEBUG fr.expression4j.basic.impl.BinaryOperatorExpressionElement  - Operator Plus found.
2073 [main] DEBUG fr.expression4j.basic.impl.BinaryOperatorExpressionElement  - Operator Plus found.
2073 [main] DEBUG fr.expression4j.basic.impl.BinaryOperatorExpressionElement  - Operator Plus found.
2073 [main] DEBUG fr.expression4j.basic.impl.BinaryOperatorExpressionElement  - Found operator Plus
2073 [main] DEBUG fr.expression4j.basic.impl.BinaryOperatorExpressionElement  - Found operator Plus
2073 [main] DEBUG fr.expression4j.basic.impl.BinaryOperatorExpressionElement  - Found operator Plus
2073 [main] DEBUG fr.expression4j.basic.impl.ComplexOrRealExpressionElement  - In parseElement
2073 [main] DEBUG fr.expression4j.basic.impl.ComplexOrRealExpressionElement  - In parseElement
2073 [main] DEBUG fr.expression4j.basic.impl.ComplexOrRealExpressionElement  - In parseElement
2073 [main] DEBUG fr.expression4j.basic.impl.ComplexOrRealExpressionElement  - start position: 37
2073 [main] DEBUG fr.expression4j.basic.impl.ComplexOrRealExpressionElement  - start position: 37
2073 [main] DEBUG fr.expression4j.basic.impl.ComplexOrRealExpressionElement  - start position: 37
2074 [main] DEBUG fr.expression4j.basic.impl.BinaryOperatorExpressionElement  - In parseElement.
2074 [main] DEBUG fr.expression4j.basic.impl.BinaryOperatorExpressionElement  - In parseElement.
2074 [main] DEBUG fr.expression4j.basic.impl.BinaryOperatorExpressionElement  - In parseElement.
2074 [main] DEBUG fr.expression4j.basic.impl.BinaryOperatorExpressionElement  - Current end position: 38
2074 [main] DEBUG fr.expression4j.basic.impl.BinaryOperatorExpressionElement  - Current end position: 38
2074 [main] DEBUG fr.expression4j.basic.impl.BinaryOperatorExpressionElement  - Current end position: 38
2074 [main] DEBUG fr.expression4j.basic.impl.BinaryOperatorExpressionElement  - In checkOperator.
2074 [main] DEBUG fr.expression4j.basic.impl.BinaryOperatorExpressionElement  - In checkOperator.
2074 [main] DEBUG fr.expression4j.basic.impl.BinaryOperatorExpressionElement  - In checkOperator.
2074 [main] DEBUG fr.expression4j.basic.impl.BinaryOperatorExpressionElement  - Operator Pow not found.
2074 [main] DEBUG fr.expression4j.basic.impl.BinaryOperatorExpressionElement  - Operator Pow not found.
2074 [main] DEBUG fr.expression4j.basic.impl.BinaryOperatorExpressionElement  - Operator Pow not found.
2074 [main] DEBUG fr.expression4j.basic.impl.BinaryOperatorExpressionElement  - No operator found.
2074 [main] DEBUG fr.expression4j.basic.impl.BinaryOperatorExpressionElement  - No operator found.
2074 [main] DEBUG fr.expression4j.basic.impl.BinaryOperatorExpressionElement  - No operator found.
2074 [main] DEBUG fr.expression4j.basic.impl.BinaryOperatorExpressionElement  - In parseElement.
2074 [main] DEBUG fr.expression4j.basic.impl.BinaryOperatorExpressionElement  - In parseElement.
2074 [main] DEBUG fr.expression4j.basic.impl.BinaryOperatorExpressionElement  - In parseElement.
2074 [main] DEBUG fr.expression4j.basic.impl.BinaryOperatorExpressionElement  - Current end position: 38
2074 [main] DEBUG fr.expression4j.basic.impl.BinaryOperatorExpressionElement  - Current end position: 38
2074 [main] DEBUG fr.expression4j.basic.impl.BinaryOperatorExpressionElement  - Current end position: 38
2074 [main] DEBUG fr.expression4j.basic.impl.BinaryOperatorExpressionElement  - In checkOperator.
2074 [main] DEBUG fr.expression4j.basic.impl.BinaryOperatorExpressionElement  - In checkOperator.
2074 [main] DEBUG fr.expression4j.basic.impl.BinaryOperatorExpressionElement  - In checkOperator.
2074 [main] DEBUG fr.expression4j.basic.impl.BinaryOperatorExpressionElement  - Operator Multiply not found.
2074 [main] DEBUG fr.expression4j.basic.impl.BinaryOperatorExpressionElement  - Operator Multiply not found.
2074 [main] DEBUG fr.expression4j.basic.impl.BinaryOperatorExpressionElement  - Operator Multiply not found.
2074 [main] DEBUG fr.expression4j.basic.impl.BinaryOperatorExpressionElement  - In checkOperator.
2074 [main] DEBUG fr.expression4j.basic.impl.BinaryOperatorExpressionElement  - In checkOperator.
2074 [main] DEBUG fr.expression4j.basic.impl.BinaryOperatorExpressionElement  - In checkOperator.
2074 [main] DEBUG fr.expression4j.basic.impl.BinaryOperatorExpressionElement  - Operator Divide not found.
2074 [main] DEBUG fr.expression4j.basic.impl.BinaryOperatorExpressionElement  - Operator Divide not found.
2074 [main] DEBUG fr.expression4j.basic.impl.BinaryOperatorExpressionElement  - Operator Divide not found.
2074 [main] DEBUG fr.expression4j.basic.impl.BinaryOperatorExpressionElement  - No operator found.
2074 [main] DEBUG fr.expression4j.basic.impl.BinaryOperatorExpressionElement  - No operator found.
2074 [main] DEBUG fr.expression4j.basic.impl.BinaryOperatorExpressionElement  - No operator found.
2074 [main] DEBUG fr.expression4j.basic.impl.BinaryOperatorExpressionElement  - In parseElement.
2074 [main] DEBUG fr.expression4j.basic.impl.BinaryOperatorExpressionElement  - In parseElement.
2074 [main] DEBUG fr.expression4j.basic.impl.BinaryOperatorExpressionElement  - In parseElement.
2074 [main] DEBUG fr.expression4j.basic.impl.BinaryOperatorExpressionElement  - Current end position: 38
2074 [main] DEBUG fr.expression4j.basic.impl.BinaryOperatorExpressionElement  - Current end position: 38
2074 [main] DEBUG fr.expression4j.basic.impl.BinaryOperatorExpressionElement  - Current end position: 38
2074 [main] DEBUG fr.expression4j.basic.impl.BinaryOperatorExpressionElement  - In checkOperator.
2074 [main] DEBUG fr.expression4j.basic.impl.BinaryOperatorExpressionElement  - In checkOperator.
2074 [main] DEBUG fr.expression4j.basic.impl.BinaryOperatorExpressionElement  - In checkOperator.
2074 [main] DEBUG fr.expression4j.basic.impl.BinaryOperatorExpressionElement  - Operator Plus found.
2074 [main] DEBUG fr.expression4j.basic.impl.BinaryOperatorExpressionElement  - Operator Plus found.
2074 [main] DEBUG fr.expression4j.basic.impl.BinaryOperatorExpressionElement  - Operator Plus found.
2074 [main] DEBUG fr.expression4j.basic.impl.BinaryOperatorExpressionElement  - Found operator Plus
2074 [main] DEBUG fr.expression4j.basic.impl.BinaryOperatorExpressionElement  - Found operator Plus
2074 [main] DEBUG fr.expression4j.basic.impl.BinaryOperatorExpressionElement  - Found operator Plus
2074 [main] DEBUG fr.expression4j.basic.impl.ComplexOrRealExpressionElement  - In parseElement
2074 [main] DEBUG fr.expression4j.basic.impl.ComplexOrRealExpressionElement  - In parseElement
2074 [main] DEBUG fr.expression4j.basic.impl.ComplexOrRealExpressionElement  - In parseElement
2074 [main] DEBUG fr.expression4j.basic.impl.ComplexOrRealExpressionElement  - start position: 39
2074 [main] DEBUG fr.expression4j.basic.impl.ComplexOrRealExpressionElement  - start position: 39
2074 [main] DEBUG fr.expression4j.basic.impl.ComplexOrRealExpressionElement  - start position: 39
2074 [main] DEBUG fr.expression4j.basic.impl.BinaryOperatorExpressionElement  - In parseElement.
2074 [main] DEBUG fr.expression4j.basic.impl.BinaryOperatorExpressionElement  - In parseElement.
2074 [main] DEBUG fr.expression4j.basic.impl.BinaryOperatorExpressionElement  - In parseElement.
2075 [main] DEBUG fr.expression4j.basic.impl.BinaryOperatorExpressionElement  - Current end position: 40
2075 [main] DEBUG fr.expression4j.basic.impl.BinaryOperatorExpressionElement  - Current end position: 40
2075 [main] DEBUG fr.expression4j.basic.impl.BinaryOperatorExpressionElement  - Current end position: 40
2075 [main] DEBUG fr.expression4j.basic.impl.BinaryOperatorExpressionElement  - In checkOperator.
2075 [main] DEBUG fr.expression4j.basic.impl.BinaryOperatorExpressionElement  - In checkOperator.
2075 [main] DEBUG fr.expression4j.basic.impl.BinaryOperatorExpressionElement  - In checkOperator.
2075 [main] DEBUG fr.expression4j.basic.impl.BinaryOperatorExpressionElement  - Operator Pow not found.
2075 [main] DEBUG fr.expression4j.basic.impl.BinaryOperatorExpressionElement  - Operator Pow not found.
2075 [main] DEBUG fr.expression4j.basic.impl.BinaryOperatorExpressionElement  - Operator Pow not found.
2075 [main] DEBUG fr.expression4j.basic.impl.BinaryOperatorExpressionElement  - No operator found.
2075 [main] DEBUG fr.expression4j.basic.impl.BinaryOperatorExpressionElement  - No operator found.
2075 [main] DEBUG fr.expression4j.basic.impl.BinaryOperatorExpressionElement  - No operator found.
2075 [main] DEBUG fr.expression4j.basic.impl.BinaryOperatorExpressionElement  - In parseElement.
2075 [main] DEBUG fr.expression4j.basic.impl.BinaryOperatorExpressionElement  - In parseElement.
2075 [main] DEBUG fr.expression4j.basic.impl.BinaryOperatorExpressionElement  - In parseElement.
2075 [main] DEBUG fr.expression4j.basic.impl.BinaryOperatorExpressionElement  - Current end position: 40
2075 [main] DEBUG fr.expression4j.basic.impl.BinaryOperatorExpressionElement  - Current end position: 40
2075 [main] DEBUG fr.expression4j.basic.impl.BinaryOperatorExpressionElement  - Current end position: 40
2075 [main] DEBUG fr.expression4j.basic.impl.BinaryOperatorExpressionElement  - In checkOperator.
2075 [main] DEBUG fr.expression4j.basic.impl.BinaryOperatorExpressionElement  - In checkOperator.
2075 [main] DEBUG fr.expression4j.basic.impl.BinaryOperatorExpressionElement  - In checkOperator.
2075 [main] DEBUG fr.expression4j.basic.impl.BinaryOperatorExpressionElement  - Operator Multiply not found.
2075 [main] DEBUG fr.expression4j.basic.impl.BinaryOperatorExpressionElement  - Operator Multiply not found.
2075 [main] DEBUG fr.expression4j.basic.impl.BinaryOperatorExpressionElement  - Operator Multiply not found.
2075 [main] DEBUG fr.expression4j.basic.impl.BinaryOperatorExpressionElement  - In checkOperator.
2075 [main] DEBUG fr.expression4j.basic.impl.BinaryOperatorExpressionElement  - In checkOperator.
2075 [main] DEBUG fr.expression4j.basic.impl.BinaryOperatorExpressionElement  - In checkOperator.
2078 [main] DEBUG fr.expression4j.basic.impl.BinaryOperatorExpressionElement  - Operator Divide not found.
2078 [main] DEBUG fr.expression4j.basic.impl.BinaryOperatorExpressionElement  - Operator Divide not found.
2078 [main] DEBUG fr.expression4j.basic.impl.BinaryOperatorExpressionElement  - Operator Divide not found.
2078 [main] DEBUG fr.expression4j.basic.impl.BinaryOperatorExpressionElement  - No operator found.
2078 [main] DEBUG fr.expression4j.basic.impl.BinaryOperatorExpressionElement  - No operator found.
2078 [main] DEBUG fr.expression4j.basic.impl.BinaryOperatorExpressionElement  - No operator found.
2078 [main] DEBUG fr.expression4j.basic.impl.BinaryOperatorExpressionElement  - In parseElement.
2078 [main] DEBUG fr.expression4j.basic.impl.BinaryOperatorExpressionElement  - In parseElement.
2078 [main] DEBUG fr.expression4j.basic.impl.BinaryOperatorExpressionElement  - In parseElement.
2078 [main] DEBUG fr.expression4j.basic.impl.BinaryOperatorExpressionElement  - Current end position: 40
2078 [main] DEBUG fr.expression4j.basic.impl.BinaryOperatorExpressionElement  - Current end position: 40
2078 [main] DEBUG fr.expression4j.basic.impl.BinaryOperatorExpressionElement  - Current end position: 40
2078 [main] DEBUG fr.expression4j.basic.impl.BinaryOperatorExpressionElement  - In checkOperator.
2078 [main] DEBUG fr.expression4j.basic.impl.BinaryOperatorExpressionElement  - In checkOperator.
2078 [main] DEBUG fr.expression4j.basic.impl.BinaryOperatorExpressionElement  - In checkOperator.
2078 [main] DEBUG fr.expression4j.basic.impl.BinaryOperatorExpressionElement  - Operator Plus found.
2078 [main] DEBUG fr.expression4j.basic.impl.BinaryOperatorExpressionElement  - Operator Plus found.
2078 [main] DEBUG fr.expression4j.basic.impl.BinaryOperatorExpressionElement  - Operator Plus found.
2078 [main] DEBUG fr.expression4j.basic.impl.BinaryOperatorExpressionElement  - Found operator Plus
2078 [main] DEBUG fr.expression4j.basic.impl.BinaryOperatorExpressionElement  - Found operator Plus
2078 [main] DEBUG fr.expression4j.basic.impl.BinaryOperatorExpressionElement  - Found operator Plus
2079 [main] DEBUG fr.expression4j.basic.impl.ComplexOrRealExpressionElement  - In parseElement
2079 [main] DEBUG fr.expression4j.basic.impl.ComplexOrRealExpressionElement  - In parseElement
2079 [main] DEBUG fr.expression4j.basic.impl.ComplexOrRealExpressionElement  - In parseElement
2079 [main] DEBUG fr.expression4j.basic.impl.ComplexOrRealExpressionElement  - start position: 41
2079 [main] DEBUG fr.expression4j.basic.impl.ComplexOrRealExpressionElement  - start position: 41
2079 [main] DEBUG fr.expression4j.basic.impl.ComplexOrRealExpressionElement  - start position: 41
2079 [main] DEBUG fr.expression4j.basic.impl.BinaryOperatorExpressionElement  - In parseElement.
2079 [main] DEBUG fr.expression4j.basic.impl.BinaryOperatorExpressionElement  - In parseElement.
2079 [main] DEBUG fr.expression4j.basic.impl.BinaryOperatorExpressionElement  - In parseElement.
2079 [main] DEBUG fr.expression4j.basic.impl.BinaryOperatorExpressionElement  - Current end position: 42
2079 [main] DEBUG fr.expression4j.basic.impl.BinaryOperatorExpressionElement  - Current end position: 42
2079 [main] DEBUG fr.expression4j.basic.impl.BinaryOperatorExpressionElement  - Current end position: 42
2079 [main] DEBUG fr.expression4j.basic.impl.BinaryOperatorExpressionElement  - In checkOperator.
2079 [main] DEBUG fr.expression4j.basic.impl.BinaryOperatorExpressionElement  - In checkOperator.
2079 [main] DEBUG fr.expression4j.basic.impl.BinaryOperatorExpressionElement  - In checkOperator.
2079 [main] DEBUG fr.expression4j.basic.impl.BinaryOperatorExpressionElement  - Operator Pow not found.
2079 [main] DEBUG fr.expression4j.basic.impl.BinaryOperatorExpressionElement  - Operator Pow not found.
2079 [main] DEBUG fr.expression4j.basic.impl.BinaryOperatorExpressionElement  - Operator Pow not found.
2079 [main] DEBUG fr.expression4j.basic.impl.BinaryOperatorExpressionElement  - No operator found.
2079 [main] DEBUG fr.expression4j.basic.impl.BinaryOperatorExpressionElement  - No operator found.
2079 [main] DEBUG fr.expression4j.basic.impl.BinaryOperatorExpressionElement  - No operator found.
2079 [main] DEBUG fr.expression4j.basic.impl.BinaryOperatorExpressionElement  - In parseElement.
2079 [main] DEBUG fr.expression4j.basic.impl.BinaryOperatorExpressionElement  - In parseElement.
2079 [main] DEBUG fr.expression4j.basic.impl.BinaryOperatorExpressionElement  - In parseElement.
2079 [main] DEBUG fr.expression4j.basic.impl.BinaryOperatorExpressionElement  - Current end position: 42
2079 [main] DEBUG fr.expression4j.basic.impl.BinaryOperatorExpressionElement  - Current end position: 42
2079 [main] DEBUG fr.expression4j.basic.impl.BinaryOperatorExpressionElement  - Current end position: 42
2079 [main] DEBUG fr.expression4j.basic.impl.BinaryOperatorExpressionElement  - In checkOperator.
2079 [main] DEBUG fr.expression4j.basic.impl.BinaryOperatorExpressionElement  - In checkOperator.
2079 [main] DEBUG fr.expression4j.basic.impl.BinaryOperatorExpressionElement  - In checkOperator.
2079 [main] DEBUG fr.expression4j.basic.impl.BinaryOperatorExpressionElement  - Operator Multiply not found.
2079 [main] DEBUG fr.expression4j.basic.impl.BinaryOperatorExpressionElement  - Operator Multiply not found.
2079 [main] DEBUG fr.expression4j.basic.impl.BinaryOperatorExpressionElement  - Operator Multiply not found.
2079 [main] DEBUG fr.expression4j.basic.impl.BinaryOperatorExpressionElement  - In checkOperator.
2079 [main] DEBUG fr.expression4j.basic.impl.BinaryOperatorExpressionElement  - In checkOperator.
2079 [main] DEBUG fr.expression4j.basic.impl.BinaryOperatorExpressionElement  - In checkOperator.
2079 [main] DEBUG fr.expression4j.basic.impl.BinaryOperatorExpressionElement  - Operator Divide not found.
2079 [main] DEBUG fr.expression4j.basic.impl.BinaryOperatorExpressionElement  - Operator Divide not found.
2079 [main] DEBUG fr.expression4j.basic.impl.BinaryOperatorExpressionElement  - Operator Divide not found.
2079 [main] DEBUG fr.expression4j.basic.impl.BinaryOperatorExpressionElement  - No operator found.
2079 [main] DEBUG fr.expression4j.basic.impl.BinaryOperatorExpressionElement  - No operator found.
2079 [main] DEBUG fr.expression4j.basic.impl.BinaryOperatorExpressionElement  - No operator found.
2079 [main] DEBUG fr.expression4j.basic.impl.BinaryOperatorExpressionElement  - In parseElement.
2079 [main] DEBUG fr.expression4j.basic.impl.BinaryOperatorExpressionElement  - In parseElement.
2079 [main] DEBUG fr.expression4j.basic.impl.BinaryOperatorExpressionElement  - In parseElement.
2079 [main] DEBUG fr.expression4j.basic.impl.BinaryOperatorExpressionElement  - Current end position: 42
2079 [main] DEBUG fr.expression4j.basic.impl.BinaryOperatorExpressionElement  - Current end position: 42
2079 [main] DEBUG fr.expression4j.basic.impl.BinaryOperatorExpressionElement  - Current end position: 42
2079 [main] DEBUG fr.expression4j.basic.impl.BinaryOperatorExpressionElement  - In checkOperator.
2079 [main] DEBUG fr.expression4j.basic.impl.BinaryOperatorExpressionElement  - In checkOperator.
2079 [main] DEBUG fr.expression4j.basic.impl.BinaryOperatorExpressionElement  - In checkOperator.
2079 [main] DEBUG fr.expression4j.basic.impl.BinaryOperatorExpressionElement  - Operator Plus found.
2079 [main] DEBUG fr.expression4j.basic.impl.BinaryOperatorExpressionElement  - Operator Plus found.
2079 [main] DEBUG fr.expression4j.basic.impl.BinaryOperatorExpressionElement  - Operator Plus found.
2080 [main] DEBUG fr.expression4j.basic.impl.BinaryOperatorExpressionElement  - Found operator Plus
2080 [main] DEBUG fr.expression4j.basic.impl.BinaryOperatorExpressionElement  - Found operator Plus
2080 [main] DEBUG fr.expression4j.basic.impl.BinaryOperatorExpressionElement  - Found operator Plus
2080 [main] DEBUG fr.expression4j.basic.impl.ComplexOrRealExpressionElement  - In parseElement
2080 [main] DEBUG fr.expression4j.basic.impl.ComplexOrRealExpressionElement  - In parseElement
2080 [main] DEBUG fr.expression4j.basic.impl.ComplexOrRealExpressionElement  - In parseElement
2080 [main] DEBUG fr.expression4j.basic.impl.ComplexOrRealExpressionElement  - start position: 43
2080 [main] DEBUG fr.expression4j.basic.impl.ComplexOrRealExpressionElement  - start position: 43
2080 [main] DEBUG fr.expression4j.basic.impl.ComplexOrRealExpressionElement  - start position: 43
2080 [main] DEBUG fr.expression4j.basic.impl.BinaryOperatorExpressionElement  - In parseElement.
2080 [main] DEBUG fr.expression4j.basic.impl.BinaryOperatorExpressionElement  - In parseElement.
2080 [main] DEBUG fr.expression4j.basic.impl.BinaryOperatorExpressionElement  - In parseElement.
2080 [main] DEBUG fr.expression4j.basic.impl.BinaryOperatorExpressionElement  - Current end position: 44
2080 [main] DEBUG fr.expression4j.basic.impl.BinaryOperatorExpressionElement  - Current end position: 44
2080 [main] DEBUG fr.expression4j.basic.impl.BinaryOperatorExpressionElement  - Current end position: 44
2080 [main] DEBUG fr.expression4j.basic.impl.BinaryOperatorExpressionElement  - In checkOperator.
2080 [main] DEBUG fr.expression4j.basic.impl.BinaryOperatorExpressionElement  - In checkOperator.
2080 [main] DEBUG fr.expression4j.basic.impl.BinaryOperatorExpressionElement  - In checkOperator.
2080 [main] DEBUG fr.expression4j.basic.impl.BinaryOperatorExpressionElement  - Operator Pow not found.
2080 [main] DEBUG fr.expression4j.basic.impl.BinaryOperatorExpressionElement  - Operator Pow not found.
2080 [main] DEBUG fr.expression4j.basic.impl.BinaryOperatorExpressionElement  - Operator Pow not found.
2080 [main] DEBUG fr.expression4j.basic.impl.BinaryOperatorExpressionElement  - No operator found.
2080 [main] DEBUG fr.expression4j.basic.impl.BinaryOperatorExpressionElement  - No operator found.
2080 [main] DEBUG fr.expression4j.basic.impl.BinaryOperatorExpressionElement  - No operator found.
2080 [main] DEBUG fr.expression4j.basic.impl.BinaryOperatorExpressionElement  - In parseElement.
2080 [main] DEBUG fr.expression4j.basic.impl.BinaryOperatorExpressionElement  - In parseElement.
2080 [main] DEBUG fr.expression4j.basic.impl.BinaryOperatorExpressionElement  - In parseElement.
2080 [main] DEBUG fr.expression4j.basic.impl.BinaryOperatorExpressionElement  - Current end position: 44
2080 [main] DEBUG fr.expression4j.basic.impl.BinaryOperatorExpressionElement  - Current end position: 44
2080 [main] DEBUG fr.expression4j.basic.impl.BinaryOperatorExpressionElement  - Current end position: 44
2080 [main] DEBUG fr.expression4j.basic.impl.BinaryOperatorExpressionElement  - In checkOperator.
2080 [main] DEBUG fr.expression4j.basic.impl.BinaryOperatorExpressionElement  - In checkOperator.
2080 [main] DEBUG fr.expression4j.basic.impl.BinaryOperatorExpressionElement  - In checkOperator.
2080 [main] DEBUG fr.expression4j.basic.impl.BinaryOperatorExpressionElement  - Operator Multiply not found.
2080 [main] DEBUG fr.expression4j.basic.impl.BinaryOperatorExpressionElement  - Operator Multiply not found.
2080 [main] DEBUG fr.expression4j.basic.impl.BinaryOperatorExpressionElement  - Operator Multiply not found.
2080 [main] DEBUG fr.expression4j.basic.impl.BinaryOperatorExpressionElement  - In checkOperator.
2080 [main] DEBUG fr.expression4j.basic.impl.BinaryOperatorExpressionElement  - In checkOperator.
2080 [main] DEBUG fr.expression4j.basic.impl.BinaryOperatorExpressionElement  - In checkOperator.
2080 [main] DEBUG fr.expression4j.basic.impl.BinaryOperatorExpressionElement  - Operator Divide not found.
2080 [main] DEBUG fr.expression4j.basic.impl.BinaryOperatorExpressionElement  - Operator Divide not found.
2080 [main] DEBUG fr.expression4j.basic.impl.BinaryOperatorExpressionElement  - Operator Divide not found.
2080 [main] DEBUG fr.expression4j.basic.impl.BinaryOperatorExpressionElement  - No operator found.
2080 [main] DEBUG fr.expression4j.basic.impl.BinaryOperatorExpressionElement  - No operator found.
2080 [main] DEBUG fr.expression4j.basic.impl.BinaryOperatorExpressionElement  - No operator found.
2081 [main] DEBUG fr.expression4j.basic.impl.BinaryOperatorExpressionElement  - In parseElement.
2081 [main] DEBUG fr.expression4j.basic.impl.BinaryOperatorExpressionElement  - In parseElement.
2081 [main] DEBUG fr.expression4j.basic.impl.BinaryOperatorExpressionElement  - In parseElement.
2081 [main] DEBUG fr.expression4j.basic.impl.BinaryOperatorExpressionElement  - Current end position: 44
2081 [main] DEBUG fr.expression4j.basic.impl.BinaryOperatorExpressionElement  - Current end position: 44
2081 [main] DEBUG fr.expression4j.basic.impl.BinaryOperatorExpressionElement  - Current end position: 44
2081 [main] DEBUG fr.expression4j.basic.impl.BinaryOperatorExpressionElement  - In checkOperator.
2081 [main] DEBUG fr.expression4j.basic.impl.BinaryOperatorExpressionElement  - In checkOperator.
2081 [main] DEBUG fr.expression4j.basic.impl.BinaryOperatorExpressionElement  - In checkOperator.
2081 [main] DEBUG fr.expression4j.basic.impl.BinaryOperatorExpressionElement  - Operator Plus found.
2081 [main] DEBUG fr.expression4j.basic.impl.BinaryOperatorExpressionElement  - Operator Plus found.
2081 [main] DEBUG fr.expression4j.basic.impl.BinaryOperatorExpressionElement  - Operator Plus found.
2081 [main] DEBUG fr.expression4j.basic.impl.BinaryOperatorExpressionElement  - Found operator Plus
2081 [main] DEBUG fr.expression4j.basic.impl.BinaryOperatorExpressionElement  - Found operator Plus
2081 [main] DEBUG fr.expression4j.basic.impl.BinaryOperatorExpressionElement  - Found operator Plus
2081 [main] DEBUG fr.expression4j.basic.impl.ComplexOrRealExpressionElement  - In parseElement
2081 [main] DEBUG fr.expression4j.basic.impl.ComplexOrRealExpressionElement  - In parseElement
2081 [main] DEBUG fr.expression4j.basic.impl.ComplexOrRealExpressionElement  - In parseElement
2082 [main] DEBUG fr.expression4j.basic.impl.ComplexOrRealExpressionElement  - start position: 45
2082 [main] DEBUG fr.expression4j.basic.impl.ComplexOrRealExpressionElement  - start position: 45
2082 [main] DEBUG fr.expression4j.basic.impl.ComplexOrRealExpressionElement  - start position: 45
2082 [main] DEBUG fr.expression4j.basic.impl.BinaryOperatorExpressionElement  - In parseElement.
2082 [main] DEBUG fr.expression4j.basic.impl.BinaryOperatorExpressionElement  - In parseElement.
2082 [main] DEBUG fr.expression4j.basic.impl.BinaryOperatorExpressionElement  - In parseElement.
2082 [main] DEBUG fr.expression4j.basic.impl.BinaryOperatorExpressionElement  - Current end position: 46
2082 [main] DEBUG fr.expression4j.basic.impl.BinaryOperatorExpressionElement  - Current end position: 46
2082 [main] DEBUG fr.expression4j.basic.impl.BinaryOperatorExpressionElement  - Current end position: 46
2082 [main] DEBUG fr.expression4j.basic.impl.BinaryOperatorExpressionElement  - In checkOperator.
2082 [main] DEBUG fr.expression4j.basic.impl.BinaryOperatorExpressionElement  - In checkOperator.
2082 [main] DEBUG fr.expression4j.basic.impl.BinaryOperatorExpressionElement  - In checkOperator.
2082 [main] DEBUG fr.expression4j.basic.impl.BinaryOperatorExpressionElement  - Operator Pow not found.
2082 [main] DEBUG fr.expression4j.basic.impl.BinaryOperatorExpressionElement  - Operator Pow not found.
2082 [main] DEBUG fr.expression4j.basic.impl.BinaryOperatorExpressionElement  - Operator Pow not found.
2082 [main] DEBUG fr.expression4j.basic.impl.BinaryOperatorExpressionElement  - No operator found.
2082 [main] DEBUG fr.expression4j.basic.impl.BinaryOperatorExpressionElement  - No operator found.
2082 [main] DEBUG fr.expression4j.basic.impl.BinaryOperatorExpressionElement  - No operator found.
2082 [main] DEBUG fr.expression4j.basic.impl.BinaryOperatorExpressionElement  - In parseElement.
2082 [main] DEBUG fr.expression4j.basic.impl.BinaryOperatorExpressionElement  - In parseElement.
2082 [main] DEBUG fr.expression4j.basic.impl.BinaryOperatorExpressionElement  - In parseElement.
2082 [main] DEBUG fr.expression4j.basic.impl.BinaryOperatorExpressionElement  - Current end position: 46
2082 [main] DEBUG fr.expression4j.basic.impl.BinaryOperatorExpressionElement  - Current end position: 46
2082 [main] DEBUG fr.expression4j.basic.impl.BinaryOperatorExpressionElement  - Current end position: 46
2082 [main] DEBUG fr.expression4j.basic.impl.BinaryOperatorExpressionElement  - In checkOperator.
2082 [main] DEBUG fr.expression4j.basic.impl.BinaryOperatorExpressionElement  - In checkOperator.
2082 [main] DEBUG fr.expression4j.basic.impl.BinaryOperatorExpressionElement  - In checkOperator.
2082 [main] DEBUG fr.expression4j.basic.impl.BinaryOperatorExpressionElement  - Operator Multiply not found.
2082 [main] DEBUG fr.expression4j.basic.impl.BinaryOperatorExpressionElement  - Operator Multiply not found.
2082 [main] DEBUG fr.expression4j.basic.impl.BinaryOperatorExpressionElement  - Operator Multiply not found.
2082 [main] DEBUG fr.expression4j.basic.impl.BinaryOperatorExpressionElement  - In checkOperator.
2082 [main] DEBUG fr.expression4j.basic.impl.BinaryOperatorExpressionElement  - In checkOperator.
2082 [main] DEBUG fr.expression4j.basic.impl.BinaryOperatorExpressionElement  - In checkOperator.
2082 [main] DEBUG fr.expression4j.basic.impl.BinaryOperatorExpressionElement  - Operator Divide not found.
2082 [main] DEBUG fr.expression4j.basic.impl.BinaryOperatorExpressionElement  - Operator Divide not found.
2082 [main] DEBUG fr.expression4j.basic.impl.BinaryOperatorExpressionElement  - Operator Divide not found.
2082 [main] DEBUG fr.expression4j.basic.impl.BinaryOperatorExpressionElement  - No operator found.
2082 [main] DEBUG fr.expression4j.basic.impl.BinaryOperatorExpressionElement  - No operator found.
2082 [main] DEBUG fr.expression4j.basic.impl.BinaryOperatorExpressionElement  - No operator found.
2082 [main] DEBUG fr.expression4j.basic.impl.BinaryOperatorExpressionElement  - In parseElement.
2082 [main] DEBUG fr.expression4j.basic.impl.BinaryOperatorExpressionElement  - In parseElement.
2082 [main] DEBUG fr.expression4j.basic.impl.BinaryOperatorExpressionElement  - In parseElement.
2082 [main] DEBUG fr.expression4j.basic.impl.BinaryOperatorExpressionElement  - Current end position: 46
2082 [main] DEBUG fr.expression4j.basic.impl.BinaryOperatorExpressionElement  - Current end position: 46
2082 [main] DEBUG fr.expression4j.basic.impl.BinaryOperatorExpressionElement  - Current end position: 46
2082 [main] DEBUG fr.expression4j.basic.impl.BinaryOperatorExpressionElement  - In checkOperator.
2082 [main] DEBUG fr.expression4j.basic.impl.BinaryOperatorExpressionElement  - In checkOperator.
2082 [main] DEBUG fr.expression4j.basic.impl.BinaryOperatorExpressionElement  - In checkOperator.
2082 [main] DEBUG fr.expression4j.basic.impl.BinaryOperatorExpressionElement  - Operator Plus found.
2082 [main] DEBUG fr.expression4j.basic.impl.BinaryOperatorExpressionElement  - Operator Plus found.
2082 [main] DEBUG fr.expression4j.basic.impl.BinaryOperatorExpressionElement  - Operator Plus found.
2082 [main] DEBUG fr.expression4j.basic.impl.BinaryOperatorExpressionElement  - Found operator Plus
2082 [main] DEBUG fr.expression4j.basic.impl.BinaryOperatorExpressionElement  - Found operator Plus
2082 [main] DEBUG fr.expression4j.basic.impl.BinaryOperatorExpressionElement  - Found operator Plus
2083 [main] DEBUG fr.expression4j.basic.impl.ComplexOrRealExpressionElement  - In parseElement
2083 [main] DEBUG fr.expression4j.basic.impl.ComplexOrRealExpressionElement  - In parseElement
2083 [main] DEBUG fr.expression4j.basic.impl.ComplexOrRealExpressionElement  - In parseElement
2083 [main] DEBUG fr.expression4j.basic.impl.ComplexOrRealExpressionElement  - start position: 47
2083 [main] DEBUG fr.expression4j.basic.impl.ComplexOrRealExpressionElement  - start position: 47
2083 [main] DEBUG fr.expression4j.basic.impl.ComplexOrRealExpressionElement  - start position: 47
2083 [main] DEBUG fr.expression4j.basic.impl.BinaryOperatorExpressionElement  - In parseElement.
2083 [main] DEBUG fr.expression4j.basic.impl.BinaryOperatorExpressionElement  - In parseElement.
2083 [main] DEBUG fr.expression4j.basic.impl.BinaryOperatorExpressionElement  - In parseElement.
2083 [main] DEBUG fr.expression4j.basic.impl.BinaryOperatorExpressionElement  - Current end position: 48
2083 [main] DEBUG fr.expression4j.basic.impl.BinaryOperatorExpressionElement  - Current end position: 48
2083 [main] DEBUG fr.expression4j.basic.impl.BinaryOperatorExpressionElement  - Current end position: 48
2083 [main] DEBUG fr.expression4j.basic.impl.BinaryOperatorExpressionElement  - In checkOperator.
2083 [main] DEBUG fr.expression4j.basic.impl.BinaryOperatorExpressionElement  - In checkOperator.
2083 [main] DEBUG fr.expression4j.basic.impl.BinaryOperatorExpressionElement  - In checkOperator.
2083 [main] DEBUG fr.expression4j.basic.impl.BinaryOperatorExpressionElement  - Operator Pow not found.
2083 [main] DEBUG fr.expression4j.basic.impl.BinaryOperatorExpressionElement  - Operator Pow not found.
2083 [main] DEBUG fr.expression4j.basic.impl.BinaryOperatorExpressionElement  - Operator Pow not found.
2083 [main] DEBUG fr.expression4j.basic.impl.BinaryOperatorExpressionElement  - No operator found.
2083 [main] DEBUG fr.expression4j.basic.impl.BinaryOperatorExpressionElement  - No operator found.
2083 [main] DEBUG fr.expression4j.basic.impl.BinaryOperatorExpressionElement  - No operator found.
2083 [main] DEBUG fr.expression4j.basic.impl.BinaryOperatorExpressionElement  - In parseElement.
2083 [main] DEBUG fr.expression4j.basic.impl.BinaryOperatorExpressionElement  - In parseElement.
2083 [main] DEBUG fr.expression4j.basic.impl.BinaryOperatorExpressionElement  - In parseElement.
2083 [main] DEBUG fr.expression4j.basic.impl.BinaryOperatorExpressionElement  - Current end position: 48
2083 [main] DEBUG fr.expression4j.basic.impl.BinaryOperatorExpressionElement  - Current end position: 48
2083 [main] DEBUG fr.expression4j.basic.impl.BinaryOperatorExpressionElement  - Current end position: 48
2083 [main] DEBUG fr.expression4j.basic.impl.BinaryOperatorExpressionElement  - In checkOperator.
2083 [main] DEBUG fr.expression4j.basic.impl.BinaryOperatorExpressionElement  - In checkOperator.
2083 [main] DEBUG fr.expression4j.basic.impl.BinaryOperatorExpressionElement  - In checkOperator.
2083 [main] DEBUG fr.expression4j.basic.impl.BinaryOperatorExpressionElement  - Operator Multiply not found.
2083 [main] DEBUG fr.expression4j.basic.impl.BinaryOperatorExpressionElement  - Operator Multiply not found.
2083 [main] DEBUG fr.expression4j.basic.impl.BinaryOperatorExpressionElement  - Operator Multiply not found.
2083 [main] DEBUG fr.expression4j.basic.impl.BinaryOperatorExpressionElement  - In checkOperator.
2083 [main] DEBUG fr.expression4j.basic.impl.BinaryOperatorExpressionElement  - In checkOperator.
2083 [main] DEBUG fr.expression4j.basic.impl.BinaryOperatorExpressionElement  - In checkOperator.
2083 [main] DEBUG fr.expression4j.basic.impl.BinaryOperatorExpressionElement  - Operator Divide not found.
2083 [main] DEBUG fr.expression4j.basic.impl.BinaryOperatorExpressionElement  - Operator Divide not found.
2083 [main] DEBUG fr.expression4j.basic.impl.BinaryOperatorExpressionElement  - Operator Divide not found.
2083 [main] DEBUG fr.expression4j.basic.impl.BinaryOperatorExpressionElement  - No operator found.
2083 [main] DEBUG fr.expression4j.basic.impl.BinaryOperatorExpressionElement  - No operator found.
2083 [main] DEBUG fr.expression4j.basic.impl.BinaryOperatorExpressionElement  - No operator found.
2083 [main] DEBUG fr.expression4j.basic.impl.BinaryOperatorExpressionElement  - In parseElement.
2083 [main] DEBUG fr.expression4j.basic.impl.BinaryOperatorExpressionElement  - In parseElement.
2083 [main] DEBUG fr.expression4j.basic.impl.BinaryOperatorExpressionElement  - In parseElement.
2083 [main] DEBUG fr.expression4j.basic.impl.BinaryOperatorExpressionElement  - Current end position: 48
2083 [main] DEBUG fr.expression4j.basic.impl.BinaryOperatorExpressionElement  - Current end position: 48
2083 [main] DEBUG fr.expression4j.basic.impl.BinaryOperatorExpressionElement  - Current end position: 48
2083 [main] DEBUG fr.expression4j.basic.impl.BinaryOperatorExpressionElement  - In checkOperator.
2083 [main] DEBUG fr.expression4j.basic.impl.BinaryOperatorExpressionElement  - In checkOperator.
2083 [main] DEBUG fr.expression4j.basic.impl.BinaryOperatorExpressionElement  - In checkOperator.
2083 [main] DEBUG fr.expression4j.basic.impl.BinaryOperatorExpressionElement  - Operator Plus found.
2083 [main] DEBUG fr.expression4j.basic.impl.BinaryOperatorExpressionElement  - Operator Plus found.
2083 [main] DEBUG fr.expression4j.basic.impl.BinaryOperatorExpressionElement  - Operator Plus found.
2083 [main] DEBUG fr.expression4j.basic.impl.BinaryOperatorExpressionElement  - Found operator Plus
2083 [main] DEBUG fr.expression4j.basic.impl.BinaryOperatorExpressionElement  - Found operator Plus
2083 [main] DEBUG fr.expression4j.basic.impl.BinaryOperatorExpressionElement  - Found operator Plus
2083 [main] DEBUG fr.expression4j.basic.impl.ComplexOrRealExpressionElement  - In parseElement
2083 [main] DEBUG fr.expression4j.basic.impl.ComplexOrRealExpressionElement  - In parseElement
2083 [main] DEBUG fr.expression4j.basic.impl.ComplexOrRealExpressionElement  - In parseElement
2084 [main] DEBUG fr.expression4j.basic.impl.ComplexOrRealExpressionElement  - start position: 49
2084 [main] DEBUG fr.expression4j.basic.impl.ComplexOrRealExpressionElement  - start position: 49
2084 [main] DEBUG fr.expression4j.basic.impl.ComplexOrRealExpressionElement  - start position: 49
2084 [main] DEBUG fr.expression4j.basic.impl.BinaryOperatorExpressionElement  - In parseElement.
2084 [main] DEBUG fr.expression4j.basic.impl.BinaryOperatorExpressionElement  - In parseElement.
2084 [main] DEBUG fr.expression4j.basic.impl.BinaryOperatorExpressionElement  - In parseElement.
2084 [main] DEBUG fr.expression4j.basic.impl.BinaryOperatorExpressionElement  - Current end position: 50
2084 [main] DEBUG fr.expression4j.basic.impl.BinaryOperatorExpressionElement  - Current end position: 50
2084 [main] DEBUG fr.expression4j.basic.impl.BinaryOperatorExpressionElement  - Current end position: 50
2084 [main] DEBUG fr.expression4j.basic.impl.BinaryOperatorExpressionElement  - In checkOperator.
2084 [main] DEBUG fr.expression4j.basic.impl.BinaryOperatorExpressionElement  - In checkOperator.
2084 [main] DEBUG fr.expression4j.basic.impl.BinaryOperatorExpressionElement  - In checkOperator.
2084 [main] DEBUG fr.expression4j.basic.impl.BinaryOperatorExpressionElement  - Operator Pow not found.
2084 [main] DEBUG fr.expression4j.basic.impl.BinaryOperatorExpressionElement  - Operator Pow not found.
2084 [main] DEBUG fr.expression4j.basic.impl.BinaryOperatorExpressionElement  - Operator Pow not found.
2084 [main] DEBUG fr.expression4j.basic.impl.BinaryOperatorExpressionElement  - No operator found.
2084 [main] DEBUG fr.expression4j.basic.impl.BinaryOperatorExpressionElement  - No operator found.
2084 [main] DEBUG fr.expression4j.basic.impl.BinaryOperatorExpressionElement  - No operator found.
2084 [main] DEBUG fr.expression4j.basic.impl.BinaryOperatorExpressionElement  - In parseElement.
2084 [main] DEBUG fr.expression4j.basic.impl.BinaryOperatorExpressionElement  - In parseElement.
2084 [main] DEBUG fr.expression4j.basic.impl.BinaryOperatorExpressionElement  - In parseElement.
2084 [main] DEBUG fr.expression4j.basic.impl.BinaryOperatorExpressionElement  - Current end position: 50
2084 [main] DEBUG fr.expression4j.basic.impl.BinaryOperatorExpressionElement  - Current end position: 50
2084 [main] DEBUG fr.expression4j.basic.impl.BinaryOperatorExpressionElement  - Current end position: 50
2084 [main] DEBUG fr.expression4j.basic.impl.BinaryOperatorExpressionElement  - In checkOperator.
2084 [main] DEBUG fr.expression4j.basic.impl.BinaryOperatorExpressionElement  - In checkOperator.
2084 [main] DEBUG fr.expression4j.basic.impl.BinaryOperatorExpressionElement  - In checkOperator.
2084 [main] DEBUG fr.expression4j.basic.impl.BinaryOperatorExpressionElement  - Operator Multiply not found.
2084 [main] DEBUG fr.expression4j.basic.impl.BinaryOperatorExpressionElement  - Operator Multiply not found.
2084 [main] DEBUG fr.expression4j.basic.impl.BinaryOperatorExpressionElement  - Operator Multiply not found.
2084 [main] DEBUG fr.expression4j.basic.impl.BinaryOperatorExpressionElement  - In checkOperator.
2084 [main] DEBUG fr.expression4j.basic.impl.BinaryOperatorExpressionElement  - In checkOperator.
2084 [main] DEBUG fr.expression4j.basic.impl.BinaryOperatorExpressionElement  - In checkOperator.
2084 [main] DEBUG fr.expression4j.basic.impl.BinaryOperatorExpressionElement  - Operator Divide not found.
2084 [main] DEBUG fr.expression4j.basic.impl.BinaryOperatorExpressionElement  - Operator Divide not found.
2084 [main] DEBUG fr.expression4j.basic.impl.BinaryOperatorExpressionElement  - Operator Divide not found.
2084 [main] DEBUG fr.expression4j.basic.impl.BinaryOperatorExpressionElement  - No operator found.
2084 [main] DEBUG fr.expression4j.basic.impl.BinaryOperatorExpressionElement  - No operator found.
2084 [main] DEBUG fr.expression4j.basic.impl.BinaryOperatorExpressionElement  - No operator found.
2084 [main] DEBUG fr.expression4j.basic.impl.BinaryOperatorExpressionElement  - In parseElement.
2084 [main] DEBUG fr.expression4j.basic.impl.BinaryOperatorExpressionElement  - In parseElement.
2084 [main] DEBUG fr.expression4j.basic.impl.BinaryOperatorExpressionElement  - In parseElement.
2084 [main] DEBUG fr.expression4j.basic.impl.BinaryOperatorExpressionElement  - Current end position: 50
2084 [main] DEBUG fr.expression4j.basic.impl.BinaryOperatorExpressionElement  - Current end position: 50
2084 [main] DEBUG fr.expression4j.basic.impl.BinaryOperatorExpressionElement  - Current end position: 50
2084 [main] DEBUG fr.expression4j.basic.impl.BinaryOperatorExpressionElement  - In checkOperator.
2084 [main] DEBUG fr.expression4j.basic.impl.BinaryOperatorExpressionElement  - In checkOperator.
2084 [main] DEBUG fr.expression4j.basic.impl.BinaryOperatorExpressionElement  - In checkOperator.
2084 [main] DEBUG fr.expression4j.basic.impl.BinaryOperatorExpressionElement  - Operator Plus found.
2084 [main] DEBUG fr.expression4j.basic.impl.BinaryOperatorExpressionElement  - Operator Plus found.
2084 [main] DEBUG fr.expression4j.basic.impl.BinaryOperatorExpressionElement  - Operator Plus found.
2084 [main] DEBUG fr.expression4j.basic.impl.BinaryOperatorExpressionElement  - Found operator Plus
2084 [main] DEBUG fr.expression4j.basic.impl.BinaryOperatorExpressionElement  - Found operator Plus
2084 [main] DEBUG fr.expression4j.basic.impl.BinaryOperatorExpressionElement  - Found operator Plus
2084 [main] DEBUG fr.expression4j.basic.impl.ComplexOrRealExpressionElement  - In parseElement
2084 [main] DEBUG fr.expression4j.basic.impl.ComplexOrRealExpressionElement  - In parseElement
2084 [main] DEBUG fr.expression4j.basic.impl.ComplexOrRealExpressionElement  - In parseElement
2084 [main] DEBUG fr.expression4j.basic.impl.ComplexOrRealExpressionElement  - start position: 51
2084 [main] DEBUG fr.expression4j.basic.impl.ComplexOrRealExpressionElement  - start position: 51
2084 [main] DEBUG fr.expression4j.basic.impl.ComplexOrRealExpressionElement  - start position: 51
2085 [main] DEBUG fr.expression4j.basic.impl.BinaryOperatorExpressionElement  - In parseElement.
2085 [main] DEBUG fr.expression4j.basic.impl.BinaryOperatorExpressionElement  - In parseElement.
2085 [main] DEBUG fr.expression4j.basic.impl.BinaryOperatorExpressionElement  - In parseElement.
2085 [main] DEBUG fr.expression4j.basic.impl.BinaryOperatorExpressionElement  - Current end position: 52
2085 [main] DEBUG fr.expression4j.basic.impl.BinaryOperatorExpressionElement  - Current end position: 52
2085 [main] DEBUG fr.expression4j.basic.impl.BinaryOperatorExpressionElement  - Current end position: 52
2085 [main] DEBUG fr.expression4j.basic.impl.BinaryOperatorExpressionElement  - In checkOperator.
2085 [main] DEBUG fr.expression4j.basic.impl.BinaryOperatorExpressionElement  - In checkOperator.
2085 [main] DEBUG fr.expression4j.basic.impl.BinaryOperatorExpressionElement  - In checkOperator.
2085 [main] DEBUG fr.expression4j.basic.impl.BinaryOperatorExpressionElement  - Operator Pow not found.
2085 [main] DEBUG fr.expression4j.basic.impl.BinaryOperatorExpressionElement  - Operator Pow not found.
2085 [main] DEBUG fr.expression4j.basic.impl.BinaryOperatorExpressionElement  - Operator Pow not found.
2085 [main] DEBUG fr.expression4j.basic.impl.BinaryOperatorExpressionElement  - No operator found.
2085 [main] DEBUG fr.expression4j.basic.impl.BinaryOperatorExpressionElement  - No operator found.
2085 [main] DEBUG fr.expression4j.basic.impl.BinaryOperatorExpressionElement  - No operator found.
2085 [main] DEBUG fr.expression4j.basic.impl.BinaryOperatorExpressionElement  - In parseElement.
2085 [main] DEBUG fr.expression4j.basic.impl.BinaryOperatorExpressionElement  - In parseElement.
2085 [main] DEBUG fr.expression4j.basic.impl.BinaryOperatorExpressionElement  - In parseElement.
2085 [main] DEBUG fr.expression4j.basic.impl.BinaryOperatorExpressionElement  - Current end position: 52
2085 [main] DEBUG fr.expression4j.basic.impl.BinaryOperatorExpressionElement  - Current end position: 52
2085 [main] DEBUG fr.expression4j.basic.impl.BinaryOperatorExpressionElement  - Current end position: 52
2085 [main] DEBUG fr.expression4j.basic.impl.BinaryOperatorExpressionElement  - In checkOperator.
2085 [main] DEBUG fr.expression4j.basic.impl.BinaryOperatorExpressionElement  - In checkOperator.
2085 [main] DEBUG fr.expression4j.basic.impl.BinaryOperatorExpressionElement  - In checkOperator.
2085 [main] DEBUG fr.expression4j.basic.impl.BinaryOperatorExpressionElement  - Operator Multiply not found.
2085 [main] DEBUG fr.expression4j.basic.impl.BinaryOperatorExpressionElement  - Operator Multiply not found.
2085 [main] DEBUG fr.expression4j.basic.impl.BinaryOperatorExpressionElement  - Operator Multiply not found.
2085 [main] DEBUG fr.expression4j.basic.impl.BinaryOperatorExpressionElement  - In checkOperator.
2085 [main] DEBUG fr.expression4j.basic.impl.BinaryOperatorExpressionElement  - In checkOperator.
2085 [main] DEBUG fr.expression4j.basic.impl.BinaryOperatorExpressionElement  - In checkOperator.
2085 [main] DEBUG fr.expression4j.basic.impl.BinaryOperatorExpressionElement  - Operator Divide not found.
2085 [main] DEBUG fr.expression4j.basic.impl.BinaryOperatorExpressionElement  - Operator Divide not found.
2085 [main] DEBUG fr.expression4j.basic.impl.BinaryOperatorExpressionElement  - Operator Divide not found.
2085 [main] DEBUG fr.expression4j.basic.impl.BinaryOperatorExpressionElement  - No operator found.
2085 [main] DEBUG fr.expression4j.basic.impl.BinaryOperatorExpressionElement  - No operator found.
2085 [main] DEBUG fr.expression4j.basic.impl.BinaryOperatorExpressionElement  - No operator found.
2085 [main] DEBUG fr.expression4j.basic.impl.BinaryOperatorExpressionElement  - In parseElement.
2085 [main] DEBUG fr.expression4j.basic.impl.BinaryOperatorExpressionElement  - In parseElement.
2085 [main] DEBUG fr.expression4j.basic.impl.BinaryOperatorExpressionElement  - In parseElement.
2085 [main] DEBUG fr.expression4j.basic.impl.BinaryOperatorExpressionElement  - Current end position: 52
2085 [main] DEBUG fr.expression4j.basic.impl.BinaryOperatorExpressionElement  - Current end position: 52
2085 [main] DEBUG fr.expression4j.basic.impl.BinaryOperatorExpressionElement  - Current end position: 52
2085 [main] DEBUG fr.expression4j.basic.impl.BinaryOperatorExpressionElement  - In checkOperator.
2085 [main] DEBUG fr.expression4j.basic.impl.BinaryOperatorExpressionElement  - In checkOperator.
2085 [main] DEBUG fr.expression4j.basic.impl.BinaryOperatorExpressionElement  - In checkOperator.
2085 [main] DEBUG fr.expression4j.basic.impl.BinaryOperatorExpressionElement  - Operator Plus found.
2085 [main] DEBUG fr.expression4j.basic.impl.BinaryOperatorExpressionElement  - Operator Plus found.
2085 [main] DEBUG fr.expression4j.basic.impl.BinaryOperatorExpressionElement  - Operator Plus found.
2085 [main] DEBUG fr.expression4j.basic.impl.BinaryOperatorExpressionElement  - Found operator Plus
2085 [main] DEBUG fr.expression4j.basic.impl.BinaryOperatorExpressionElement  - Found operator Plus
2085 [main] DEBUG fr.expression4j.basic.impl.BinaryOperatorExpressionElement  - Found operator Plus
2085 [main] DEBUG fr.expression4j.basic.impl.ComplexOrRealExpressionElement  - In parseElement
2085 [main] DEBUG fr.expression4j.basic.impl.ComplexOrRealExpressionElement  - In parseElement
2085 [main] DEBUG fr.expression4j.basic.impl.ComplexOrRealExpressionElement  - In parseElement
2085 [main] DEBUG fr.expression4j.basic.impl.ComplexOrRealExpressionElement  - start position: 53
2085 [main] DEBUG fr.expression4j.basic.impl.ComplexOrRealExpressionElement  - start position: 53
2085 [main] DEBUG fr.expression4j.basic.impl.ComplexOrRealExpressionElement  - start position: 53
2085 [main] DEBUG fr.expression4j.basic.impl.BinaryOperatorExpressionElement  - In parseElement.
2085 [main] DEBUG fr.expression4j.basic.impl.BinaryOperatorExpressionElement  - In parseElement.
2085 [main] DEBUG fr.expression4j.basic.impl.BinaryOperatorExpressionElement  - In parseElement.
2086 [main] DEBUG fr.expression4j.basic.impl.BinaryOperatorExpressionElement  - Current end position: 54
2086 [main] DEBUG fr.expression4j.basic.impl.BinaryOperatorExpressionElement  - Current end position: 54
2086 [main] DEBUG fr.expression4j.basic.impl.BinaryOperatorExpressionElement  - Current end position: 54
2086 [main] DEBUG fr.expression4j.basic.impl.BinaryOperatorExpressionElement  - In checkOperator.
2086 [main] DEBUG fr.expression4j.basic.impl.BinaryOperatorExpressionElement  - In checkOperator.
2086 [main] DEBUG fr.expression4j.basic.impl.BinaryOperatorExpressionElement  - In checkOperator.
2086 [main] DEBUG fr.expression4j.basic.impl.BinaryOperatorExpressionElement  - Operator Pow not found.
2086 [main] DEBUG fr.expression4j.basic.impl.BinaryOperatorExpressionElement  - Operator Pow not found.
2086 [main] DEBUG fr.expression4j.basic.impl.BinaryOperatorExpressionElement  - Operator Pow not found.
2086 [main] DEBUG fr.expression4j.basic.impl.BinaryOperatorExpressionElement  - No operator found.
2086 [main] DEBUG fr.expression4j.basic.impl.BinaryOperatorExpressionElement  - No operator found.
2086 [main] DEBUG fr.expression4j.basic.impl.BinaryOperatorExpressionElement  - No operator found.
2086 [main] DEBUG fr.expression4j.basic.impl.BinaryOperatorExpressionElement  - In parseElement.
2086 [main] DEBUG fr.expression4j.basic.impl.BinaryOperatorExpressionElement  - In parseElement.
2086 [main] DEBUG fr.expression4j.basic.impl.BinaryOperatorExpressionElement  - In parseElement.
2086 [main] DEBUG fr.expression4j.basic.impl.BinaryOperatorExpressionElement  - Current end position: 54
2086 [main] DEBUG fr.expression4j.basic.impl.BinaryOperatorExpressionElement  - Current end position: 54
2086 [main] DEBUG fr.expression4j.basic.impl.BinaryOperatorExpressionElement  - Current end position: 54
2086 [main] DEBUG fr.expression4j.basic.impl.BinaryOperatorExpressionElement  - In checkOperator.
2086 [main] DEBUG fr.expression4j.basic.impl.BinaryOperatorExpressionElement  - In checkOperator.
2086 [main] DEBUG fr.expression4j.basic.impl.BinaryOperatorExpressionElement  - In checkOperator.
2086 [main] DEBUG fr.expression4j.basic.impl.BinaryOperatorExpressionElement  - Operator Multiply not found.
2086 [main] DEBUG fr.expression4j.basic.impl.BinaryOperatorExpressionElement  - Operator Multiply not found.
2086 [main] DEBUG fr.expression4j.basic.impl.BinaryOperatorExpressionElement  - Operator Multiply not found.
2086 [main] DEBUG fr.expression4j.basic.impl.BinaryOperatorExpressionElement  - In checkOperator.
2086 [main] DEBUG fr.expression4j.basic.impl.BinaryOperatorExpressionElement  - In checkOperator.
2086 [main] DEBUG fr.expression4j.basic.impl.BinaryOperatorExpressionElement  - In checkOperator.
2086 [main] DEBUG fr.expression4j.basic.impl.BinaryOperatorExpressionElement  - Operator Divide not found.
2086 [main] DEBUG fr.expression4j.basic.impl.BinaryOperatorExpressionElement  - Operator Divide not found.
2086 [main] DEBUG fr.expression4j.basic.impl.BinaryOperatorExpressionElement  - Operator Divide not found.
2086 [main] DEBUG fr.expression4j.basic.impl.BinaryOperatorExpressionElement  - No operator found.
2086 [main] DEBUG fr.expression4j.basic.impl.BinaryOperatorExpressionElement  - No operator found.
2086 [main] DEBUG fr.expression4j.basic.impl.BinaryOperatorExpressionElement  - No operator found.
2086 [main] DEBUG fr.expression4j.basic.impl.BinaryOperatorExpressionElement  - In parseElement.
2086 [main] DEBUG fr.expression4j.basic.impl.BinaryOperatorExpressionElement  - In parseElement.
2086 [main] DEBUG fr.expression4j.basic.impl.BinaryOperatorExpressionElement  - In parseElement.
2086 [main] DEBUG fr.expression4j.basic.impl.BinaryOperatorExpressionElement  - Current end position: 54
2086 [main] DEBUG fr.expression4j.basic.impl.BinaryOperatorExpressionElement  - Current end position: 54
2086 [main] DEBUG fr.expression4j.basic.impl.BinaryOperatorExpressionElement  - Current end position: 54
2086 [main] DEBUG fr.expression4j.basic.impl.BinaryOperatorExpressionElement  - In checkOperator.
2086 [main] DEBUG fr.expression4j.basic.impl.BinaryOperatorExpressionElement  - In checkOperator.
2086 [main] DEBUG fr.expression4j.basic.impl.BinaryOperatorExpressionElement  - In checkOperator.
2086 [main] DEBUG fr.expression4j.basic.impl.BinaryOperatorExpressionElement  - Operator Plus found.
2086 [main] DEBUG fr.expression4j.basic.impl.BinaryOperatorExpressionElement  - Operator Plus found.
2086 [main] DEBUG fr.expression4j.basic.impl.BinaryOperatorExpressionElement  - Operator Plus found.
2086 [main] DEBUG fr.expression4j.basic.impl.BinaryOperatorExpressionElement  - Found operator Plus
2086 [main] DEBUG fr.expression4j.basic.impl.BinaryOperatorExpressionElement  - Found operator Plus
2086 [main] DEBUG fr.expression4j.basic.impl.BinaryOperatorExpressionElement  - Found operator Plus
2086 [main] DEBUG fr.expression4j.basic.impl.ComplexOrRealExpressionElement  - In parseElement
2086 [main] DEBUG fr.expression4j.basic.impl.ComplexOrRealExpressionElement  - In parseElement
2086 [main] DEBUG fr.expression4j.basic.impl.ComplexOrRealExpressionElement  - In parseElement
2086 [main] DEBUG fr.expression4j.basic.impl.ComplexOrRealExpressionElement  - start position: 55
2086 [main] DEBUG fr.expression4j.basic.impl.ComplexOrRealExpressionElement  - start position: 55
2086 [main] DEBUG fr.expression4j.basic.impl.ComplexOrRealExpressionElement  - start position: 55
2086 [main] DEBUG fr.expression4j.basic.impl.BinaryOperatorExpressionElement  - In parseElement.
2086 [main] DEBUG fr.expression4j.basic.impl.BinaryOperatorExpressionElement  - In parseElement.
2086 [main] DEBUG fr.expression4j.basic.impl.BinaryOperatorExpressionElement  - In parseElement.
2086 [main] DEBUG fr.expression4j.basic.impl.BinaryOperatorExpressionElement  - Current end position: 56
2086 [main] DEBUG fr.expression4j.basic.impl.BinaryOperatorExpressionElement  - Current end position: 56
2086 [main] DEBUG fr.expression4j.basic.impl.BinaryOperatorExpressionElement  - Current end position: 56
2087 [main] DEBUG fr.expression4j.basic.impl.BinaryOperatorExpressionElement  - In checkOperator.
2087 [main] DEBUG fr.expression4j.basic.impl.BinaryOperatorExpressionElement  - In checkOperator.
2087 [main] DEBUG fr.expression4j.basic.impl.BinaryOperatorExpressionElement  - In checkOperator.
2087 [main] DEBUG fr.expression4j.basic.impl.BinaryOperatorExpressionElement  - Operator Pow not found.
2087 [main] DEBUG fr.expression4j.basic.impl.BinaryOperatorExpressionElement  - Operator Pow not found.
[...]
2217 [main] DEBUG fr.expression4j.basic.impl.BinaryOperatorExpressionElement  - In checkOperator.
2217 [main] DEBUG fr.expression4j.basic.impl.BinaryOperatorExpressionElement  - In checkOperator.
2217 [main] DEBUG fr.expression4j.basic.impl.BinaryOperatorExpressionElement  - In checkOperator.
2217 [main] DEBUG fr.expression4j.basic.impl.BinaryOperatorExpressionElement  - Operator Multiply found.
2217 [main] DEBUG fr.expression4j.basic.impl.BinaryOperatorExpressionElement  - Operator Multiply found.
2217 [main] DEBUG fr.expression4j.basic.impl.BinaryOperatorExpressionElement  - Operator Multiply found.
2219 [main] DEBUG fr.expression4j.basic.impl.BinaryOperatorExpressionElement  - Found operator Multiply
2219 [main] DEBUG fr.expression4j.basic.impl.BinaryOperatorExpressionElement  - Found operator Multiply
2219 [main] DEBUG fr.expression4j.basic.impl.BinaryOperatorExpressionElement  - Found operator Multiply
2219 [main] DEBUG fr.expression4j.basic.impl.ComplexOrRealExpressionElement  - In parseElement
2219 [main] DEBUG fr.expression4j.basic.impl.ComplexOrRealExpressionElement  - In parseElement
2219 [main] DEBUG fr.expression4j.basic.impl.ComplexOrRealExpressionElement  - In parseElement
2219 [main] DEBUG fr.expression4j.basic.impl.ComplexOrRealExpressionElement  - start position: 11
2219 [main] DEBUG fr.expression4j.basic.impl.ComplexOrRealExpressionElement  - start position: 11
2219 [main] DEBUG fr.expression4j.basic.impl.ComplexOrRealExpressionElement  - start position: 11
2220 [main] DEBUG fr.expression4j.basic.impl.BinaryOperatorExpressionElement  - In parseElement.
2220 [main] DEBUG fr.expression4j.basic.impl.BinaryOperatorExpressionElement  - In parseElement.
2220 [main] DEBUG fr.expression4j.basic.impl.BinaryOperatorExpressionElement  - In parseElement.
2220 [main] DEBUG fr.expression4j.basic.impl.BinaryOperatorExpressionElement  - Current end position: 12
2220 [main] DEBUG fr.expression4j.basic.impl.BinaryOperatorExpressionElement  - Current end position: 12
2220 [main] DEBUG fr.expression4j.basic.impl.BinaryOperatorExpressionElement  - Current end position: 12
2220 [main] DEBUG fr.expression4j.basic.impl.BinaryOperatorExpressionElement  - In checkOperator.
2220 [main] DEBUG fr.expression4j.basic.impl.BinaryOperatorExpressionElement  - In checkOperator.
2220 [main] DEBUG fr.expression4j.basic.impl.BinaryOperatorExpressionElement  - In checkOperator.
2220 [main] DEBUG fr.expression4j.basic.impl.BinaryOperatorExpressionElement  - Operator Pow not found.
2220 [main] DEBUG fr.expression4j.basic.impl.BinaryOperatorExpressionElement  - Operator Pow not found.
2220 [main] DEBUG fr.expression4j.basic.impl.BinaryOperatorExpressionElement  - Operator Pow not found.
2220 [main] DEBUG fr.expression4j.basic.impl.BinaryOperatorExpressionElement  - No operator found.
2220 [main] DEBUG fr.expression4j.basic.impl.BinaryOperatorExpressionElement  - No operator found.
2220 [main] DEBUG fr.expression4j.basic.impl.BinaryOperatorExpressionElement  - No operator found.
2220 [main] DEBUG fr.expression4j.basic.impl.BinaryOperatorExpressionElement  - In parseElement.
2220 [main] DEBUG fr.expression4j.basic.impl.BinaryOperatorExpressionElement  - In parseElement.
2220 [main] DEBUG fr.expression4j.basic.impl.BinaryOperatorExpressionElement  - In parseElement.
2220 [main] DEBUG fr.expression4j.basic.impl.BinaryOperatorExpressionElement  - Current end position: 12
2220 [main] DEBUG fr.expression4j.basic.impl.BinaryOperatorExpressionElement  - Current end position: 12
2220 [main] DEBUG fr.expression4j.basic.impl.BinaryOperatorExpressionElement  - Current end position: 12
2220 [main] DEBUG fr.expression4j.basic.impl.BinaryOperatorExpressionElement  - In checkOperator.
2220 [main] DEBUG fr.expression4j.basic.impl.BinaryOperatorExpressionElement  - In checkOperator.
2220 [main] DEBUG fr.expression4j.basic.impl.BinaryOperatorExpressionElement  - In checkOperator.
2220 [main] DEBUG fr.expression4j.basic.impl.BinaryOperatorExpressionElement  - Operator Multiply not found.
2220 [main] DEBUG fr.expression4j.basic.impl.BinaryOperatorExpressionElement  - Operator Multiply not found.
2220 [main] DEBUG fr.expression4j.basic.impl.BinaryOperatorExpressionElement  - Operator Multiply not found.
2220 [main] DEBUG fr.expression4j.basic.impl.BinaryOperatorExpressionElement  - In checkOperator.
2220 [main] DEBUG fr.expression4j.basic.impl.BinaryOperatorExpressionElement  - In checkOperator.
2220 [main] DEBUG fr.expression4j.basic.impl.BinaryOperatorExpressionElement  - In checkOperator.
2220 [main] DEBUG fr.expression4j.basic.impl.BinaryOperatorExpressionElement  - Operator Divide not found.
2220 [main] DEBUG fr.expression4j.basic.impl.BinaryOperatorExpressionElement  - Operator Divide not found.
2220 [main] DEBUG fr.expression4j.basic.impl.BinaryOperatorExpressionElement  - Operator Divide not found.
2220 [main] DEBUG fr.expression4j.basic.impl.BinaryOperatorExpressionElement  - No operator found.
2220 [main] DEBUG fr.expression4j.basic.impl.BinaryOperatorExpressionElement  - No operator found.
2220 [main] DEBUG fr.expression4j.basic.impl.BinaryOperatorExpressionElement  - No operator found.
2220 [main] DEBUG fr.expression4j.basic.impl.BinaryOperatorExpressionElement  - In parseElement.
2220 [main] DEBUG fr.expression4j.basic.impl.BinaryOperatorExpressionElement  - In parseElement.
2220 [main] DEBUG fr.expression4j.basic.impl.BinaryOperatorExpressionElement  - In parseElement.
2220 [main] DEBUG fr.expression4j.basic.impl.BinaryOperatorExpressionElement  - Current end position: 12
2220 [main] DEBUG fr.expression4j.basic.impl.BinaryOperatorExpressionElement  - Current end position: 12
2220 [main] DEBUG fr.expression4j.basic.impl.BinaryOperatorExpressionElement  - Current end position: 12
2220 [main] DEBUG fr.expression4j.basic.impl.BinaryOperatorExpressionElement  - In checkOperator.
2220 [main] DEBUG fr.expression4j.basic.impl.BinaryOperatorExpressionElement  - In checkOperator.
2220 [main] DEBUG fr.expression4j.basic.impl.BinaryOperatorExpressionElement  - In checkOperator.
2220 [main] DEBUG fr.expression4j.basic.impl.BinaryOperatorExpressionElement  - Operator Plus not found.
2220 [main] DEBUG fr.expression4j.basic.impl.BinaryOperatorExpressionElement  - Operator Plus not found.
2220 [main] DEBUG fr.expression4j.basic.impl.BinaryOperatorExpressionElement  - Operator Plus not found.
2220 [main] DEBUG fr.expression4j.basic.impl.BinaryOperatorExpressionElement  - In checkOperator.
2220 [main] DEBUG fr.expression4j.basic.impl.BinaryOperatorExpressionElement  - In checkOperator.
2220 [main] DEBUG fr.expression4j.basic.impl.BinaryOperatorExpressionElement  - In checkOperator.
2220 [main] DEBUG fr.expression4j.basic.impl.BinaryOperatorExpressionElement  - Operator Minus not found.
2220 [main] DEBUG fr.expression4j.basic.impl.BinaryOperatorExpressionElement  - Operator Minus not found.
2220 [main] DEBUG fr.expression4j.basic.impl.BinaryOperatorExpressionElement  - Operator Minus not found.
2220 [main] DEBUG fr.expression4j.basic.impl.BinaryOperatorExpressionElement  - No operator found.
2220 [main] DEBUG fr.expression4j.basic.impl.BinaryOperatorExpressionElement  - No operator found.
2220 [main] DEBUG fr.expression4j.basic.impl.BinaryOperatorExpressionElement  - No operator found.
2221 [main] DEBUG fr.expression4j.factory.ExpressionFactory  - Expression created
2221 [main] DEBUG fr.expression4j.factory.ExpressionFactory  - Expression created
2221 [main] DEBUG fr.expression4j.factory.ExpressionFactory  - Expression created
2221 [main] DEBUG fr.expression4j.factory.ExpressionFactory  - Create catalog: Catalog
2221 [main] DEBUG fr.expression4j.factory.ExpressionFactory  - Create catalog: Catalog
2221 [main] DEBUG fr.expression4j.factory.ExpressionFactory  - Create catalog: Catalog
2221 [main] WARN fr.expression4j.factory.ExpressionFactory  - Catalog Catalog already exist.
2221 [main] WARN fr.expression4j.factory.ExpressionFactory  - Catalog Catalog already exist.
2221 [main] WARN fr.expression4j.factory.ExpressionFactory  - Catalog Catalog already exist.
2221 [main] DEBUG fr.expression4j.factory.ExpressionFactory  - Create expression.
2221 [main] DEBUG fr.expression4j.factory.ExpressionFactory  - Create expression.
2221 [main] DEBUG fr.expression4j.factory.ExpressionFactory  - Create expression.
2221 [main] DEBUG fr.expression4j.factory.ExpressionFactory  - Expression to create: f(x)=foo(2*-x)
2221 [main] DEBUG fr.expression4j.factory.ExpressionFactory  - Expression to create: f(x)=foo(2*-x)
2221 [main] DEBUG fr.expression4j.factory.ExpressionFactory  - Expression to create: f(x)=foo(2*-x)
2221 [main] DEBUG fr.expression4j.factory.ExpressionFactory  - Catalog: Catalog
2221 [main] DEBUG fr.expression4j.factory.ExpressionFactory  - Catalog: Catalog
2221 [main] DEBUG fr.expression4j.factory.ExpressionFactory  - Catalog: Catalog
2221 [main] DEBUG fr.expression4j.factory.ExpressionFactory  - Model: default
2221 [main] DEBUG fr.expression4j.factory.ExpressionFactory  - Model: default
2221 [main] DEBUG fr.expression4j.factory.ExpressionFactory  - Model: default
2221 [main] DEBUG fr.expression4j.basic.impl.ComplexOrRealExpressionElement  - In parseElement
2221 [main] DEBUG fr.expression4j.basic.impl.ComplexOrRealExpressionElement  - In parseElement
2221 [main] DEBUG fr.expression4j.basic.impl.ComplexOrRealExpressionElement  - In parseElement
2221 [main] DEBUG fr.expression4j.basic.impl.ComplexOrRealExpressionElement  - start position: 5
2221 [main] DEBUG fr.expression4j.basic.impl.ComplexOrRealExpressionElement  - start position: 5
2221 [main] DEBUG fr.expression4j.basic.impl.ComplexOrRealExpressionElement  - start position: 5
2221 [main] DEBUG fr.expression4j.basic.impl.ComplexOrRealExpressionElement  - In parseElement
2221 [main] DEBUG fr.expression4j.basic.impl.ComplexOrRealExpressionElement  - In parseElement
2221 [main] DEBUG fr.expression4j.basic.impl.ComplexOrRealExpressionElement  - In parseElement
2221 [main] DEBUG fr.expression4j.basic.impl.ComplexOrRealExpressionElement  - start position: 9
2221 [main] DEBUG fr.expression4j.basic.impl.ComplexOrRealExpressionElement  - start position: 9
2221 [main] DEBUG fr.expression4j.basic.impl.ComplexOrRealExpressionElement  - start position: 9
2221 [main] DEBUG fr.expression4j.basic.impl.BinaryOperatorExpressionElement  - In parseElement.
2221 [main] DEBUG fr.expression4j.basic.impl.BinaryOperatorExpressionElement  - In parseElement.
2221 [main] DEBUG fr.expression4j.basic.impl.BinaryOperatorExpressionElement  - In parseElement.
2221 [main] DEBUG fr.expression4j.basic.impl.BinaryOperatorExpressionElement  - Current end position: 10
2221 [main] DEBUG fr.expression4j.basic.impl.BinaryOperatorExpressionElement  - Current end position: 10
2221 [main] DEBUG fr.expression4j.basic.impl.BinaryOperatorExpressionElement  - Current end position: 10
2221 [main] DEBUG fr.expression4j.basic.impl.BinaryOperatorExpressionElement  - In checkOperator.
2221 [main] DEBUG fr.expression4j.basic.impl.BinaryOperatorExpressionElement  - In checkOperator.
2221 [main] DEBUG fr.expression4j.basic.impl.BinaryOperatorExpressionElement  - In checkOperator.
2221 [main] DEBUG fr.expression4j.basic.impl.BinaryOperatorExpressionElement  - Operator Pow not found.
2221 [main] DEBUG fr.expression4j.basic.impl.BinaryOperatorExpressionElement  - Operator Pow not found.
2221 [main] DEBUG fr.expression4j.basic.impl.BinaryOperatorExpressionElement  - Operator Pow not found.
2221 [main] DEBUG fr.expression4j.basic.impl.BinaryOperatorExpressionElement  - No operator found.
2221 [main] DEBUG fr.expression4j.basic.impl.BinaryOperatorExpressionElement  - No operator found.
2221 [main] DEBUG fr.expression4j.basic.impl.BinaryOperatorExpressionElement  - No operator found.
2222 [main] DEBUG fr.expression4j.basic.impl.BinaryOperatorExpressionElement  - In parseElement.
2222 [main] DEBUG fr.expression4j.basic.impl.BinaryOperatorExpressionElement  - In parseElement.
2222 [main] DEBUG fr.expression4j.basic.impl.BinaryOperatorExpressionElement  - In parseElement.
2222 [main] DEBUG fr.expression4j.basic.impl.BinaryOperatorExpressionElement  - Current end position: 10
2222 [main] DEBUG fr.expression4j.basic.impl.BinaryOperatorExpressionElement  - Current end position: 10
2222 [main] DEBUG fr.expression4j.basic.impl.BinaryOperatorExpressionElement  - Current end position: 10
2222 [main] DEBUG fr.expression4j.basic.impl.BinaryOperatorExpressionElement  - In checkOperator.
2222 [main] DEBUG fr.expression4j.basic.impl.BinaryOperatorExpressionElement  - In checkOperator.
2222 [main] DEBUG fr.expression4j.basic.impl.BinaryOperatorExpressionElement  - In checkOperator.
2222 [main] DEBUG fr.expression4j.basic.impl.BinaryOperatorExpressionElement  - Operator Multiply found.
2222 [main] DEBUG fr.expression4j.basic.impl.BinaryOperatorExpressionElement  - Operator Multiply found.
2222 [main] DEBUG fr.expression4j.basic.impl.BinaryOperatorExpressionElement  - Operator Multiply found.
2222 [main] DEBUG fr.expression4j.basic.impl.BinaryOperatorExpressionElement  - Found operator Multiply
2222 [main] DEBUG fr.expression4j.basic.impl.BinaryOperatorExpressionElement  - Found operator Multiply
2222 [main] DEBUG fr.expression4j.basic.impl.BinaryOperatorExpressionElement  - Found operator Multiply
2222 [main] DEBUG fr.expression4j.basic.impl.ComplexOrRealExpressionElement  - In parseElement
2222 [main] DEBUG fr.expression4j.basic.impl.ComplexOrRealExpressionElement  - In parseElement
2222 [main] DEBUG fr.expression4j.basic.impl.ComplexOrRealExpressionElement  - In parseElement
2222 [main] DEBUG fr.expression4j.basic.impl.ComplexOrRealExpressionElement  - start position: 12
2222 [main] DEBUG fr.expression4j.basic.impl.ComplexOrRealExpressionElement  - start position: 12
2222 [main] DEBUG fr.expression4j.basic.impl.ComplexOrRealExpressionElement  - start position: 12
2222 [main] DEBUG fr.expression4j.basic.impl.BinaryOperatorExpressionElement  - In parseElement.
2222 [main] DEBUG fr.expression4j.basic.impl.BinaryOperatorExpressionElement  - In parseElement.
2222 [main] DEBUG fr.expression4j.basic.impl.BinaryOperatorExpressionElement  - In parseElement.
2222 [main] DEBUG fr.expression4j.basic.impl.BinaryOperatorExpressionElement  - Current end position: 13
2222 [main] DEBUG fr.expression4j.basic.impl.BinaryOperatorExpressionElement  - Current end position: 13
2222 [main] DEBUG fr.expression4j.basic.impl.BinaryOperatorExpressionElement  - Current end position: 13
2222 [main] DEBUG fr.expression4j.basic.impl.BinaryOperatorExpressionElement  - In checkOperator.
2222 [main] DEBUG fr.expression4j.basic.impl.BinaryOperatorExpressionElement  - In checkOperator.
2222 [main] DEBUG fr.expression4j.basic.impl.BinaryOperatorExpressionElement  - In checkOperator.
2222 [main] DEBUG fr.expression4j.basic.impl.BinaryOperatorExpressionElement  - Operator Pow not found.
2222 [main] DEBUG fr.expression4j.basic.impl.BinaryOperatorExpressionElement  - Operator Pow not found.
2222 [main] DEBUG fr.expression4j.basic.impl.BinaryOperatorExpressionElement  - Operator Pow not found.
2222 [main] DEBUG fr.expression4j.basic.impl.BinaryOperatorExpressionElement  - No operator found.
2222 [main] DEBUG fr.expression4j.basic.impl.BinaryOperatorExpressionElement  - No operator found.
2222 [main] DEBUG fr.expression4j.basic.impl.BinaryOperatorExpressionElement  - No operator found.
2222 [main] DEBUG fr.expression4j.basic.impl.BinaryOperatorExpressionElement  - In parseElement.
2222 [main] DEBUG fr.expression4j.basic.impl.BinaryOperatorExpressionElement  - In parseElement.
2222 [main] DEBUG fr.expression4j.basic.impl.BinaryOperatorExpressionElement  - In parseElement.
2222 [main] DEBUG fr.expression4j.basic.impl.BinaryOperatorExpressionElement  - Current end position: 13
2222 [main] DEBUG fr.expression4j.basic.impl.BinaryOperatorExpressionElement  - Current end position: 13
2222 [main] DEBUG fr.expression4j.basic.impl.BinaryOperatorExpressionElement  - Current end position: 13
2222 [main] DEBUG fr.expression4j.basic.impl.BinaryOperatorExpressionElement  - In checkOperator.
2222 [main] DEBUG fr.expression4j.basic.impl.BinaryOperatorExpressionElement  - In checkOperator.
2222 [main] DEBUG fr.expression4j.basic.impl.BinaryOperatorExpressionElement  - In checkOperator.
2222 [main] DEBUG fr.expression4j.basic.impl.BinaryOperatorExpressionElement  - Operator Multiply not found.
2222 [main] DEBUG fr.expression4j.basic.impl.BinaryOperatorExpressionElement  - Operator Multiply not found.
2222 [main] DEBUG fr.expression4j.basic.impl.BinaryOperatorExpressionElement  - Operator Multiply not found.
2222 [main] DEBUG fr.expression4j.basic.impl.BinaryOperatorExpressionElement  - In checkOperator.
2222 [main] DEBUG fr.expression4j.basic.impl.BinaryOperatorExpressionElement  - In checkOperator.
2222 [main] DEBUG fr.expression4j.basic.impl.BinaryOperatorExpressionElement  - In checkOperator.
2222 [main] DEBUG fr.expression4j.basic.impl.BinaryOperatorExpressionElement  - Operator Divide not found.
2222 [main] DEBUG fr.expression4j.basic.impl.BinaryOperatorExpressionElement  - Operator Divide not found.
2222 [main] DEBUG fr.expression4j.basic.impl.BinaryOperatorExpressionElement  - Operator Divide not found.
2222 [main] DEBUG fr.expression4j.basic.impl.BinaryOperatorExpressionElement  - No operator found.
2222 [main] DEBUG fr.expression4j.basic.impl.BinaryOperatorExpressionElement  - No operator found.
2222 [main] DEBUG fr.expression4j.basic.impl.BinaryOperatorExpressionElement  - No operator found.
2223 [main] DEBUG fr.expression4j.basic.impl.BinaryOperatorExpressionElement  - In parseElement.
2223 [main] DEBUG fr.expression4j.basic.impl.BinaryOperatorExpressionElement  - In parseElement.
2223 [main] DEBUG fr.expression4j.basic.impl.BinaryOperatorExpressionElement  - In parseElement.
2223 [main] DEBUG fr.expression4j.basic.impl.BinaryOperatorExpressionElement  - Current end position: 13
2223 [main] DEBUG fr.expression4j.basic.impl.BinaryOperatorExpressionElement  - Current end position: 13
2223 [main] DEBUG fr.expression4j.basic.impl.BinaryOperatorExpressionElement  - Current end position: 13
2223 [main] DEBUG fr.expression4j.basic.impl.BinaryOperatorExpressionElement  - In checkOperator.
2223 [main] DEBUG fr.expression4j.basic.impl.BinaryOperatorExpressionElement  - In checkOperator.
2223 [main] DEBUG fr.expression4j.basic.impl.BinaryOperatorExpressionElement  - In checkOperator.
2223 [main] DEBUG fr.expression4j.basic.impl.BinaryOperatorExpressionElement  - Operator Plus not found.
2223 [main] DEBUG fr.expression4j.basic.impl.BinaryOperatorExpressionElement  - Operator Plus not found.
2223 [main] DEBUG fr.expression4j.basic.impl.BinaryOperatorExpressionElement  - Operator Plus not found.
2223 [main] DEBUG fr.expression4j.basic.impl.BinaryOperatorExpressionElement  - In checkOperator.
2223 [main] DEBUG fr.expression4j.basic.impl.BinaryOperatorExpressionElement  - In checkOperator.
2223 [main] DEBUG fr.expression4j.basic.impl.BinaryOperatorExpressionElement  - In checkOperator.
2223 [main] DEBUG fr.expression4j.basic.impl.BinaryOperatorExpressionElement  - Operator Minus not found.
2223 [main] DEBUG fr.expression4j.basic.impl.BinaryOperatorExpressionElement  - Operator Minus not found.
2223 [main] DEBUG fr.expression4j.basic.impl.BinaryOperatorExpressionElement  - Operator Minus not found.
2223 [main] DEBUG fr.expression4j.basic.impl.BinaryOperatorExpressionElement  - No operator found.
2223 [main] DEBUG fr.expression4j.basic.impl.BinaryOperatorExpressionElement  - No operator found.
2223 [main] DEBUG fr.expression4j.basic.impl.BinaryOperatorExpressionElement  - No operator found.
2223 [main] DEBUG fr.expression4j.factory.ExpressionFactory  - Expression created
2223 [main] DEBUG fr.expression4j.factory.ExpressionFactory  - Expression created
2223 [main] DEBUG fr.expression4j.factory.ExpressionFactory  - Expression created
]]></system-out>
  <system-err><![CDATA[]]></system-err>
</testsuite>
