<?xml version="1.0" encoding="UTF-8" ?>
<testsuite errors="0" failures="0" name="fr.expression4j.test.BasicTest" tests="26" time="0.253">
  <properties>
[...]
</properties>
  <testcase classname="fr.expression4j.test.basic.TestGenericOperator" name="testOperatorPlus" time="0.0020"></testcase>
  <testcase classname="fr.expression4j.test.basic.TestGenericOperator" name="testOperatorMinus" time="0.0010"></testcase>
  <testcase classname="fr.expression4j.test.basic.TestGenericOperator" name="testOperatorMultiply" time="0.0010"></testcase>
  <testcase classname="fr.expression4j.test.basic.TestGenericOperator" name="testOperatorDivide" time="0.0010"></testcase>
  <testcase classname="fr.expression4j.test.basic.TestGenericOperator" name="testOperatorPow" time="0.0010"></testcase>
  <testcase classname="fr.expression4j.test.basic.TestGenericOperator" name="testOperatorUnaryPlus" time="0.0010"></testcase>
  <testcase classname="fr.expression4j.test.basic.TestGenericOperator" name="testOperatorUnaryMinus" time="0.0010"></testcase>
  <testcase classname="fr.expression4j.test.basic.TestOperator" name="testGenericOperator1" time="0.0010"></testcase>
  <testcase classname="fr.expression4j.test.basic.TestOperator" name="testGenericOperator2" time="0.0"></testcase>
  <testcase classname="fr.expression4j.test.basic.TestExpressionElement" name="testBinaryOperatorExpressionElement" time="0.022"></testcase>
  <testcase classname="fr.expression4j.test.basic.TestExpressionElement" name="testBinaryOperatorExpressionElementForCustomOperator" time="0.0020"></testcase>
  <testcase classname="fr.expression4j.test.basic.TestExpressionElement" name="testComplexOrRealExpressionElement" time="0.024"></testcase>
  <testcase classname="fr.expression4j.test.basic.TestExpressionElement" name="testConstantOrVariableExpressionElement" time="0.024"></testcase>
  <testcase classname="fr.expression4j.test.basic.TestExpressionElement" name="testConstantOrVariableExpressionElementWithoutCheck" time="0.0010"></testcase>
  <testcase classname="fr.expression4j.test.basic.TestExpressionElement" name="testFunctionDefExpressionElementWithoutCheck" time="0.0020"></testcase>
  <testcase classname="fr.expression4j.test.basic.TestExpressionElement" name="testFunctionExpressionElement" time="0.061"></testcase>
  <testcase classname="fr.expression4j.test.basic.TestExpressionElement" name="testFunctionNameExpressionElement" time="0.0"></testcase>
  <testcase classname="fr.expression4j.test.basic.TestExpressionElement" name="testIntegerExpressionElement" time="0.0"></testcase>
  <testcase classname="fr.expression4j.test.basic.TestExpressionElement" name="testParametersDefExpressionElement" time="0.0"></testcase>
  <testcase classname="fr.expression4j.test.basic.TestExpressionElement" name="testParametersExpressionElement" time="0.025"></testcase>
  <testcase classname="fr.expression4j.test.basic.TestExpressionElement2" name="testRealExpressionElement" time="0.0"></testcase>
  <testcase classname="fr.expression4j.test.basic.TestExpressionElement2" name="testRealSimpleExpressionElement" time="0.0010"></testcase>
  <testcase classname="fr.expression4j.test.basic.TestExpressionElement2" name="testSignedExpressionExpressionElement" time="0.0040"></testcase>
  <testcase classname="fr.expression4j.test.basic.TestExpressionElement2" name="testUnaryOperatorExpressionElement" time="0.0"></testcase>
  <testcase classname="fr.expression4j.test.basic.TestExpressionElement2" name="testParenthesisExpressionElement" time="0.052"></testcase>
  <testcase classname="fr.expression4j.test.basic.TestExpressionElement2" name="testSimpleExpressionExpressionElement" time="0.014"></testcase>
  <system-out><![CDATA[2689 [main] DEBUG fr.expression4j.basic.impl.BinaryOperatorExpressionElement  - In parseElement.
2689 [main] DEBUG fr.expression4j.basic.impl.BinaryOperatorExpressionElement  - In parseElement.
2689 [main] DEBUG fr.expression4j.basic.impl.BinaryOperatorExpressionElement  - In parseElement.
2689 [main] DEBUG fr.expression4j.basic.impl.BinaryOperatorExpressionElement  - In parseElement.
2689 [main] DEBUG fr.expression4j.basic.impl.BinaryOperatorExpressionElement  - Current end position: 0
2689 [main] DEBUG fr.expression4j.basic.impl.BinaryOperatorExpressionElement  - Current end position: 0
2689 [main] DEBUG fr.expression4j.basic.impl.BinaryOperatorExpressionElement  - Current end position: 0
2689 [main] DEBUG fr.expression4j.basic.impl.BinaryOperatorExpressionElement  - Current end position: 0
2689 [main] DEBUG fr.expression4j.basic.impl.BinaryOperatorExpressionElement  - In checkOperator.
2689 [main] DEBUG fr.expression4j.basic.impl.BinaryOperatorExpressionElement  - In checkOperator.
2689 [main] DEBUG fr.expression4j.basic.impl.BinaryOperatorExpressionElement  - In checkOperator.
2689 [main] DEBUG fr.expression4j.basic.impl.BinaryOperatorExpressionElement  - In checkOperator.
2690 [main] DEBUG fr.expression4j.basic.impl.BinaryOperatorExpressionElement  - Operator plus found.
2690 [main] DEBUG fr.expression4j.basic.impl.BinaryOperatorExpressionElement  - Operator plus found.
2690 [main] DEBUG fr.expression4j.basic.impl.BinaryOperatorExpressionElement  - Operator plus found.
2690 [main] DEBUG fr.expression4j.basic.impl.BinaryOperatorExpressionElement  - Operator plus found.
2690 [main] DEBUG fr.expression4j.basic.impl.BinaryOperatorExpressionElement  - Found operator plus
2690 [main] DEBUG fr.expression4j.basic.impl.BinaryOperatorExpressionElement  - Found operator plus
2690 [main] DEBUG fr.expression4j.basic.impl.BinaryOperatorExpressionElement  - Found operator plus
2690 [main] DEBUG fr.expression4j.basic.impl.BinaryOperatorExpressionElement  - Found operator plus
2692 [main] DEBUG fr.expression4j.basic.impl.BinaryOperatorExpressionElement  - In parseElement.
2692 [main] DEBUG fr.expression4j.basic.impl.BinaryOperatorExpressionElement  - In parseElement.
2692 [main] DEBUG fr.expression4j.basic.impl.BinaryOperatorExpressionElement  - In parseElement.
2692 [main] DEBUG fr.expression4j.basic.impl.BinaryOperatorExpressionElement  - In parseElement.
2693 [main] DEBUG fr.expression4j.basic.impl.BinaryOperatorExpressionElement  - Current end position: 0
2693 [main] DEBUG fr.expression4j.basic.impl.BinaryOperatorExpressionElement  - Current end position: 0
2693 [main] DEBUG fr.expression4j.basic.impl.BinaryOperatorExpressionElement  - Current end position: 0
2693 [main] DEBUG fr.expression4j.basic.impl.BinaryOperatorExpressionElement  - Current end position: 0
2693 [main] DEBUG fr.expression4j.basic.impl.BinaryOperatorExpressionElement  - In checkOperator.
2693 [main] DEBUG fr.expression4j.basic.impl.BinaryOperatorExpressionElement  - In checkOperator.
2693 [main] DEBUG fr.expression4j.basic.impl.BinaryOperatorExpressionElement  - In checkOperator.
2693 [main] DEBUG fr.expression4j.basic.impl.BinaryOperatorExpressionElement  - In checkOperator.
2693 [main] DEBUG fr.expression4j.basic.impl.BinaryOperatorExpressionElement  - Operator plus not found.
2693 [main] DEBUG fr.expression4j.basic.impl.BinaryOperatorExpressionElement  - Operator plus not found.
2693 [main] DEBUG fr.expression4j.basic.impl.BinaryOperatorExpressionElement  - Operator plus not found.
2693 [main] DEBUG fr.expression4j.basic.impl.BinaryOperatorExpressionElement  - Operator plus not found.
2693 [main] DEBUG fr.expression4j.basic.impl.BinaryOperatorExpressionElement  - In checkOperator.
2693 [main] DEBUG fr.expression4j.basic.impl.BinaryOperatorExpressionElement  - In checkOperator.
2693 [main] DEBUG fr.expression4j.basic.impl.BinaryOperatorExpressionElement  - In checkOperator.
2693 [main] DEBUG fr.expression4j.basic.impl.BinaryOperatorExpressionElement  - In checkOperator.
2693 [main] DEBUG fr.expression4j.basic.impl.BinaryOperatorExpressionElement  - Operator minus not found.
2693 [main] DEBUG fr.expression4j.basic.impl.BinaryOperatorExpressionElement  - Operator minus not found.
2693 [main] DEBUG fr.expression4j.basic.impl.BinaryOperatorExpressionElement  - Operator minus not found.
2693 [main] DEBUG fr.expression4j.basic.impl.BinaryOperatorExpressionElement  - Operator minus not found.
2693 [main] DEBUG fr.expression4j.basic.impl.BinaryOperatorExpressionElement  - In checkOperator.
2693 [main] DEBUG fr.expression4j.basic.impl.BinaryOperatorExpressionElement  - In checkOperator.
2693 [main] DEBUG fr.expression4j.basic.impl.BinaryOperatorExpressionElement  - In checkOperator.
2693 [main] DEBUG fr.expression4j.basic.impl.BinaryOperatorExpressionElement  - In checkOperator.
2693 [main] DEBUG fr.expression4j.basic.impl.BinaryOperatorExpressionElement  - Operator and found.
2693 [main] DEBUG fr.expression4j.basic.impl.BinaryOperatorExpressionElement  - Operator and found.
2693 [main] DEBUG fr.expression4j.basic.impl.BinaryOperatorExpressionElement  - Operator and found.
2693 [main] DEBUG fr.expression4j.basic.impl.BinaryOperatorExpressionElement  - Operator and found.
2693 [main] DEBUG fr.expression4j.basic.impl.BinaryOperatorExpressionElement  - Found operator and
2693 [main] DEBUG fr.expression4j.basic.impl.BinaryOperatorExpressionElement  - Found operator and
2693 [main] DEBUG fr.expression4j.basic.impl.BinaryOperatorExpressionElement  - Found operator and
2693 [main] DEBUG fr.expression4j.basic.impl.BinaryOperatorExpressionElement  - Found operator and
2694 [main] DEBUG fr.expression4j.basic.impl.ComplexOrRealExpressionElement  - In parseElement
2694 [main] DEBUG fr.expression4j.basic.impl.ComplexOrRealExpressionElement  - In parseElement
2694 [main] DEBUG fr.expression4j.basic.impl.ComplexOrRealExpressionElement  - In parseElement
2694 [main] DEBUG fr.expression4j.basic.impl.ComplexOrRealExpressionElement  - In parseElement
2694 [main] DEBUG fr.expression4j.basic.impl.ComplexOrRealExpressionElement  - start position: 0
2694 [main] DEBUG fr.expression4j.basic.impl.ComplexOrRealExpressionElement  - start position: 0
2694 [main] DEBUG fr.expression4j.basic.impl.ComplexOrRealExpressionElement  - start position: 0
2694 [main] DEBUG fr.expression4j.basic.impl.ComplexOrRealExpressionElement  - start position: 0
2714 [main] DEBUG fr.expression4j.basic.impl.ComplexOrRealExpressionElement  - In parseElement
2714 [main] DEBUG fr.expression4j.basic.impl.ComplexOrRealExpressionElement  - In parseElement
2714 [main] DEBUG fr.expression4j.basic.impl.ComplexOrRealExpressionElement  - In parseElement
2714 [main] DEBUG fr.expression4j.basic.impl.ComplexOrRealExpressionElement  - In parseElement
2714 [main] DEBUG fr.expression4j.basic.impl.ComplexOrRealExpressionElement  - start position: 0
2714 [main] DEBUG fr.expression4j.basic.impl.ComplexOrRealExpressionElement  - start position: 0
2714 [main] DEBUG fr.expression4j.basic.impl.ComplexOrRealExpressionElement  - start position: 0
2714 [main] DEBUG fr.expression4j.basic.impl.ComplexOrRealExpressionElement  - start position: 0
2714 [main] DEBUG fr.expression4j.basic.impl.ComplexOrRealExpressionElement  - In parseElement
2714 [main] DEBUG fr.expression4j.basic.impl.ComplexOrRealExpressionElement  - In parseElement
2714 [main] DEBUG fr.expression4j.basic.impl.ComplexOrRealExpressionElement  - In parseElement
2714 [main] DEBUG fr.expression4j.basic.impl.ComplexOrRealExpressionElement  - In parseElement
2714 [main] DEBUG fr.expression4j.basic.impl.ComplexOrRealExpressionElement  - start position: 0
2714 [main] DEBUG fr.expression4j.basic.impl.ComplexOrRealExpressionElement  - start position: 0
2714 [main] DEBUG fr.expression4j.basic.impl.ComplexOrRealExpressionElement  - start position: 0
2714 [main] DEBUG fr.expression4j.basic.impl.ComplexOrRealExpressionElement  - start position: 0
2714 [main] DEBUG fr.expression4j.basic.impl.ComplexOrRealExpressionElement  - In parseElement
2714 [main] DEBUG fr.expression4j.basic.impl.ComplexOrRealExpressionElement  - In parseElement
2714 [main] DEBUG fr.expression4j.basic.impl.ComplexOrRealExpressionElement  - In parseElement
2714 [main] DEBUG fr.expression4j.basic.impl.ComplexOrRealExpressionElement  - In parseElement
2714 [main] DEBUG fr.expression4j.basic.impl.ComplexOrRealExpressionElement  - start position: 0
2714 [main] DEBUG fr.expression4j.basic.impl.ComplexOrRealExpressionElement  - start position: 0
2714 [main] DEBUG fr.expression4j.basic.impl.ComplexOrRealExpressionElement  - start position: 0
2714 [main] DEBUG fr.expression4j.basic.impl.ComplexOrRealExpressionElement  - start position: 0
2716 [main] DEBUG fr.expression4j.basic.impl.ComplexImpl  - In constructor: real: 0.0 complex: 2.34
2716 [main] DEBUG fr.expression4j.basic.impl.ComplexImpl  - In constructor: real: 0.0 complex: 2.34
2716 [main] DEBUG fr.expression4j.basic.impl.ComplexImpl  - In constructor: real: 0.0 complex: 2.34
2716 [main] DEBUG fr.expression4j.basic.impl.ComplexImpl  - In constructor: real: 0.0 complex: 2.34
2716 [main] DEBUG fr.expression4j.basic.impl.ComplexOrRealExpressionElement  - In parseElement
2716 [main] DEBUG fr.expression4j.basic.impl.ComplexOrRealExpressionElement  - In parseElement
2716 [main] DEBUG fr.expression4j.basic.impl.ComplexOrRealExpressionElement  - In parseElement
2716 [main] DEBUG fr.expression4j.basic.impl.ComplexOrRealExpressionElement  - In parseElement
2716 [main] DEBUG fr.expression4j.basic.impl.ComplexOrRealExpressionElement  - start position: 0
2716 [main] DEBUG fr.expression4j.basic.impl.ComplexOrRealExpressionElement  - start position: 0
2716 [main] DEBUG fr.expression4j.basic.impl.ComplexOrRealExpressionElement  - start position: 0
2716 [main] DEBUG fr.expression4j.basic.impl.ComplexOrRealExpressionElement  - start position: 0
2717 [main] DEBUG fr.expression4j.basic.impl.ComplexImpl  - In constructor: real: 0.0 complex: 2.34
2717 [main] DEBUG fr.expression4j.basic.impl.ComplexImpl  - In constructor: real: 0.0 complex: 2.34
2717 [main] DEBUG fr.expression4j.basic.impl.ComplexImpl  - In constructor: real: 0.0 complex: 2.34
2717 [main] DEBUG fr.expression4j.basic.impl.ComplexImpl  - In constructor: real: 0.0 complex: 2.34
2717 [main] DEBUG fr.expression4j.basic.impl.ComplexOrRealExpressionElement  - In parseElement
2717 [main] DEBUG fr.expression4j.basic.impl.ComplexOrRealExpressionElement  - In parseElement
2717 [main] DEBUG fr.expression4j.basic.impl.ComplexOrRealExpressionElement  - In parseElement
2717 [main] DEBUG fr.expression4j.basic.impl.ComplexOrRealExpressionElement  - In parseElement
2717 [main] DEBUG fr.expression4j.basic.impl.ComplexOrRealExpressionElement  - start position: 0
2717 [main] DEBUG fr.expression4j.basic.impl.ComplexOrRealExpressionElement  - start position: 0
2717 [main] DEBUG fr.expression4j.basic.impl.ComplexOrRealExpressionElement  - start position: 0
2717 [main] DEBUG fr.expression4j.basic.impl.ComplexOrRealExpressionElement  - start position: 0
2717 [main] DEBUG fr.expression4j.basic.impl.ComplexImpl  - In constructor: real: 0.0 complex: 234.0
2717 [main] DEBUG fr.expression4j.basic.impl.ComplexImpl  - In constructor: real: 0.0 complex: 234.0
2717 [main] DEBUG fr.expression4j.basic.impl.ComplexImpl  - In constructor: real: 0.0 complex: 234.0
2717 [main] DEBUG fr.expression4j.basic.impl.ComplexImpl  - In constructor: real: 0.0 complex: 234.0
2722 [main] DEBUG fr.expression4j.factory.ExpressionFactory  - Initialize factory
2722 [main] DEBUG fr.expression4j.factory.ExpressionFactory  - Initialize factory
2722 [main] DEBUG fr.expression4j.factory.ExpressionFactory  - Initialize factory
2722 [main] DEBUG fr.expression4j.factory.ExpressionFactory  - Initialize factory
2722 [main] DEBUG fr.expression4j.factory.ExpressionFactory  - Initialize factory
2740 [main] DEBUG fr.expression4j.factory.ExpressionFactory  - Factory initialised
2740 [main] DEBUG fr.expression4j.factory.ExpressionFactory  - Factory initialised
2740 [main] DEBUG fr.expression4j.factory.ExpressionFactory  - Factory initialised
2740 [main] DEBUG fr.expression4j.factory.ExpressionFactory  - Factory initialised
2740 [main] DEBUG fr.expression4j.factory.ExpressionFactory  - Factory initialised
2740 [main] DEBUG fr.expression4j.factory.ExpressionFactory  - Create catalog: catalog
2740 [main] DEBUG fr.expression4j.factory.ExpressionFactory  - Create catalog: catalog
2740 [main] DEBUG fr.expression4j.factory.ExpressionFactory  - Create catalog: catalog
2740 [main] DEBUG fr.expression4j.factory.ExpressionFactory  - Create catalog: catalog
2740 [main] DEBUG fr.expression4j.factory.ExpressionFactory  - Create catalog: catalog
2741 [main] DEBUG fr.expression4j.factory.ExpressionFactory  - Create catalog: Catalog
2741 [main] DEBUG fr.expression4j.factory.ExpressionFactory  - Create catalog: Catalog
2741 [main] DEBUG fr.expression4j.factory.ExpressionFactory  - Create catalog: Catalog
2741 [main] DEBUG fr.expression4j.factory.ExpressionFactory  - Create catalog: Catalog
2741 [main] DEBUG fr.expression4j.factory.ExpressionFactory  - Create catalog: Catalog
2744 [main] DEBUG fr.expression4j.factory.ExpressionFactory  - Create expression.
2744 [main] DEBUG fr.expression4j.factory.ExpressionFactory  - Create expression.
2744 [main] DEBUG fr.expression4j.factory.ExpressionFactory  - Create expression.
2744 [main] DEBUG fr.expression4j.factory.ExpressionFactory  - Create expression.
2744 [main] DEBUG fr.expression4j.factory.ExpressionFactory  - Create expression.
2746 [main] DEBUG fr.expression4j.factory.ExpressionFactory  - Expression to create: foo()=23
2746 [main] DEBUG fr.expression4j.factory.ExpressionFactory  - Expression to create: foo()=23
2746 [main] DEBUG fr.expression4j.factory.ExpressionFactory  - Expression to create: foo()=23
2746 [main] DEBUG fr.expression4j.factory.ExpressionFactory  - Expression to create: foo()=23
2746 [main] DEBUG fr.expression4j.factory.ExpressionFactory  - Expression to create: foo()=23
2747 [main] DEBUG fr.expression4j.factory.ExpressionFactory  - Catalog: general
2747 [main] DEBUG fr.expression4j.factory.ExpressionFactory  - Catalog: general
2747 [main] DEBUG fr.expression4j.factory.ExpressionFactory  - Catalog: general
2747 [main] DEBUG fr.expression4j.factory.ExpressionFactory  - Catalog: general
2747 [main] DEBUG fr.expression4j.factory.ExpressionFactory  - Catalog: general
2747 [main] DEBUG fr.expression4j.factory.ExpressionFactory  - Model: default
2747 [main] DEBUG fr.expression4j.factory.ExpressionFactory  - Model: default
2747 [main] DEBUG fr.expression4j.factory.ExpressionFactory  - Model: default
2747 [main] DEBUG fr.expression4j.factory.ExpressionFactory  - Model: default
2747 [main] DEBUG fr.expression4j.factory.ExpressionFactory  - Model: default
2789 [main] DEBUG fr.expression4j.basic.impl.ComplexOrRealExpressionElement  - In parseElement
2789 [main] DEBUG fr.expression4j.basic.impl.ComplexOrRealExpressionElement  - In parseElement
2789 [main] DEBUG fr.expression4j.basic.impl.ComplexOrRealExpressionElement  - In parseElement
2789 [main] DEBUG fr.expression4j.basic.impl.ComplexOrRealExpressionElement  - In parseElement
2789 [main] DEBUG fr.expression4j.basic.impl.ComplexOrRealExpressionElement  - In parseElement
2789 [main] DEBUG fr.expression4j.basic.impl.ComplexOrRealExpressionElement  - start position: 6
2789 [main] DEBUG fr.expression4j.basic.impl.ComplexOrRealExpressionElement  - start position: 6
2789 [main] DEBUG fr.expression4j.basic.impl.ComplexOrRealExpressionElement  - start position: 6
2789 [main] DEBUG fr.expression4j.basic.impl.ComplexOrRealExpressionElement  - start position: 6
2789 [main] DEBUG fr.expression4j.basic.impl.ComplexOrRealExpressionElement  - start position: 6
2789 [main] DEBUG fr.expression4j.factory.ExpressionFactory  - Expression created
2789 [main] DEBUG fr.expression4j.factory.ExpressionFactory  - Expression created
2789 [main] DEBUG fr.expression4j.factory.ExpressionFactory  - Expression created
2789 [main] DEBUG fr.expression4j.factory.ExpressionFactory  - Expression created
2789 [main] DEBUG fr.expression4j.factory.ExpressionFactory  - Expression created
2790 [main] DEBUG fr.expression4j.factory.ExpressionFactory  - Create expression.
2790 [main] DEBUG fr.expression4j.factory.ExpressionFactory  - Create expression.
2790 [main] DEBUG fr.expression4j.factory.ExpressionFactory  - Create expression.
2790 [main] DEBUG fr.expression4j.factory.ExpressionFactory  - Create expression.
2790 [main] DEBUG fr.expression4j.factory.ExpressionFactory  - Create expression.
2790 [main] DEBUG fr.expression4j.factory.ExpressionFactory  - Expression to create: foo23()=23
2790 [main] DEBUG fr.expression4j.factory.ExpressionFactory  - Expression to create: foo23()=23
2790 [main] DEBUG fr.expression4j.factory.ExpressionFactory  - Expression to create: foo23()=23
2790 [main] DEBUG fr.expression4j.factory.ExpressionFactory  - Expression to create: foo23()=23
2790 [main] DEBUG fr.expression4j.factory.ExpressionFactory  - Expression to create: foo23()=23
2790 [main] DEBUG fr.expression4j.factory.ExpressionFactory  - Catalog: general
2790 [main] DEBUG fr.expression4j.factory.ExpressionFactory  - Catalog: general
2790 [main] DEBUG fr.expression4j.factory.ExpressionFactory  - Catalog: general
2790 [main] DEBUG fr.expression4j.factory.ExpressionFactory  - Catalog: general
2790 [main] DEBUG fr.expression4j.factory.ExpressionFactory  - Catalog: general
2790 [main] DEBUG fr.expression4j.factory.ExpressionFactory  - Model: default
2790 [main] DEBUG fr.expression4j.factory.ExpressionFactory  - Model: default
2790 [main] DEBUG fr.expression4j.factory.ExpressionFactory  - Model: default
2790 [main] DEBUG fr.expression4j.factory.ExpressionFactory  - Model: default
2790 [main] DEBUG fr.expression4j.factory.ExpressionFactory  - Model: default
2790 [main] DEBUG fr.expression4j.basic.impl.ComplexOrRealExpressionElement  - In parseElement
2790 [main] DEBUG fr.expression4j.basic.impl.ComplexOrRealExpressionElement  - In parseElement
2790 [main] DEBUG fr.expression4j.basic.impl.ComplexOrRealExpressionElement  - In parseElement
2790 [main] DEBUG fr.expression4j.basic.impl.ComplexOrRealExpressionElement  - In parseElement
2790 [main] DEBUG fr.expression4j.basic.impl.ComplexOrRealExpressionElement  - In parseElement
2790 [main] DEBUG fr.expression4j.basic.impl.ComplexOrRealExpressionElement  - start position: 8
2790 [main] DEBUG fr.expression4j.basic.impl.ComplexOrRealExpressionElement  - start position: 8
2790 [main] DEBUG fr.expression4j.basic.impl.ComplexOrRealExpressionElement  - start position: 8
2790 [main] DEBUG fr.expression4j.basic.impl.ComplexOrRealExpressionElement  - start position: 8
2790 [main] DEBUG fr.expression4j.basic.impl.ComplexOrRealExpressionElement  - start position: 8
2790 [main] DEBUG fr.expression4j.factory.ExpressionFactory  - Expression created
2790 [main] DEBUG fr.expression4j.factory.ExpressionFactory  - Expression created
2790 [main] DEBUG fr.expression4j.factory.ExpressionFactory  - Expression created
2790 [main] DEBUG fr.expression4j.factory.ExpressionFactory  - Expression created
2790 [main] DEBUG fr.expression4j.factory.ExpressionFactory  - Expression created
2790 [main] DEBUG fr.expression4j.factory.ExpressionFactory  - Create expression.
2790 [main] DEBUG fr.expression4j.factory.ExpressionFactory  - Create expression.
2790 [main] DEBUG fr.expression4j.factory.ExpressionFactory  - Create expression.
2790 [main] DEBUG fr.expression4j.factory.ExpressionFactory  - Create expression.
2790 [main] DEBUG fr.expression4j.factory.ExpressionFactory  - Create expression.
2791 [main] DEBUG fr.expression4j.factory.ExpressionFactory  - Expression to create: foo23(x)=23
2791 [main] DEBUG fr.expression4j.factory.ExpressionFactory  - Expression to create: foo23(x)=23
2791 [main] DEBUG fr.expression4j.factory.ExpressionFactory  - Expression to create: foo23(x)=23
2791 [main] DEBUG fr.expression4j.factory.ExpressionFactory  - Expression to create: foo23(x)=23
2791 [main] DEBUG fr.expression4j.factory.ExpressionFactory  - Expression to create: foo23(x)=23
2791 [main] DEBUG fr.expression4j.factory.ExpressionFactory  - Catalog: general
2791 [main] DEBUG fr.expression4j.factory.ExpressionFactory  - Catalog: general
2791 [main] DEBUG fr.expression4j.factory.ExpressionFactory  - Catalog: general
2791 [main] DEBUG fr.expression4j.factory.ExpressionFactory  - Catalog: general
2791 [main] DEBUG fr.expression4j.factory.ExpressionFactory  - Catalog: general
2791 [main] DEBUG fr.expression4j.factory.ExpressionFactory  - Model: default
2791 [main] DEBUG fr.expression4j.factory.ExpressionFactory  - Model: default
2791 [main] DEBUG fr.expression4j.factory.ExpressionFactory  - Model: default
2791 [main] DEBUG fr.expression4j.factory.ExpressionFactory  - Model: default
2791 [main] DEBUG fr.expression4j.factory.ExpressionFactory  - Model: default
2791 [main] DEBUG fr.expression4j.basic.impl.ComplexOrRealExpressionElement  - In parseElement
2791 [main] DEBUG fr.expression4j.basic.impl.ComplexOrRealExpressionElement  - In parseElement
2791 [main] DEBUG fr.expression4j.basic.impl.ComplexOrRealExpressionElement  - In parseElement
2791 [main] DEBUG fr.expression4j.basic.impl.ComplexOrRealExpressionElement  - In parseElement
2791 [main] DEBUG fr.expression4j.basic.impl.ComplexOrRealExpressionElement  - In parseElement
2791 [main] DEBUG fr.expression4j.basic.impl.ComplexOrRealExpressionElement  - start position: 9
2791 [main] DEBUG fr.expression4j.basic.impl.ComplexOrRealExpressionElement  - start position: 9
2791 [main] DEBUG fr.expression4j.basic.impl.ComplexOrRealExpressionElement  - start position: 9
2791 [main] DEBUG fr.expression4j.basic.impl.ComplexOrRealExpressionElement  - start position: 9
2791 [main] DEBUG fr.expression4j.basic.impl.ComplexOrRealExpressionElement  - start position: 9
2791 [main] DEBUG fr.expression4j.factory.ExpressionFactory  - Expression created
2791 [main] DEBUG fr.expression4j.factory.ExpressionFactory  - Expression created
2791 [main] DEBUG fr.expression4j.factory.ExpressionFactory  - Expression created
2791 [main] DEBUG fr.expression4j.factory.ExpressionFactory  - Expression created
2791 [main] DEBUG fr.expression4j.factory.ExpressionFactory  - Expression created
2791 [main] DEBUG fr.expression4j.basic.impl.ComplexOrRealExpressionElement  - In parseElement
2791 [main] DEBUG fr.expression4j.basic.impl.ComplexOrRealExpressionElement  - In parseElement
2791 [main] DEBUG fr.expression4j.basic.impl.ComplexOrRealExpressionElement  - In parseElement
2791 [main] DEBUG fr.expression4j.basic.impl.ComplexOrRealExpressionElement  - In parseElement
2791 [main] DEBUG fr.expression4j.basic.impl.ComplexOrRealExpressionElement  - In parseElement
2792 [main] DEBUG fr.expression4j.basic.impl.ComplexOrRealExpressionElement  - start position: 6
2792 [main] DEBUG fr.expression4j.basic.impl.ComplexOrRealExpressionElement  - start position: 6
2792 [main] DEBUG fr.expression4j.basic.impl.ComplexOrRealExpressionElement  - start position: 6
2792 [main] DEBUG fr.expression4j.basic.impl.ComplexOrRealExpressionElement  - start position: 6
2792 [main] DEBUG fr.expression4j.basic.impl.ComplexOrRealExpressionElement  - start position: 6
2792 [main] DEBUG fr.expression4j.basic.impl.BinaryOperatorExpressionElement  - In parseElement.
2792 [main] DEBUG fr.expression4j.basic.impl.BinaryOperatorExpressionElement  - In parseElement.
2792 [main] DEBUG fr.expression4j.basic.impl.BinaryOperatorExpressionElement  - In parseElement.
2792 [main] DEBUG fr.expression4j.basic.impl.BinaryOperatorExpressionElement  - In parseElement.
2792 [main] DEBUG fr.expression4j.basic.impl.BinaryOperatorExpressionElement  - In parseElement.
2792 [main] DEBUG fr.expression4j.basic.impl.BinaryOperatorExpressionElement  - Current end position: 7
2792 [main] DEBUG fr.expression4j.basic.impl.BinaryOperatorExpressionElement  - Current end position: 7
2792 [main] DEBUG fr.expression4j.basic.impl.BinaryOperatorExpressionElement  - Current end position: 7
2792 [main] DEBUG fr.expression4j.basic.impl.BinaryOperatorExpressionElement  - Current end position: 7
2792 [main] DEBUG fr.expression4j.basic.impl.BinaryOperatorExpressionElement  - Current end position: 7
2792 [main] DEBUG fr.expression4j.basic.impl.BinaryOperatorExpressionElement  - In checkOperator.
2792 [main] DEBUG fr.expression4j.basic.impl.BinaryOperatorExpressionElement  - In checkOperator.
2792 [main] DEBUG fr.expression4j.basic.impl.BinaryOperatorExpressionElement  - In checkOperator.
2792 [main] DEBUG fr.expression4j.basic.impl.BinaryOperatorExpressionElement  - In checkOperator.
2792 [main] DEBUG fr.expression4j.basic.impl.BinaryOperatorExpressionElement  - In checkOperator.
2792 [main] DEBUG fr.expression4j.basic.impl.BinaryOperatorExpressionElement  - Operator Pow not found.
2792 [main] DEBUG fr.expression4j.basic.impl.BinaryOperatorExpressionElement  - Operator Pow not found.
2792 [main] DEBUG fr.expression4j.basic.impl.BinaryOperatorExpressionElement  - Operator Pow not found.
2792 [main] DEBUG fr.expression4j.basic.impl.BinaryOperatorExpressionElement  - Operator Pow not found.
2792 [main] DEBUG fr.expression4j.basic.impl.BinaryOperatorExpressionElement  - Operator Pow not found.
2792 [main] DEBUG fr.expression4j.basic.impl.BinaryOperatorExpressionElement  - No operator found.
2792 [main] DEBUG fr.expression4j.basic.impl.BinaryOperatorExpressionElement  - No operator found.
2792 [main] DEBUG fr.expression4j.basic.impl.BinaryOperatorExpressionElement  - No operator found.
2792 [main] DEBUG fr.expression4j.basic.impl.BinaryOperatorExpressionElement  - No operator found.
2792 [main] DEBUG fr.expression4j.basic.impl.BinaryOperatorExpressionElement  - No operator found.
2792 [main] DEBUG fr.expression4j.basic.impl.BinaryOperatorExpressionElement  - In parseElement.
2792 [main] DEBUG fr.expression4j.basic.impl.BinaryOperatorExpressionElement  - In parseElement.
2792 [main] DEBUG fr.expression4j.basic.impl.BinaryOperatorExpressionElement  - In parseElement.
2792 [main] DEBUG fr.expression4j.basic.impl.BinaryOperatorExpressionElement  - In parseElement.
2792 [main] DEBUG fr.expression4j.basic.impl.BinaryOperatorExpressionElement  - In parseElement.
2792 [main] DEBUG fr.expression4j.basic.impl.BinaryOperatorExpressionElement  - Current end position: 7
2792 [main] DEBUG fr.expression4j.basic.impl.BinaryOperatorExpressionElement  - Current end position: 7
2792 [main] DEBUG fr.expression4j.basic.impl.BinaryOperatorExpressionElement  - Current end position: 7
2792 [main] DEBUG fr.expression4j.basic.impl.BinaryOperatorExpressionElement  - Current end position: 7
2792 [main] DEBUG fr.expression4j.basic.impl.BinaryOperatorExpressionElement  - Current end position: 7
2792 [main] DEBUG fr.expression4j.basic.impl.BinaryOperatorExpressionElement  - In checkOperator.
2792 [main] DEBUG fr.expression4j.basic.impl.BinaryOperatorExpressionElement  - In checkOperator.
2792 [main] DEBUG fr.expression4j.basic.impl.BinaryOperatorExpressionElement  - In checkOperator.
2792 [main] DEBUG fr.expression4j.basic.impl.BinaryOperatorExpressionElement  - In checkOperator.
2792 [main] DEBUG fr.expression4j.basic.impl.BinaryOperatorExpressionElement  - In checkOperator.
2792 [main] DEBUG fr.expression4j.basic.impl.BinaryOperatorExpressionElement  - Operator Multiply not found.
2792 [main] DEBUG fr.expression4j.basic.impl.BinaryOperatorExpressionElement  - Operator Multiply not found.
2792 [main] DEBUG fr.expression4j.basic.impl.BinaryOperatorExpressionElement  - Operator Multiply not found.
2792 [main] DEBUG fr.expression4j.basic.impl.BinaryOperatorExpressionElement  - Operator Multiply not found.
2792 [main] DEBUG fr.expression4j.basic.impl.BinaryOperatorExpressionElement  - Operator Multiply not found.
2793 [main] DEBUG fr.expression4j.basic.impl.BinaryOperatorExpressionElement  - In checkOperator.
2793 [main] DEBUG fr.expression4j.basic.impl.BinaryOperatorExpressionElement  - In checkOperator.
2793 [main] DEBUG fr.expression4j.basic.impl.BinaryOperatorExpressionElement  - In checkOperator.
2793 [main] DEBUG fr.expression4j.basic.impl.BinaryOperatorExpressionElement  - In checkOperator.
2793 [main] DEBUG fr.expression4j.basic.impl.BinaryOperatorExpressionElement  - In checkOperator.
2793 [main] DEBUG fr.expression4j.basic.impl.BinaryOperatorExpressionElement  - Operator Divide not found.
2793 [main] DEBUG fr.expression4j.basic.impl.BinaryOperatorExpressionElement  - Operator Divide not found.
2793 [main] DEBUG fr.expression4j.basic.impl.BinaryOperatorExpressionElement  - Operator Divide not found.
2793 [main] DEBUG fr.expression4j.basic.impl.BinaryOperatorExpressionElement  - Operator Divide not found.
2793 [main] DEBUG fr.expression4j.basic.impl.BinaryOperatorExpressionElement  - Operator Divide not found.
2793 [main] DEBUG fr.expression4j.basic.impl.BinaryOperatorExpressionElement  - No operator found.
2793 [main] DEBUG fr.expression4j.basic.impl.BinaryOperatorExpressionElement  - No operator found.
2793 [main] DEBUG fr.expression4j.basic.impl.BinaryOperatorExpressionElement  - No operator found.
2793 [main] DEBUG fr.expression4j.basic.impl.BinaryOperatorExpressionElement  - No operator found.
2793 [main] DEBUG fr.expression4j.basic.impl.BinaryOperatorExpressionElement  - No operator found.
2793 [main] DEBUG fr.expression4j.basic.impl.BinaryOperatorExpressionElement  - In parseElement.
2793 [main] DEBUG fr.expression4j.basic.impl.BinaryOperatorExpressionElement  - In parseElement.
2793 [main] DEBUG fr.expression4j.basic.impl.BinaryOperatorExpressionElement  - In parseElement.
2793 [main] DEBUG fr.expression4j.basic.impl.BinaryOperatorExpressionElement  - In parseElement.
2793 [main] DEBUG fr.expression4j.basic.impl.BinaryOperatorExpressionElement  - In parseElement.
2793 [main] DEBUG fr.expression4j.basic.impl.BinaryOperatorExpressionElement  - Current end position: 7
2793 [main] DEBUG fr.expression4j.basic.impl.BinaryOperatorExpressionElement  - Current end position: 7
2793 [main] DEBUG fr.expression4j.basic.impl.BinaryOperatorExpressionElement  - Current end position: 7
2793 [main] DEBUG fr.expression4j.basic.impl.BinaryOperatorExpressionElement  - Current end position: 7
2793 [main] DEBUG fr.expression4j.basic.impl.BinaryOperatorExpressionElement  - Current end position: 7
2793 [main] DEBUG fr.expression4j.basic.impl.BinaryOperatorExpressionElement  - In checkOperator.
2793 [main] DEBUG fr.expression4j.basic.impl.BinaryOperatorExpressionElement  - In checkOperator.
2793 [main] DEBUG fr.expression4j.basic.impl.BinaryOperatorExpressionElement  - In checkOperator.
2793 [main] DEBUG fr.expression4j.basic.impl.BinaryOperatorExpressionElement  - In checkOperator.
2793 [main] DEBUG fr.expression4j.basic.impl.BinaryOperatorExpressionElement  - In checkOperator.
2793 [main] DEBUG fr.expression4j.basic.impl.BinaryOperatorExpressionElement  - Operator Plus not found.
2793 [main] DEBUG fr.expression4j.basic.impl.BinaryOperatorExpressionElement  - Operator Plus not found.
2793 [main] DEBUG fr.expression4j.basic.impl.BinaryOperatorExpressionElement  - Operator Plus not found.
2793 [main] DEBUG fr.expression4j.basic.impl.BinaryOperatorExpressionElement  - Operator Plus not found.
2793 [main] DEBUG fr.expression4j.basic.impl.BinaryOperatorExpressionElement  - Operator Plus not found.
2793 [main] DEBUG fr.expression4j.basic.impl.BinaryOperatorExpressionElement  - In checkOperator.
2793 [main] DEBUG fr.expression4j.basic.impl.BinaryOperatorExpressionElement  - In checkOperator.
2793 [main] DEBUG fr.expression4j.basic.impl.BinaryOperatorExpressionElement  - In checkOperator.
2793 [main] DEBUG fr.expression4j.basic.impl.BinaryOperatorExpressionElement  - In checkOperator.
2793 [main] DEBUG fr.expression4j.basic.impl.BinaryOperatorExpressionElement  - In checkOperator.
2793 [main] DEBUG fr.expression4j.basic.impl.BinaryOperatorExpressionElement  - Operator Minus not found.
2793 [main] DEBUG fr.expression4j.basic.impl.BinaryOperatorExpressionElement  - Operator Minus not found.
2793 [main] DEBUG fr.expression4j.basic.impl.BinaryOperatorExpressionElement  - Operator Minus not found.
2793 [main] DEBUG fr.expression4j.basic.impl.BinaryOperatorExpressionElement  - Operator Minus not found.
2793 [main] DEBUG fr.expression4j.basic.impl.BinaryOperatorExpressionElement  - Operator Minus not found.
2793 [main] DEBUG fr.expression4j.basic.impl.BinaryOperatorExpressionElement  - No operator found.
2793 [main] DEBUG fr.expression4j.basic.impl.BinaryOperatorExpressionElement  - No operator found.
2793 [main] DEBUG fr.expression4j.basic.impl.BinaryOperatorExpressionElement  - No operator found.
2793 [main] DEBUG fr.expression4j.basic.impl.BinaryOperatorExpressionElement  - No operator found.
2793 [main] DEBUG fr.expression4j.basic.impl.BinaryOperatorExpressionElement  - No operator found.
2793 [main] DEBUG fr.expression4j.factory.ExpressionFactory  - Create expression.
2793 [main] DEBUG fr.expression4j.factory.ExpressionFactory  - Create expression.
2793 [main] DEBUG fr.expression4j.factory.ExpressionFactory  - Create expression.
2793 [main] DEBUG fr.expression4j.factory.ExpressionFactory  - Create expression.
2793 [main] DEBUG fr.expression4j.factory.ExpressionFactory  - Create expression.
2794 [main] DEBUG fr.expression4j.factory.ExpressionFactory  - Expression to create: foo23(x,y,z)=23
2794 [main] DEBUG fr.expression4j.factory.ExpressionFactory  - Expression to create: foo23(x,y,z)=23
2794 [main] DEBUG fr.expression4j.factory.ExpressionFactory  - Expression to create: foo23(x,y,z)=23
2794 [main] DEBUG fr.expression4j.factory.ExpressionFactory  - Expression to create: foo23(x,y,z)=23
2794 [main] DEBUG fr.expression4j.factory.ExpressionFactory  - Expression to create: foo23(x,y,z)=23
2794 [main] DEBUG fr.expression4j.factory.ExpressionFactory  - Catalog: general
2794 [main] DEBUG fr.expression4j.factory.ExpressionFactory  - Catalog: general
2794 [main] DEBUG fr.expression4j.factory.ExpressionFactory  - Catalog: general
2794 [main] DEBUG fr.expression4j.factory.ExpressionFactory  - Catalog: general
2794 [main] DEBUG fr.expression4j.factory.ExpressionFactory  - Catalog: general
2794 [main] DEBUG fr.expression4j.factory.ExpressionFactory  - Model: default
2794 [main] DEBUG fr.expression4j.factory.ExpressionFactory  - Model: default
2794 [main] DEBUG fr.expression4j.factory.ExpressionFactory  - Model: default
2794 [main] DEBUG fr.expression4j.factory.ExpressionFactory  - Model: default
2794 [main] DEBUG fr.expression4j.factory.ExpressionFactory  - Model: default
2794 [main] DEBUG fr.expression4j.basic.impl.ComplexOrRealExpressionElement  - In parseElement
2794 [main] DEBUG fr.expression4j.basic.impl.ComplexOrRealExpressionElement  - In parseElement
2794 [main] DEBUG fr.expression4j.basic.impl.ComplexOrRealExpressionElement  - In parseElement
2794 [main] DEBUG fr.expression4j.basic.impl.ComplexOrRealExpressionElement  - In parseElement
2794 [main] DEBUG fr.expression4j.basic.impl.ComplexOrRealExpressionElement  - In parseElement
2794 [main] DEBUG fr.expression4j.basic.impl.ComplexOrRealExpressionElement  - start position: 13
2794 [main] DEBUG fr.expression4j.basic.impl.ComplexOrRealExpressionElement  - start position: 13
2794 [main] DEBUG fr.expression4j.basic.impl.ComplexOrRealExpressionElement  - start position: 13
2794 [main] DEBUG fr.expression4j.basic.impl.ComplexOrRealExpressionElement  - start position: 13
2794 [main] DEBUG fr.expression4j.basic.impl.ComplexOrRealExpressionElement  - start position: 13
2794 [main] DEBUG fr.expression4j.factory.ExpressionFactory  - Expression created
2794 [main] DEBUG fr.expression4j.factory.ExpressionFactory  - Expression created
2794 [main] DEBUG fr.expression4j.factory.ExpressionFactory  - Expression created
2794 [main] DEBUG fr.expression4j.factory.ExpressionFactory  - Expression created
2794 [main] DEBUG fr.expression4j.factory.ExpressionFactory  - Expression created
2794 [main] DEBUG fr.expression4j.basic.impl.ComplexOrRealExpressionElement  - In parseElement
2794 [main] DEBUG fr.expression4j.basic.impl.ComplexOrRealExpressionElement  - In parseElement
2794 [main] DEBUG fr.expression4j.basic.impl.ComplexOrRealExpressionElement  - In parseElement
2794 [main] DEBUG fr.expression4j.basic.impl.ComplexOrRealExpressionElement  - In parseElement
2794 [main] DEBUG fr.expression4j.basic.impl.ComplexOrRealExpressionElement  - In parseElement
2794 [main] DEBUG fr.expression4j.basic.impl.ComplexOrRealExpressionElement  - start position: 6
2794 [main] DEBUG fr.expression4j.basic.impl.ComplexOrRealExpressionElement  - start position: 6
2794 [main] DEBUG fr.expression4j.basic.impl.ComplexOrRealExpressionElement  - start position: 6
2794 [main] DEBUG fr.expression4j.basic.impl.ComplexOrRealExpressionElement  - start position: 6
2794 [main] DEBUG fr.expression4j.basic.impl.ComplexOrRealExpressionElement  - start position: 6
2794 [main] DEBUG fr.expression4j.basic.impl.BinaryOperatorExpressionElement  - In parseElement.
2794 [main] DEBUG fr.expression4j.basic.impl.BinaryOperatorExpressionElement  - In parseElement.
2794 [main] DEBUG fr.expression4j.basic.impl.BinaryOperatorExpressionElement  - In parseElement.
2794 [main] DEBUG fr.expression4j.basic.impl.BinaryOperatorExpressionElement  - In parseElement.
2794 [main] DEBUG fr.expression4j.basic.impl.BinaryOperatorExpressionElement  - In parseElement.
2794 [main] DEBUG fr.expression4j.basic.impl.BinaryOperatorExpressionElement  - Current end position: 7
2794 [main] DEBUG fr.expression4j.basic.impl.BinaryOperatorExpressionElement  - Current end position: 7
2794 [main] DEBUG fr.expression4j.basic.impl.BinaryOperatorExpressionElement  - Current end position: 7
2794 [main] DEBUG fr.expression4j.basic.impl.BinaryOperatorExpressionElement  - Current end position: 7
2794 [main] DEBUG fr.expression4j.basic.impl.BinaryOperatorExpressionElement  - Current end position: 7
2795 [main] DEBUG fr.expression4j.basic.impl.BinaryOperatorExpressionElement  - In checkOperator.
2795 [main] DEBUG fr.expression4j.basic.impl.BinaryOperatorExpressionElement  - In checkOperator.
2795 [main] DEBUG fr.expression4j.basic.impl.BinaryOperatorExpressionElement  - In checkOperator.
2795 [main] DEBUG fr.expression4j.basic.impl.BinaryOperatorExpressionElement  - In checkOperator.
2795 [main] DEBUG fr.expression4j.basic.impl.BinaryOperatorExpressionElement  - In checkOperator.
2795 [main] DEBUG fr.expression4j.basic.impl.BinaryOperatorExpressionElement  - Operator Pow not found.
2795 [main] DEBUG fr.expression4j.basic.impl.BinaryOperatorExpressionElement  - Operator Pow not found.
2795 [main] DEBUG fr.expression4j.basic.impl.BinaryOperatorExpressionElement  - Operator Pow not found.
2795 [main] DEBUG fr.expression4j.basic.impl.BinaryOperatorExpressionElement  - Operator Pow not found.
2795 [main] DEBUG fr.expression4j.basic.impl.BinaryOperatorExpressionElement  - Operator Pow not found.
2795 [main] DEBUG fr.expression4j.basic.impl.BinaryOperatorExpressionElement  - No operator found.
2795 [main] DEBUG fr.expression4j.basic.impl.BinaryOperatorExpressionElement  - No operator found.
2795 [main] DEBUG fr.expression4j.basic.impl.BinaryOperatorExpressionElement  - No operator found.
2795 [main] DEBUG fr.expression4j.basic.impl.BinaryOperatorExpressionElement  - No operator found.
2795 [main] DEBUG fr.expression4j.basic.impl.BinaryOperatorExpressionElement  - No operator found.
2795 [main] DEBUG fr.expression4j.basic.impl.BinaryOperatorExpressionElement  - In parseElement.
2795 [main] DEBUG fr.expression4j.basic.impl.BinaryOperatorExpressionElement  - In parseElement.
2795 [main] DEBUG fr.expression4j.basic.impl.BinaryOperatorExpressionElement  - In parseElement.
2795 [main] DEBUG fr.expression4j.basic.impl.BinaryOperatorExpressionElement  - In parseElement.
2795 [main] DEBUG fr.expression4j.basic.impl.BinaryOperatorExpressionElement  - In parseElement.
2795 [main] DEBUG fr.expression4j.basic.impl.BinaryOperatorExpressionElement  - Current end position: 7
2795 [main] DEBUG fr.expression4j.basic.impl.BinaryOperatorExpressionElement  - Current end position: 7
2795 [main] DEBUG fr.expression4j.basic.impl.BinaryOperatorExpressionElement  - Current end position: 7
2795 [main] DEBUG fr.expression4j.basic.impl.BinaryOperatorExpressionElement  - Current end position: 7
2795 [main] DEBUG fr.expression4j.basic.impl.BinaryOperatorExpressionElement  - Current end position: 7
2795 [main] DEBUG fr.expression4j.basic.impl.BinaryOperatorExpressionElement  - In checkOperator.
2795 [main] DEBUG fr.expression4j.basic.impl.BinaryOperatorExpressionElement  - In checkOperator.
2795 [main] DEBUG fr.expression4j.basic.impl.BinaryOperatorExpressionElement  - In checkOperator.
2795 [main] DEBUG fr.expression4j.basic.impl.BinaryOperatorExpressionElement  - In checkOperator.
2795 [main] DEBUG fr.expression4j.basic.impl.BinaryOperatorExpressionElement  - In checkOperator.
2795 [main] DEBUG fr.expression4j.basic.impl.BinaryOperatorExpressionElement  - Operator Multiply found.
2795 [main] DEBUG fr.expression4j.basic.impl.BinaryOperatorExpressionElement  - Operator Multiply found.
2795 [main] DEBUG fr.expression4j.basic.impl.BinaryOperatorExpressionElement  - Operator Multiply found.
2795 [main] DEBUG fr.expression4j.basic.impl.BinaryOperatorExpressionElement  - Operator Multiply found.
2795 [main] DEBUG fr.expression4j.basic.impl.BinaryOperatorExpressionElement  - Operator Multiply found.
2795 [main] DEBUG fr.expression4j.basic.impl.BinaryOperatorExpressionElement  - Found operator Multiply
2795 [main] DEBUG fr.expression4j.basic.impl.BinaryOperatorExpressionElement  - Found operator Multiply
2795 [main] DEBUG fr.expression4j.basic.impl.BinaryOperatorExpressionElement  - Found operator Multiply
2795 [main] DEBUG fr.expression4j.basic.impl.BinaryOperatorExpressionElement  - Found operator Multiply
2795 [main] DEBUG fr.expression4j.basic.impl.BinaryOperatorExpressionElement  - Found operator Multiply
2795 [main] DEBUG fr.expression4j.basic.impl.ComplexOrRealExpressionElement  - In parseElement
2795 [main] DEBUG fr.expression4j.basic.impl.ComplexOrRealExpressionElement  - In parseElement
2795 [main] DEBUG fr.expression4j.basic.impl.ComplexOrRealExpressionElement  - In parseElement
2795 [main] DEBUG fr.expression4j.basic.impl.ComplexOrRealExpressionElement  - In parseElement
2795 [main] DEBUG fr.expression4j.basic.impl.ComplexOrRealExpressionElement  - In parseElement
2796 [main] DEBUG fr.expression4j.basic.impl.ComplexOrRealExpressionElement  - start position: 8
2796 [main] DEBUG fr.expression4j.basic.impl.ComplexOrRealExpressionElement  - start position: 8
2796 [main] DEBUG fr.expression4j.basic.impl.ComplexOrRealExpressionElement  - start position: 8
2796 [main] DEBUG fr.expression4j.basic.impl.ComplexOrRealExpressionElement  - start position: 8
2796 [main] DEBUG fr.expression4j.basic.impl.ComplexOrRealExpressionElement  - start position: 8
2796 [main] DEBUG fr.expression4j.basic.impl.BinaryOperatorExpressionElement  - In parseElement.
2796 [main] DEBUG fr.expression4j.basic.impl.BinaryOperatorExpressionElement  - In parseElement.
2796 [main] DEBUG fr.expression4j.basic.impl.BinaryOperatorExpressionElement  - In parseElement.
2796 [main] DEBUG fr.expression4j.basic.impl.BinaryOperatorExpressionElement  - In parseElement.
2796 [main] DEBUG fr.expression4j.basic.impl.BinaryOperatorExpressionElement  - In parseElement.
2796 [main] DEBUG fr.expression4j.basic.impl.BinaryOperatorExpressionElement  - Current end position: 9
2796 [main] DEBUG fr.expression4j.basic.impl.BinaryOperatorExpressionElement  - Current end position: 9
2796 [main] DEBUG fr.expression4j.basic.impl.BinaryOperatorExpressionElement  - Current end position: 9
2796 [main] DEBUG fr.expression4j.basic.impl.BinaryOperatorExpressionElement  - Current end position: 9
2796 [main] DEBUG fr.expression4j.basic.impl.BinaryOperatorExpressionElement  - Current end position: 9
2796 [main] DEBUG fr.expression4j.basic.impl.BinaryOperatorExpressionElement  - In checkOperator.
2796 [main] DEBUG fr.expression4j.basic.impl.BinaryOperatorExpressionElement  - In checkOperator.
2796 [main] DEBUG fr.expression4j.basic.impl.BinaryOperatorExpressionElement  - In checkOperator.
2796 [main] DEBUG fr.expression4j.basic.impl.BinaryOperatorExpressionElement  - In checkOperator.
2796 [main] DEBUG fr.expression4j.basic.impl.BinaryOperatorExpressionElement  - In checkOperator.
2796 [main] DEBUG fr.expression4j.basic.impl.BinaryOperatorExpressionElement  - Operator Pow not found.
2796 [main] DEBUG fr.expression4j.basic.impl.BinaryOperatorExpressionElement  - Operator Pow not found.
2796 [main] DEBUG fr.expression4j.basic.impl.BinaryOperatorExpressionElement  - Operator Pow not found.
2796 [main] DEBUG fr.expression4j.basic.impl.BinaryOperatorExpressionElement  - Operator Pow not found.
2796 [main] DEBUG fr.expression4j.basic.impl.BinaryOperatorExpressionElement  - Operator Pow not found.
2796 [main] DEBUG fr.expression4j.basic.impl.BinaryOperatorExpressionElement  - No operator found.
2796 [main] DEBUG fr.expression4j.basic.impl.BinaryOperatorExpressionElement  - No operator found.
2796 [main] DEBUG fr.expression4j.basic.impl.BinaryOperatorExpressionElement  - No operator found.
2796 [main] DEBUG fr.expression4j.basic.impl.BinaryOperatorExpressionElement  - No operator found.
2796 [main] DEBUG fr.expression4j.basic.impl.BinaryOperatorExpressionElement  - No operator found.
2796 [main] DEBUG fr.expression4j.basic.impl.BinaryOperatorExpressionElement  - In parseElement.
2796 [main] DEBUG fr.expression4j.basic.impl.BinaryOperatorExpressionElement  - In parseElement.
2796 [main] DEBUG fr.expression4j.basic.impl.BinaryOperatorExpressionElement  - In parseElement.
2796 [main] DEBUG fr.expression4j.basic.impl.BinaryOperatorExpressionElement  - In parseElement.
2796 [main] DEBUG fr.expression4j.basic.impl.BinaryOperatorExpressionElement  - In parseElement.
2796 [main] DEBUG fr.expression4j.basic.impl.BinaryOperatorExpressionElement  - Current end position: 9
2796 [main] DEBUG fr.expression4j.basic.impl.BinaryOperatorExpressionElement  - Current end position: 9
2796 [main] DEBUG fr.expression4j.basic.impl.BinaryOperatorExpressionElement  - Current end position: 9
2796 [main] DEBUG fr.expression4j.basic.impl.BinaryOperatorExpressionElement  - Current end position: 9
2796 [main] DEBUG fr.expression4j.basic.impl.BinaryOperatorExpressionElement  - Current end position: 9
2796 [main] DEBUG fr.expression4j.basic.impl.BinaryOperatorExpressionElement  - In checkOperator.
2796 [main] DEBUG fr.expression4j.basic.impl.BinaryOperatorExpressionElement  - In checkOperator.
2796 [main] DEBUG fr.expression4j.basic.impl.BinaryOperatorExpressionElement  - In checkOperator.
2796 [main] DEBUG fr.expression4j.basic.impl.BinaryOperatorExpressionElement  - In checkOperator.
2796 [main] DEBUG fr.expression4j.basic.impl.BinaryOperatorExpressionElement  - In checkOperator.
2796 [main] DEBUG fr.expression4j.basic.impl.BinaryOperatorExpressionElement  - Operator Multiply not found.
2796 [main] DEBUG fr.expression4j.basic.impl.BinaryOperatorExpressionElement  - Operator Multiply not found.
2796 [main] DEBUG fr.expression4j.basic.impl.BinaryOperatorExpressionElement  - Operator Multiply not found.
2796 [main] DEBUG fr.expression4j.basic.impl.BinaryOperatorExpressionElement  - Operator Multiply not found.
2796 [main] DEBUG fr.expression4j.basic.impl.BinaryOperatorExpressionElement  - Operator Multiply not found.
2796 [main] DEBUG fr.expression4j.basic.impl.BinaryOperatorExpressionElement  - In checkOperator.
2796 [main] DEBUG fr.expression4j.basic.impl.BinaryOperatorExpressionElement  - In checkOperator.
2796 [main] DEBUG fr.expression4j.basic.impl.BinaryOperatorExpressionElement  - In checkOperator.
2796 [main] DEBUG fr.expression4j.basic.impl.BinaryOperatorExpressionElement  - In checkOperator.
2796 [main] DEBUG fr.expression4j.basic.impl.BinaryOperatorExpressionElement  - In checkOperator.
2797 [main] DEBUG fr.expression4j.basic.impl.BinaryOperatorExpressionElement  - Operator Divide not found.
2797 [main] DEBUG fr.expression4j.basic.impl.BinaryOperatorExpressionElement  - Operator Divide not found.
2797 [main] DEBUG fr.expression4j.basic.impl.BinaryOperatorExpressionElement  - Operator Divide not found.
2797 [main] DEBUG fr.expression4j.basic.impl.BinaryOperatorExpressionElement  - Operator Divide not found.
2797 [main] DEBUG fr.expression4j.basic.impl.BinaryOperatorExpressionElement  - Operator Divide not found.
2797 [main] DEBUG fr.expression4j.basic.impl.BinaryOperatorExpressionElement  - No operator found.
2797 [main] DEBUG fr.expression4j.basic.impl.BinaryOperatorExpressionElement  - No operator found.
2797 [main] DEBUG fr.expression4j.basic.impl.BinaryOperatorExpressionElement  - No operator found.
2797 [main] DEBUG fr.expression4j.basic.impl.BinaryOperatorExpressionElement  - No operator found.
2797 [main] DEBUG fr.expression4j.basic.impl.BinaryOperatorExpressionElement  - No operator found.
2797 [main] DEBUG fr.expression4j.basic.impl.BinaryOperatorExpressionElement  - In parseElement.
2797 [main] DEBUG fr.expression4j.basic.impl.BinaryOperatorExpressionElement  - In parseElement.
2797 [main] DEBUG fr.expression4j.basic.impl.BinaryOperatorExpressionElement  - In parseElement.
2797 [main] DEBUG fr.expression4j.basic.impl.BinaryOperatorExpressionElement  - In parseElement.
2797 [main] DEBUG fr.expression4j.basic.impl.BinaryOperatorExpressionElement  - In parseElement.
2797 [main] DEBUG fr.expression4j.basic.impl.BinaryOperatorExpressionElement  - Current end position: 9
2797 [main] DEBUG fr.expression4j.basic.impl.BinaryOperatorExpressionElement  - Current end position: 9
2797 [main] DEBUG fr.expression4j.basic.impl.BinaryOperatorExpressionElement  - Current end position: 9
2797 [main] DEBUG fr.expression4j.basic.impl.BinaryOperatorExpressionElement  - Current end position: 9
2797 [main] DEBUG fr.expression4j.basic.impl.BinaryOperatorExpressionElement  - Current end position: 9
2797 [main] DEBUG fr.expression4j.basic.impl.BinaryOperatorExpressionElement  - In checkOperator.
2797 [main] DEBUG fr.expression4j.basic.impl.BinaryOperatorExpressionElement  - In checkOperator.
2797 [main] DEBUG fr.expression4j.basic.impl.BinaryOperatorExpressionElement  - In checkOperator.
2797 [main] DEBUG fr.expression4j.basic.impl.BinaryOperatorExpressionElement  - In checkOperator.
2797 [main] DEBUG fr.expression4j.basic.impl.BinaryOperatorExpressionElement  - In checkOperator.
2797 [main] DEBUG fr.expression4j.basic.impl.BinaryOperatorExpressionElement  - Operator Plus not found.
2797 [main] DEBUG fr.expression4j.basic.impl.BinaryOperatorExpressionElement  - Operator Plus not found.
2797 [main] DEBUG fr.expression4j.basic.impl.BinaryOperatorExpressionElement  - Operator Plus not found.
2797 [main] DEBUG fr.expression4j.basic.impl.BinaryOperatorExpressionElement  - Operator Plus not found.
2797 [main] DEBUG fr.expression4j.basic.impl.BinaryOperatorExpressionElement  - Operator Plus not found.
2797 [main] DEBUG fr.expression4j.basic.impl.BinaryOperatorExpressionElement  - In checkOperator.
2797 [main] DEBUG fr.expression4j.basic.impl.BinaryOperatorExpressionElement  - In checkOperator.
2797 [main] DEBUG fr.expression4j.basic.impl.BinaryOperatorExpressionElement  - In checkOperator.
2797 [main] DEBUG fr.expression4j.basic.impl.BinaryOperatorExpressionElement  - In checkOperator.
2797 [main] DEBUG fr.expression4j.basic.impl.BinaryOperatorExpressionElement  - In checkOperator.
2797 [main] DEBUG fr.expression4j.basic.impl.BinaryOperatorExpressionElement  - Operator Minus not found.
2797 [main] DEBUG fr.expression4j.basic.impl.BinaryOperatorExpressionElement  - Operator Minus not found.
2797 [main] DEBUG fr.expression4j.basic.impl.BinaryOperatorExpressionElement  - Operator Minus not found.
2797 [main] DEBUG fr.expression4j.basic.impl.BinaryOperatorExpressionElement  - Operator Minus not found.
2797 [main] DEBUG fr.expression4j.basic.impl.BinaryOperatorExpressionElement  - Operator Minus not found.
2797 [main] DEBUG fr.expression4j.basic.impl.BinaryOperatorExpressionElement  - No operator found.
2797 [main] DEBUG fr.expression4j.basic.impl.BinaryOperatorExpressionElement  - No operator found.
2797 [main] DEBUG fr.expression4j.basic.impl.BinaryOperatorExpressionElement  - No operator found.
2797 [main] DEBUG fr.expression4j.basic.impl.BinaryOperatorExpressionElement  - No operator found.
2797 [main] DEBUG fr.expression4j.basic.impl.BinaryOperatorExpressionElement  - No operator found.
2798 [main] DEBUG fr.expression4j.basic.impl.ComplexOrRealExpressionElement  - In parseElement
2798 [main] DEBUG fr.expression4j.basic.impl.ComplexOrRealExpressionElement  - In parseElement
2798 [main] DEBUG fr.expression4j.basic.impl.ComplexOrRealExpressionElement  - In parseElement
2798 [main] DEBUG fr.expression4j.basic.impl.ComplexOrRealExpressionElement  - In parseElement
2798 [main] DEBUG fr.expression4j.basic.impl.ComplexOrRealExpressionElement  - In parseElement
2798 [main] DEBUG fr.expression4j.basic.impl.ComplexOrRealExpressionElement  - start position: 10
2798 [main] DEBUG fr.expression4j.basic.impl.ComplexOrRealExpressionElement  - start position: 10
2798 [main] DEBUG fr.expression4j.basic.impl.ComplexOrRealExpressionElement  - start position: 10
2798 [main] DEBUG fr.expression4j.basic.impl.ComplexOrRealExpressionElement  - start position: 10
2798 [main] DEBUG fr.expression4j.basic.impl.ComplexOrRealExpressionElement  - start position: 10
2798 [main] DEBUG fr.expression4j.basic.impl.BinaryOperatorExpressionElement  - In parseElement.
2798 [main] DEBUG fr.expression4j.basic.impl.BinaryOperatorExpressionElement  - In parseElement.
2798 [main] DEBUG fr.expression4j.basic.impl.BinaryOperatorExpressionElement  - In parseElement.
2798 [main] DEBUG fr.expression4j.basic.impl.BinaryOperatorExpressionElement  - In parseElement.
2798 [main] DEBUG fr.expression4j.basic.impl.BinaryOperatorExpressionElement  - In parseElement.
2798 [main] DEBUG fr.expression4j.basic.impl.BinaryOperatorExpressionElement  - Current end position: 11
2798 [main] DEBUG fr.expression4j.basic.impl.BinaryOperatorExpressionElement  - Current end position: 11
2798 [main] DEBUG fr.expression4j.basic.impl.BinaryOperatorExpressionElement  - Current end position: 11
2798 [main] DEBUG fr.expression4j.basic.impl.BinaryOperatorExpressionElement  - Current end position: 11
2798 [main] DEBUG fr.expression4j.basic.impl.BinaryOperatorExpressionElement  - Current end position: 11
2798 [main] DEBUG fr.expression4j.basic.impl.BinaryOperatorExpressionElement  - In checkOperator.
2798 [main] DEBUG fr.expression4j.basic.impl.BinaryOperatorExpressionElement  - In checkOperator.
2798 [main] DEBUG fr.expression4j.basic.impl.BinaryOperatorExpressionElement  - In checkOperator.
2798 [main] DEBUG fr.expression4j.basic.impl.BinaryOperatorExpressionElement  - In checkOperator.
2798 [main] DEBUG fr.expression4j.basic.impl.BinaryOperatorExpressionElement  - In checkOperator.
2798 [main] DEBUG fr.expression4j.basic.impl.BinaryOperatorExpressionElement  - Operator Pow not found.
2798 [main] DEBUG fr.expression4j.basic.impl.BinaryOperatorExpressionElement  - Operator Pow not found.
2798 [main] DEBUG fr.expression4j.basic.impl.BinaryOperatorExpressionElement  - Operator Pow not found.
2798 [main] DEBUG fr.expression4j.basic.impl.BinaryOperatorExpressionElement  - Operator Pow not found.
2798 [main] DEBUG fr.expression4j.basic.impl.BinaryOperatorExpressionElement  - Operator Pow not found.
2798 [main] DEBUG fr.expression4j.basic.impl.BinaryOperatorExpressionElement  - No operator found.
2798 [main] DEBUG fr.expression4j.basic.impl.BinaryOperatorExpressionElement  - No operator found.
2798 [main] DEBUG fr.expression4j.basic.impl.BinaryOperatorExpressionElement  - No operator found.
2798 [main] DEBUG fr.expression4j.basic.impl.BinaryOperatorExpressionElement  - No operator found.
2798 [main] DEBUG fr.expression4j.basic.impl.BinaryOperatorExpressionElement  - No operator found.
2798 [main] DEBUG fr.expression4j.basic.impl.BinaryOperatorExpressionElement  - In parseElement.
2798 [main] DEBUG fr.expression4j.basic.impl.BinaryOperatorExpressionElement  - In parseElement.
2798 [main] DEBUG fr.expression4j.basic.impl.BinaryOperatorExpressionElement  - In parseElement.
2798 [main] DEBUG fr.expression4j.basic.impl.BinaryOperatorExpressionElement  - In parseElement.
2798 [main] DEBUG fr.expression4j.basic.impl.BinaryOperatorExpressionElement  - In parseElement.
2798 [main] DEBUG fr.expression4j.basic.impl.BinaryOperatorExpressionElement  - Current end position: 11
2798 [main] DEBUG fr.expression4j.basic.impl.BinaryOperatorExpressionElement  - Current end position: 11
2798 [main] DEBUG fr.expression4j.basic.impl.BinaryOperatorExpressionElement  - Current end position: 11
2798 [main] DEBUG fr.expression4j.basic.impl.BinaryOperatorExpressionElement  - Current end position: 11
2798 [main] DEBUG fr.expression4j.basic.impl.BinaryOperatorExpressionElement  - Current end position: 11
2798 [main] DEBUG fr.expression4j.basic.impl.BinaryOperatorExpressionElement  - In checkOperator.
2798 [main] DEBUG fr.expression4j.basic.impl.BinaryOperatorExpressionElement  - In checkOperator.
2798 [main] DEBUG fr.expression4j.basic.impl.BinaryOperatorExpressionElement  - In checkOperator.
2798 [main] DEBUG fr.expression4j.basic.impl.BinaryOperatorExpressionElement  - In checkOperator.
2798 [main] DEBUG fr.expression4j.basic.impl.BinaryOperatorExpressionElement  - In checkOperator.
2798 [main] DEBUG fr.expression4j.basic.impl.BinaryOperatorExpressionElement  - Operator Multiply not found.
2798 [main] DEBUG fr.expression4j.basic.impl.BinaryOperatorExpressionElement  - Operator Multiply not found.
2798 [main] DEBUG fr.expression4j.basic.impl.BinaryOperatorExpressionElement  - Operator Multiply not found.
2798 [main] DEBUG fr.expression4j.basic.impl.BinaryOperatorExpressionElement  - Operator Multiply not found.
2798 [main] DEBUG fr.expression4j.basic.impl.BinaryOperatorExpressionElement  - Operator Multiply not found.
2798 [main] DEBUG fr.expression4j.basic.impl.BinaryOperatorExpressionElement  - In checkOperator.
2798 [main] DEBUG fr.expression4j.basic.impl.BinaryOperatorExpressionElement  - In checkOperator.
2798 [main] DEBUG fr.expression4j.basic.impl.BinaryOperatorExpressionElement  - In checkOperator.
2798 [main] DEBUG fr.expression4j.basic.impl.BinaryOperatorExpressionElement  - In checkOperator.
2798 [main] DEBUG fr.expression4j.basic.impl.BinaryOperatorExpressionElement  - In checkOperator.
2799 [main] DEBUG fr.expression4j.basic.impl.BinaryOperatorExpressionElement  - Operator Divide not found.
2799 [main] DEBUG fr.expression4j.basic.impl.BinaryOperatorExpressionElement  - Operator Divide not found.
2799 [main] DEBUG fr.expression4j.basic.impl.BinaryOperatorExpressionElement  - Operator Divide not found.
2799 [main] DEBUG fr.expression4j.basic.impl.BinaryOperatorExpressionElement  - Operator Divide not found.
2799 [main] DEBUG fr.expression4j.basic.impl.BinaryOperatorExpressionElement  - Operator Divide not found.
2799 [main] DEBUG fr.expression4j.basic.impl.BinaryOperatorExpressionElement  - No operator found.
2799 [main] DEBUG fr.expression4j.basic.impl.BinaryOperatorExpressionElement  - No operator found.
2799 [main] DEBUG fr.expression4j.basic.impl.BinaryOperatorExpressionElement  - No operator found.
2799 [main] DEBUG fr.expression4j.basic.impl.BinaryOperatorExpressionElement  - No operator found.
2799 [main] DEBUG fr.expression4j.basic.impl.BinaryOperatorExpressionElement  - No operator found.
2799 [main] DEBUG fr.expression4j.basic.impl.BinaryOperatorExpressionElement  - In parseElement.
2799 [main] DEBUG fr.expression4j.basic.impl.BinaryOperatorExpressionElement  - In parseElement.
2799 [main] DEBUG fr.expression4j.basic.impl.BinaryOperatorExpressionElement  - In parseElement.
2799 [main] DEBUG fr.expression4j.basic.impl.BinaryOperatorExpressionElement  - In parseElement.
2799 [main] DEBUG fr.expression4j.basic.impl.BinaryOperatorExpressionElement  - In parseElement.
2799 [main] DEBUG fr.expression4j.basic.impl.BinaryOperatorExpressionElement  - Current end position: 11
2799 [main] DEBUG fr.expression4j.basic.impl.BinaryOperatorExpressionElement  - Current end position: 11
2799 [main] DEBUG fr.expression4j.basic.impl.BinaryOperatorExpressionElement  - Current end position: 11
2799 [main] DEBUG fr.expression4j.basic.impl.BinaryOperatorExpressionElement  - Current end position: 11
2799 [main] DEBUG fr.expression4j.basic.impl.BinaryOperatorExpressionElement  - Current end position: 11
2799 [main] DEBUG fr.expression4j.basic.impl.BinaryOperatorExpressionElement  - In checkOperator.
2799 [main] DEBUG fr.expression4j.basic.impl.BinaryOperatorExpressionElement  - In checkOperator.
2799 [main] DEBUG fr.expression4j.basic.impl.BinaryOperatorExpressionElement  - In checkOperator.
2799 [main] DEBUG fr.expression4j.basic.impl.BinaryOperatorExpressionElement  - In checkOperator.
2799 [main] DEBUG fr.expression4j.basic.impl.BinaryOperatorExpressionElement  - In checkOperator.
2799 [main] DEBUG fr.expression4j.basic.impl.BinaryOperatorExpressionElement  - Operator Plus not found.
2799 [main] DEBUG fr.expression4j.basic.impl.BinaryOperatorExpressionElement  - Operator Plus not found.
2799 [main] DEBUG fr.expression4j.basic.impl.BinaryOperatorExpressionElement  - Operator Plus not found.
2799 [main] DEBUG fr.expression4j.basic.impl.BinaryOperatorExpressionElement  - Operator Plus not found.
2799 [main] DEBUG fr.expression4j.basic.impl.BinaryOperatorExpressionElement  - Operator Plus not found.
2799 [main] DEBUG fr.expression4j.basic.impl.BinaryOperatorExpressionElement  - In checkOperator.
2799 [main] DEBUG fr.expression4j.basic.impl.BinaryOperatorExpressionElement  - In checkOperator.
2799 [main] DEBUG fr.expression4j.basic.impl.BinaryOperatorExpressionElement  - In checkOperator.
2799 [main] DEBUG fr.expression4j.basic.impl.BinaryOperatorExpressionElement  - In checkOperator.
2799 [main] DEBUG fr.expression4j.basic.impl.BinaryOperatorExpressionElement  - In checkOperator.
2799 [main] DEBUG fr.expression4j.basic.impl.BinaryOperatorExpressionElement  - Operator Minus not found.
2799 [main] DEBUG fr.expression4j.basic.impl.BinaryOperatorExpressionElement  - Operator Minus not found.
2799 [main] DEBUG fr.expression4j.basic.impl.BinaryOperatorExpressionElement  - Operator Minus not found.
2799 [main] DEBUG fr.expression4j.basic.impl.BinaryOperatorExpressionElement  - Operator Minus not found.
2799 [main] DEBUG fr.expression4j.basic.impl.BinaryOperatorExpressionElement  - Operator Minus not found.
2802 [main] DEBUG fr.expression4j.basic.impl.BinaryOperatorExpressionElement  - No operator found.
2802 [main] DEBUG fr.expression4j.basic.impl.BinaryOperatorExpressionElement  - No operator found.
2802 [main] DEBUG fr.expression4j.basic.impl.BinaryOperatorExpressionElement  - No operator found.
2802 [main] DEBUG fr.expression4j.basic.impl.BinaryOperatorExpressionElement  - No operator found.
2802 [main] DEBUG fr.expression4j.basic.impl.BinaryOperatorExpressionElement  - No operator found.
2802 [main] DEBUG fr.expression4j.basic.impl.ComplexOrRealExpressionElement  - In parseElement
2802 [main] DEBUG fr.expression4j.basic.impl.ComplexOrRealExpressionElement  - In parseElement
2802 [main] DEBUG fr.expression4j.basic.impl.ComplexOrRealExpressionElement  - In parseElement
2802 [main] DEBUG fr.expression4j.basic.impl.ComplexOrRealExpressionElement  - In parseElement
2802 [main] DEBUG fr.expression4j.basic.impl.ComplexOrRealExpressionElement  - In parseElement
2803 [main] DEBUG fr.expression4j.basic.impl.ComplexOrRealExpressionElement  - start position: 12
2803 [main] DEBUG fr.expression4j.basic.impl.ComplexOrRealExpressionElement  - start position: 12
2803 [main] DEBUG fr.expression4j.basic.impl.ComplexOrRealExpressionElement  - start position: 12
2803 [main] DEBUG fr.expression4j.basic.impl.ComplexOrRealExpressionElement  - start position: 12
2803 [main] DEBUG fr.expression4j.basic.impl.ComplexOrRealExpressionElement  - start position: 12
2803 [main] DEBUG fr.expression4j.basic.impl.BinaryOperatorExpressionElement  - In parseElement.
2803 [main] DEBUG fr.expression4j.basic.impl.BinaryOperatorExpressionElement  - In parseElement.
2803 [main] DEBUG fr.expression4j.basic.impl.BinaryOperatorExpressionElement  - In parseElement.
2803 [main] DEBUG fr.expression4j.basic.impl.BinaryOperatorExpressionElement  - In parseElement.
2803 [main] DEBUG fr.expression4j.basic.impl.BinaryOperatorExpressionElement  - In parseElement.
2803 [main] DEBUG fr.expression4j.basic.impl.BinaryOperatorExpressionElement  - Current end position: 13
2803 [main] DEBUG fr.expression4j.basic.impl.BinaryOperatorExpressionElement  - Current end position: 13
2803 [main] DEBUG fr.expression4j.basic.impl.BinaryOperatorExpressionElement  - Current end position: 13
2803 [main] DEBUG fr.expression4j.basic.impl.BinaryOperatorExpressionElement  - Current end position: 13
2803 [main] DEBUG fr.expression4j.basic.impl.BinaryOperatorExpressionElement  - Current end position: 13
2803 [main] DEBUG fr.expression4j.basic.impl.BinaryOperatorExpressionElement  - In checkOperator.
2803 [main] DEBUG fr.expression4j.basic.impl.BinaryOperatorExpressionElement  - In checkOperator.
2803 [main] DEBUG fr.expression4j.basic.impl.BinaryOperatorExpressionElement  - In checkOperator.
2803 [main] DEBUG fr.expression4j.basic.impl.BinaryOperatorExpressionElement  - In checkOperator.
2803 [main] DEBUG fr.expression4j.basic.impl.BinaryOperatorExpressionElement  - In checkOperator.
2803 [main] DEBUG fr.expression4j.basic.impl.BinaryOperatorExpressionElement  - Operator Pow not found.
2803 [main] DEBUG fr.expression4j.basic.impl.BinaryOperatorExpressionElement  - Operator Pow not found.
2803 [main] DEBUG fr.expression4j.basic.impl.BinaryOperatorExpressionElement  - Operator Pow not found.
2803 [main] DEBUG fr.expression4j.basic.impl.BinaryOperatorExpressionElement  - Operator Pow not found.
2803 [main] DEBUG fr.expression4j.basic.impl.BinaryOperatorExpressionElement  - Operator Pow not found.
2803 [main] DEBUG fr.expression4j.basic.impl.BinaryOperatorExpressionElement  - No operator found.
2803 [main] DEBUG fr.expression4j.basic.impl.BinaryOperatorExpressionElement  - No operator found.
2803 [main] DEBUG fr.expression4j.basic.impl.BinaryOperatorExpressionElement  - No operator found.
2803 [main] DEBUG fr.expression4j.basic.impl.BinaryOperatorExpressionElement  - No operator found.
2803 [main] DEBUG fr.expression4j.basic.impl.BinaryOperatorExpressionElement  - No operator found.
2803 [main] DEBUG fr.expression4j.basic.impl.BinaryOperatorExpressionElement  - In parseElement.
2803 [main] DEBUG fr.expression4j.basic.impl.BinaryOperatorExpressionElement  - In parseElement.
2803 [main] DEBUG fr.expression4j.basic.impl.BinaryOperatorExpressionElement  - In parseElement.
2803 [main] DEBUG fr.expression4j.basic.impl.BinaryOperatorExpressionElement  - In parseElement.
2803 [main] DEBUG fr.expression4j.basic.impl.BinaryOperatorExpressionElement  - In parseElement.
2803 [main] DEBUG fr.expression4j.basic.impl.BinaryOperatorExpressionElement  - Current end position: 13
2803 [main] DEBUG fr.expression4j.basic.impl.BinaryOperatorExpressionElement  - Current end position: 13
2803 [main] DEBUG fr.expression4j.basic.impl.BinaryOperatorExpressionElement  - Current end position: 13
2803 [main] DEBUG fr.expression4j.basic.impl.BinaryOperatorExpressionElement  - Current end position: 13
2803 [main] DEBUG fr.expression4j.basic.impl.BinaryOperatorExpressionElement  - Current end position: 13
2803 [main] DEBUG fr.expression4j.basic.impl.BinaryOperatorExpressionElement  - In checkOperator.
2803 [main] DEBUG fr.expression4j.basic.impl.BinaryOperatorExpressionElement  - In checkOperator.
2803 [main] DEBUG fr.expression4j.basic.impl.BinaryOperatorExpressionElement  - In checkOperator.
2803 [main] DEBUG fr.expression4j.basic.impl.BinaryOperatorExpressionElement  - In checkOperator.
2803 [main] DEBUG fr.expression4j.basic.impl.BinaryOperatorExpressionElement  - In checkOperator.
2803 [main] DEBUG fr.expression4j.basic.impl.BinaryOperatorExpressionElement  - Operator Multiply not found.
2803 [main] DEBUG fr.expression4j.basic.impl.BinaryOperatorExpressionElement  - Operator Multiply not found.
2803 [main] DEBUG fr.expression4j.basic.impl.BinaryOperatorExpressionElement  - Operator Multiply not found.
2803 [main] DEBUG fr.expression4j.basic.impl.BinaryOperatorExpressionElement  - Operator Multiply not found.
2803 [main] DEBUG fr.expression4j.basic.impl.BinaryOperatorExpressionElement  - Operator Multiply not found.
2803 [main] DEBUG fr.expression4j.basic.impl.BinaryOperatorExpressionElement  - In checkOperator.
2803 [main] DEBUG fr.expression4j.basic.impl.BinaryOperatorExpressionElement  - In checkOperator.
2803 [main] DEBUG fr.expression4j.basic.impl.BinaryOperatorExpressionElement  - In checkOperator.
2803 [main] DEBUG fr.expression4j.basic.impl.BinaryOperatorExpressionElement  - In checkOperator.
2803 [main] DEBUG fr.expression4j.basic.impl.BinaryOperatorExpressionElement  - In checkOperator.
2804 [main] DEBUG fr.expression4j.basic.impl.BinaryOperatorExpressionElement  - Operator Divide not found.
2804 [main] DEBUG fr.expression4j.basic.impl.BinaryOperatorExpressionElement  - Operator Divide not found.
2804 [main] DEBUG fr.expression4j.basic.impl.BinaryOperatorExpressionElement  - Operator Divide not found.
2804 [main] DEBUG fr.expression4j.basic.impl.BinaryOperatorExpressionElement  - Operator Divide not found.
2804 [main] DEBUG fr.expression4j.basic.impl.BinaryOperatorExpressionElement  - Operator Divide not found.
2804 [main] DEBUG fr.expression4j.basic.impl.BinaryOperatorExpressionElement  - No operator found.
2804 [main] DEBUG fr.expression4j.basic.impl.BinaryOperatorExpressionElement  - No operator found.
2804 [main] DEBUG fr.expression4j.basic.impl.BinaryOperatorExpressionElement  - No operator found.
2804 [main] DEBUG fr.expression4j.basic.impl.BinaryOperatorExpressionElement  - No operator found.
2804 [main] DEBUG fr.expression4j.basic.impl.BinaryOperatorExpressionElement  - No operator found.
2804 [main] DEBUG fr.expression4j.basic.impl.BinaryOperatorExpressionElement  - In parseElement.
2804 [main] DEBUG fr.expression4j.basic.impl.BinaryOperatorExpressionElement  - In parseElement.
2804 [main] DEBUG fr.expression4j.basic.impl.BinaryOperatorExpressionElement  - In parseElement.
2804 [main] DEBUG fr.expression4j.basic.impl.BinaryOperatorExpressionElement  - In parseElement.
2804 [main] DEBUG fr.expression4j.basic.impl.BinaryOperatorExpressionElement  - In parseElement.
2804 [main] DEBUG fr.expression4j.basic.impl.BinaryOperatorExpressionElement  - Current end position: 13
2804 [main] DEBUG fr.expression4j.basic.impl.BinaryOperatorExpressionElement  - Current end position: 13
2804 [main] DEBUG fr.expression4j.basic.impl.BinaryOperatorExpressionElement  - Current end position: 13
2804 [main] DEBUG fr.expression4j.basic.impl.BinaryOperatorExpressionElement  - Current end position: 13
2804 [main] DEBUG fr.expression4j.basic.impl.BinaryOperatorExpressionElement  - Current end position: 13
2804 [main] DEBUG fr.expression4j.basic.impl.BinaryOperatorExpressionElement  - In checkOperator.
2804 [main] DEBUG fr.expression4j.basic.impl.BinaryOperatorExpressionElement  - In checkOperator.
2804 [main] DEBUG fr.expression4j.basic.impl.BinaryOperatorExpressionElement  - In checkOperator.
2804 [main] DEBUG fr.expression4j.basic.impl.BinaryOperatorExpressionElement  - In checkOperator.
2804 [main] DEBUG fr.expression4j.basic.impl.BinaryOperatorExpressionElement  - In checkOperator.
2804 [main] DEBUG fr.expression4j.basic.impl.BinaryOperatorExpressionElement  - Operator Plus not found.
2804 [main] DEBUG fr.expression4j.basic.impl.BinaryOperatorExpressionElement  - Operator Plus not found.
2804 [main] DEBUG fr.expression4j.basic.impl.BinaryOperatorExpressionElement  - Operator Plus not found.
2804 [main] DEBUG fr.expression4j.basic.impl.BinaryOperatorExpressionElement  - Operator Plus not found.
2804 [main] DEBUG fr.expression4j.basic.impl.BinaryOperatorExpressionElement  - Operator Plus not found.
2804 [main] DEBUG fr.expression4j.basic.impl.BinaryOperatorExpressionElement  - In checkOperator.
2804 [main] DEBUG fr.expression4j.basic.impl.BinaryOperatorExpressionElement  - In checkOperator.
2804 [main] DEBUG fr.expression4j.basic.impl.BinaryOperatorExpressionElement  - In checkOperator.
2804 [main] DEBUG fr.expression4j.basic.impl.BinaryOperatorExpressionElement  - In checkOperator.
2804 [main] DEBUG fr.expression4j.basic.impl.BinaryOperatorExpressionElement  - In checkOperator.
2804 [main] DEBUG fr.expression4j.basic.impl.BinaryOperatorExpressionElement  - Operator Minus not found.
2804 [main] DEBUG fr.expression4j.basic.impl.BinaryOperatorExpressionElement  - Operator Minus not found.
2804 [main] DEBUG fr.expression4j.basic.impl.BinaryOperatorExpressionElement  - Operator Minus not found.
2804 [main] DEBUG fr.expression4j.basic.impl.BinaryOperatorExpressionElement  - Operator Minus not found.
2804 [main] DEBUG fr.expression4j.basic.impl.BinaryOperatorExpressionElement  - Operator Minus not found.
2804 [main] DEBUG fr.expression4j.basic.impl.BinaryOperatorExpressionElement  - No operator found.
2804 [main] DEBUG fr.expression4j.basic.impl.BinaryOperatorExpressionElement  - No operator found.
2804 [main] DEBUG fr.expression4j.basic.impl.BinaryOperatorExpressionElement  - No operator found.
2804 [main] DEBUG fr.expression4j.basic.impl.BinaryOperatorExpressionElement  - No operator found.
2804 [main] DEBUG fr.expression4j.basic.impl.BinaryOperatorExpressionElement  - No operator found.
2804 [main] DEBUG fr.expression4j.basic.impl.ComplexOrRealExpressionElement  - In parseElement
2804 [main] DEBUG fr.expression4j.basic.impl.ComplexOrRealExpressionElement  - In parseElement
2804 [main] DEBUG fr.expression4j.basic.impl.ComplexOrRealExpressionElement  - In parseElement
2804 [main] DEBUG fr.expression4j.basic.impl.ComplexOrRealExpressionElement  - In parseElement
2804 [main] DEBUG fr.expression4j.basic.impl.ComplexOrRealExpressionElement  - In parseElement
2804 [main] DEBUG fr.expression4j.basic.impl.ComplexOrRealExpressionElement  - start position: 6
2804 [main] DEBUG fr.expression4j.basic.impl.ComplexOrRealExpressionElement  - start position: 6
2804 [main] DEBUG fr.expression4j.basic.impl.ComplexOrRealExpressionElement  - start position: 6
2804 [main] DEBUG fr.expression4j.basic.impl.ComplexOrRealExpressionElement  - start position: 6
2804 [main] DEBUG fr.expression4j.basic.impl.ComplexOrRealExpressionElement  - start position: 6
2806 [main] DEBUG fr.expression4j.basic.impl.ComplexOrRealExpressionElement  - In parseElement
2806 [main] DEBUG fr.expression4j.basic.impl.ComplexOrRealExpressionElement  - In parseElement
2806 [main] DEBUG fr.expression4j.basic.impl.ComplexOrRealExpressionElement  - In parseElement
2806 [main] DEBUG fr.expression4j.basic.impl.ComplexOrRealExpressionElement  - In parseElement
2806 [main] DEBUG fr.expression4j.basic.impl.ComplexOrRealExpressionElement  - In parseElement
2806 [main] DEBUG fr.expression4j.basic.impl.ComplexOrRealExpressionElement  - start position: 0
2806 [main] DEBUG fr.expression4j.basic.impl.ComplexOrRealExpressionElement  - start position: 0
2806 [main] DEBUG fr.expression4j.basic.impl.ComplexOrRealExpressionElement  - start position: 0
2806 [main] DEBUG fr.expression4j.basic.impl.ComplexOrRealExpressionElement  - start position: 0
2806 [main] DEBUG fr.expression4j.basic.impl.ComplexOrRealExpressionElement  - start position: 0
2806 [main] DEBUG fr.expression4j.basic.impl.BinaryOperatorExpressionElement  - In parseElement.
2806 [main] DEBUG fr.expression4j.basic.impl.BinaryOperatorExpressionElement  - In parseElement.
2806 [main] DEBUG fr.expression4j.basic.impl.BinaryOperatorExpressionElement  - In parseElement.
2806 [main] DEBUG fr.expression4j.basic.impl.BinaryOperatorExpressionElement  - In parseElement.
2806 [main] DEBUG fr.expression4j.basic.impl.BinaryOperatorExpressionElement  - In parseElement.
2806 [main] DEBUG fr.expression4j.basic.impl.BinaryOperatorExpressionElement  - Current end position: 1
2806 [main] DEBUG fr.expression4j.basic.impl.BinaryOperatorExpressionElement  - Current end position: 1
[...]
2899 [main] DEBUG fr.expression4j.basic.impl.ComplexOrRealExpressionElement  - In parseElement
2899 [main] DEBUG fr.expression4j.basic.impl.ComplexOrRealExpressionElement  - In parseElement
2899 [main] DEBUG fr.expression4j.basic.impl.ComplexOrRealExpressionElement  - start position: 3
2899 [main] DEBUG fr.expression4j.basic.impl.ComplexOrRealExpressionElement  - start position: 3
2899 [main] DEBUG fr.expression4j.basic.impl.ComplexOrRealExpressionElement  - start position: 3
2899 [main] DEBUG fr.expression4j.basic.impl.ComplexOrRealExpressionElement  - start position: 3
2899 [main] DEBUG fr.expression4j.basic.impl.ComplexOrRealExpressionElement  - start position: 3
2899 [main] DEBUG fr.expression4j.basic.impl.BinaryOperatorExpressionElement  - In parseElement.
2899 [main] DEBUG fr.expression4j.basic.impl.BinaryOperatorExpressionElement  - In parseElement.
2899 [main] DEBUG fr.expression4j.basic.impl.BinaryOperatorExpressionElement  - In parseElement.
2899 [main] DEBUG fr.expression4j.basic.impl.BinaryOperatorExpressionElement  - In parseElement.
2899 [main] DEBUG fr.expression4j.basic.impl.BinaryOperatorExpressionElement  - In parseElement.
2899 [main] DEBUG fr.expression4j.basic.impl.BinaryOperatorExpressionElement  - Current end position: 4
2899 [main] DEBUG fr.expression4j.basic.impl.BinaryOperatorExpressionElement  - Current end position: 4
2899 [main] DEBUG fr.expression4j.basic.impl.BinaryOperatorExpressionElement  - Current end position: 4
2899 [main] DEBUG fr.expression4j.basic.impl.BinaryOperatorExpressionElement  - Current end position: 4
2899 [main] DEBUG fr.expression4j.basic.impl.BinaryOperatorExpressionElement  - Current end position: 4
2899 [main] DEBUG fr.expression4j.basic.impl.BinaryOperatorExpressionElement  - In checkOperator.
2899 [main] DEBUG fr.expression4j.basic.impl.BinaryOperatorExpressionElement  - In checkOperator.
2899 [main] DEBUG fr.expression4j.basic.impl.BinaryOperatorExpressionElement  - In checkOperator.
2899 [main] DEBUG fr.expression4j.basic.impl.BinaryOperatorExpressionElement  - In checkOperator.
2899 [main] DEBUG fr.expression4j.basic.impl.BinaryOperatorExpressionElement  - In checkOperator.
2900 [main] DEBUG fr.expression4j.basic.impl.BinaryOperatorExpressionElement  - Operator Pow not found.
2900 [main] DEBUG fr.expression4j.basic.impl.BinaryOperatorExpressionElement  - Operator Pow not found.
2900 [main] DEBUG fr.expression4j.basic.impl.BinaryOperatorExpressionElement  - Operator Pow not found.
2900 [main] DEBUG fr.expression4j.basic.impl.BinaryOperatorExpressionElement  - Operator Pow not found.
2900 [main] DEBUG fr.expression4j.basic.impl.BinaryOperatorExpressionElement  - Operator Pow not found.
2900 [main] DEBUG fr.expression4j.basic.impl.BinaryOperatorExpressionElement  - No operator found.
2900 [main] DEBUG fr.expression4j.basic.impl.BinaryOperatorExpressionElement  - No operator found.
2900 [main] DEBUG fr.expression4j.basic.impl.BinaryOperatorExpressionElement  - No operator found.
2900 [main] DEBUG fr.expression4j.basic.impl.BinaryOperatorExpressionElement  - No operator found.
2900 [main] DEBUG fr.expression4j.basic.impl.BinaryOperatorExpressionElement  - No operator found.
2900 [main] DEBUG fr.expression4j.basic.impl.BinaryOperatorExpressionElement  - In parseElement.
2900 [main] DEBUG fr.expression4j.basic.impl.BinaryOperatorExpressionElement  - In parseElement.
2900 [main] DEBUG fr.expression4j.basic.impl.BinaryOperatorExpressionElement  - In parseElement.
2900 [main] DEBUG fr.expression4j.basic.impl.BinaryOperatorExpressionElement  - In parseElement.
2900 [main] DEBUG fr.expression4j.basic.impl.BinaryOperatorExpressionElement  - In parseElement.
2900 [main] DEBUG fr.expression4j.basic.impl.BinaryOperatorExpressionElement  - Current end position: 4
2900 [main] DEBUG fr.expression4j.basic.impl.BinaryOperatorExpressionElement  - Current end position: 4
2900 [main] DEBUG fr.expression4j.basic.impl.BinaryOperatorExpressionElement  - Current end position: 4
2900 [main] DEBUG fr.expression4j.basic.impl.BinaryOperatorExpressionElement  - Current end position: 4
2900 [main] DEBUG fr.expression4j.basic.impl.BinaryOperatorExpressionElement  - Current end position: 4
2900 [main] DEBUG fr.expression4j.basic.impl.BinaryOperatorExpressionElement  - In checkOperator.
2900 [main] DEBUG fr.expression4j.basic.impl.BinaryOperatorExpressionElement  - In checkOperator.
2900 [main] DEBUG fr.expression4j.basic.impl.BinaryOperatorExpressionElement  - In checkOperator.
2900 [main] DEBUG fr.expression4j.basic.impl.BinaryOperatorExpressionElement  - In checkOperator.
2900 [main] DEBUG fr.expression4j.basic.impl.BinaryOperatorExpressionElement  - In checkOperator.
2900 [main] DEBUG fr.expression4j.basic.impl.BinaryOperatorExpressionElement  - Operator Multiply not found.
2900 [main] DEBUG fr.expression4j.basic.impl.BinaryOperatorExpressionElement  - Operator Multiply not found.
2900 [main] DEBUG fr.expression4j.basic.impl.BinaryOperatorExpressionElement  - Operator Multiply not found.
2900 [main] DEBUG fr.expression4j.basic.impl.BinaryOperatorExpressionElement  - Operator Multiply not found.
2900 [main] DEBUG fr.expression4j.basic.impl.BinaryOperatorExpressionElement  - Operator Multiply not found.
2900 [main] DEBUG fr.expression4j.basic.impl.BinaryOperatorExpressionElement  - In checkOperator.
2900 [main] DEBUG fr.expression4j.basic.impl.BinaryOperatorExpressionElement  - In checkOperator.
2900 [main] DEBUG fr.expression4j.basic.impl.BinaryOperatorExpressionElement  - In checkOperator.
2900 [main] DEBUG fr.expression4j.basic.impl.BinaryOperatorExpressionElement  - In checkOperator.
2900 [main] DEBUG fr.expression4j.basic.impl.BinaryOperatorExpressionElement  - In checkOperator.
2900 [main] DEBUG fr.expression4j.basic.impl.BinaryOperatorExpressionElement  - Operator Divide not found.
2900 [main] DEBUG fr.expression4j.basic.impl.BinaryOperatorExpressionElement  - Operator Divide not found.
2900 [main] DEBUG fr.expression4j.basic.impl.BinaryOperatorExpressionElement  - Operator Divide not found.
2900 [main] DEBUG fr.expression4j.basic.impl.BinaryOperatorExpressionElement  - Operator Divide not found.
2900 [main] DEBUG fr.expression4j.basic.impl.BinaryOperatorExpressionElement  - Operator Divide not found.
2900 [main] DEBUG fr.expression4j.basic.impl.BinaryOperatorExpressionElement  - No operator found.
2900 [main] DEBUG fr.expression4j.basic.impl.BinaryOperatorExpressionElement  - No operator found.
2900 [main] DEBUG fr.expression4j.basic.impl.BinaryOperatorExpressionElement  - No operator found.
2900 [main] DEBUG fr.expression4j.basic.impl.BinaryOperatorExpressionElement  - No operator found.
2900 [main] DEBUG fr.expression4j.basic.impl.BinaryOperatorExpressionElement  - No operator found.
2900 [main] DEBUG fr.expression4j.basic.impl.BinaryOperatorExpressionElement  - In parseElement.
2900 [main] DEBUG fr.expression4j.basic.impl.BinaryOperatorExpressionElement  - In parseElement.
2900 [main] DEBUG fr.expression4j.basic.impl.BinaryOperatorExpressionElement  - In parseElement.
2900 [main] DEBUG fr.expression4j.basic.impl.BinaryOperatorExpressionElement  - In parseElement.
2900 [main] DEBUG fr.expression4j.basic.impl.BinaryOperatorExpressionElement  - In parseElement.
2900 [main] DEBUG fr.expression4j.basic.impl.BinaryOperatorExpressionElement  - Current end position: 4
2900 [main] DEBUG fr.expression4j.basic.impl.BinaryOperatorExpressionElement  - Current end position: 4
2900 [main] DEBUG fr.expression4j.basic.impl.BinaryOperatorExpressionElement  - Current end position: 4
2900 [main] DEBUG fr.expression4j.basic.impl.BinaryOperatorExpressionElement  - Current end position: 4
2900 [main] DEBUG fr.expression4j.basic.impl.BinaryOperatorExpressionElement  - Current end position: 4
2900 [main] DEBUG fr.expression4j.basic.impl.BinaryOperatorExpressionElement  - In checkOperator.
2900 [main] DEBUG fr.expression4j.basic.impl.BinaryOperatorExpressionElement  - In checkOperator.
2900 [main] DEBUG fr.expression4j.basic.impl.BinaryOperatorExpressionElement  - In checkOperator.
2900 [main] DEBUG fr.expression4j.basic.impl.BinaryOperatorExpressionElement  - In checkOperator.
2900 [main] DEBUG fr.expression4j.basic.impl.BinaryOperatorExpressionElement  - In checkOperator.
2900 [main] DEBUG fr.expression4j.basic.impl.BinaryOperatorExpressionElement  - Operator Plus not found.
2900 [main] DEBUG fr.expression4j.basic.impl.BinaryOperatorExpressionElement  - Operator Plus not found.
2900 [main] DEBUG fr.expression4j.basic.impl.BinaryOperatorExpressionElement  - Operator Plus not found.
2900 [main] DEBUG fr.expression4j.basic.impl.BinaryOperatorExpressionElement  - Operator Plus not found.
2900 [main] DEBUG fr.expression4j.basic.impl.BinaryOperatorExpressionElement  - Operator Plus not found.
2901 [main] DEBUG fr.expression4j.basic.impl.BinaryOperatorExpressionElement  - In checkOperator.
2901 [main] DEBUG fr.expression4j.basic.impl.BinaryOperatorExpressionElement  - In checkOperator.
2901 [main] DEBUG fr.expression4j.basic.impl.BinaryOperatorExpressionElement  - In checkOperator.
2901 [main] DEBUG fr.expression4j.basic.impl.BinaryOperatorExpressionElement  - In checkOperator.
2901 [main] DEBUG fr.expression4j.basic.impl.BinaryOperatorExpressionElement  - In checkOperator.
2901 [main] DEBUG fr.expression4j.basic.impl.BinaryOperatorExpressionElement  - Operator Minus not found.
2901 [main] DEBUG fr.expression4j.basic.impl.BinaryOperatorExpressionElement  - Operator Minus not found.
2901 [main] DEBUG fr.expression4j.basic.impl.BinaryOperatorExpressionElement  - Operator Minus not found.
2901 [main] DEBUG fr.expression4j.basic.impl.BinaryOperatorExpressionElement  - Operator Minus not found.
2901 [main] DEBUG fr.expression4j.basic.impl.BinaryOperatorExpressionElement  - Operator Minus not found.
2901 [main] DEBUG fr.expression4j.basic.impl.BinaryOperatorExpressionElement  - No operator found.
2901 [main] DEBUG fr.expression4j.basic.impl.BinaryOperatorExpressionElement  - No operator found.
2901 [main] DEBUG fr.expression4j.basic.impl.BinaryOperatorExpressionElement  - No operator found.
2901 [main] DEBUG fr.expression4j.basic.impl.BinaryOperatorExpressionElement  - No operator found.
2901 [main] DEBUG fr.expression4j.basic.impl.BinaryOperatorExpressionElement  - No operator found.
2901 [main] DEBUG fr.expression4j.basic.impl.BinaryOperatorExpressionElement  - In parseElement.
2901 [main] DEBUG fr.expression4j.basic.impl.BinaryOperatorExpressionElement  - In parseElement.
2901 [main] DEBUG fr.expression4j.basic.impl.BinaryOperatorExpressionElement  - In parseElement.
2901 [main] DEBUG fr.expression4j.basic.impl.BinaryOperatorExpressionElement  - In parseElement.
2901 [main] DEBUG fr.expression4j.basic.impl.BinaryOperatorExpressionElement  - In parseElement.
2901 [main] DEBUG fr.expression4j.basic.impl.BinaryOperatorExpressionElement  - Current end position: 5
2901 [main] DEBUG fr.expression4j.basic.impl.BinaryOperatorExpressionElement  - Current end position: 5
2901 [main] DEBUG fr.expression4j.basic.impl.BinaryOperatorExpressionElement  - Current end position: 5
2901 [main] DEBUG fr.expression4j.basic.impl.BinaryOperatorExpressionElement  - Current end position: 5
2901 [main] DEBUG fr.expression4j.basic.impl.BinaryOperatorExpressionElement  - Current end position: 5
2901 [main] DEBUG fr.expression4j.basic.impl.BinaryOperatorExpressionElement  - In checkOperator.
2901 [main] DEBUG fr.expression4j.basic.impl.BinaryOperatorExpressionElement  - In checkOperator.
2901 [main] DEBUG fr.expression4j.basic.impl.BinaryOperatorExpressionElement  - In checkOperator.
2901 [main] DEBUG fr.expression4j.basic.impl.BinaryOperatorExpressionElement  - In checkOperator.
2901 [main] DEBUG fr.expression4j.basic.impl.BinaryOperatorExpressionElement  - In checkOperator.
2901 [main] DEBUG fr.expression4j.basic.impl.BinaryOperatorExpressionElement  - Operator Pow not found.
2901 [main] DEBUG fr.expression4j.basic.impl.BinaryOperatorExpressionElement  - Operator Pow not found.
2901 [main] DEBUG fr.expression4j.basic.impl.BinaryOperatorExpressionElement  - Operator Pow not found.
2901 [main] DEBUG fr.expression4j.basic.impl.BinaryOperatorExpressionElement  - Operator Pow not found.
2901 [main] DEBUG fr.expression4j.basic.impl.BinaryOperatorExpressionElement  - Operator Pow not found.
2901 [main] DEBUG fr.expression4j.basic.impl.BinaryOperatorExpressionElement  - No operator found.
2901 [main] DEBUG fr.expression4j.basic.impl.BinaryOperatorExpressionElement  - No operator found.
2901 [main] DEBUG fr.expression4j.basic.impl.BinaryOperatorExpressionElement  - No operator found.
2901 [main] DEBUG fr.expression4j.basic.impl.BinaryOperatorExpressionElement  - No operator found.
2901 [main] DEBUG fr.expression4j.basic.impl.BinaryOperatorExpressionElement  - No operator found.
2901 [main] DEBUG fr.expression4j.basic.impl.BinaryOperatorExpressionElement  - In parseElement.
2901 [main] DEBUG fr.expression4j.basic.impl.BinaryOperatorExpressionElement  - In parseElement.
2901 [main] DEBUG fr.expression4j.basic.impl.BinaryOperatorExpressionElement  - In parseElement.
2901 [main] DEBUG fr.expression4j.basic.impl.BinaryOperatorExpressionElement  - In parseElement.
2901 [main] DEBUG fr.expression4j.basic.impl.BinaryOperatorExpressionElement  - In parseElement.
2901 [main] DEBUG fr.expression4j.basic.impl.BinaryOperatorExpressionElement  - Current end position: 5
2901 [main] DEBUG fr.expression4j.basic.impl.BinaryOperatorExpressionElement  - Current end position: 5
2901 [main] DEBUG fr.expression4j.basic.impl.BinaryOperatorExpressionElement  - Current end position: 5
2901 [main] DEBUG fr.expression4j.basic.impl.BinaryOperatorExpressionElement  - Current end position: 5
2901 [main] DEBUG fr.expression4j.basic.impl.BinaryOperatorExpressionElement  - Current end position: 5
2901 [main] DEBUG fr.expression4j.basic.impl.BinaryOperatorExpressionElement  - In checkOperator.
2901 [main] DEBUG fr.expression4j.basic.impl.BinaryOperatorExpressionElement  - In checkOperator.
2901 [main] DEBUG fr.expression4j.basic.impl.BinaryOperatorExpressionElement  - In checkOperator.
2901 [main] DEBUG fr.expression4j.basic.impl.BinaryOperatorExpressionElement  - In checkOperator.
2901 [main] DEBUG fr.expression4j.basic.impl.BinaryOperatorExpressionElement  - In checkOperator.
2901 [main] DEBUG fr.expression4j.basic.impl.BinaryOperatorExpressionElement  - Operator Multiply not found.
2901 [main] DEBUG fr.expression4j.basic.impl.BinaryOperatorExpressionElement  - Operator Multiply not found.
2901 [main] DEBUG fr.expression4j.basic.impl.BinaryOperatorExpressionElement  - Operator Multiply not found.
2901 [main] DEBUG fr.expression4j.basic.impl.BinaryOperatorExpressionElement  - Operator Multiply not found.
2901 [main] DEBUG fr.expression4j.basic.impl.BinaryOperatorExpressionElement  - Operator Multiply not found.
2901 [main] DEBUG fr.expression4j.basic.impl.BinaryOperatorExpressionElement  - In checkOperator.
2901 [main] DEBUG fr.expression4j.basic.impl.BinaryOperatorExpressionElement  - In checkOperator.
2901 [main] DEBUG fr.expression4j.basic.impl.BinaryOperatorExpressionElement  - In checkOperator.
2901 [main] DEBUG fr.expression4j.basic.impl.BinaryOperatorExpressionElement  - In checkOperator.
2901 [main] DEBUG fr.expression4j.basic.impl.BinaryOperatorExpressionElement  - In checkOperator.
2902 [main] DEBUG fr.expression4j.basic.impl.BinaryOperatorExpressionElement  - Operator Divide not found.
2902 [main] DEBUG fr.expression4j.basic.impl.BinaryOperatorExpressionElement  - Operator Divide not found.
2902 [main] DEBUG fr.expression4j.basic.impl.BinaryOperatorExpressionElement  - Operator Divide not found.
2902 [main] DEBUG fr.expression4j.basic.impl.BinaryOperatorExpressionElement  - Operator Divide not found.
2902 [main] DEBUG fr.expression4j.basic.impl.BinaryOperatorExpressionElement  - Operator Divide not found.
2902 [main] DEBUG fr.expression4j.basic.impl.BinaryOperatorExpressionElement  - No operator found.
2902 [main] DEBUG fr.expression4j.basic.impl.BinaryOperatorExpressionElement  - No operator found.
2902 [main] DEBUG fr.expression4j.basic.impl.BinaryOperatorExpressionElement  - No operator found.
2902 [main] DEBUG fr.expression4j.basic.impl.BinaryOperatorExpressionElement  - No operator found.
2902 [main] DEBUG fr.expression4j.basic.impl.BinaryOperatorExpressionElement  - No operator found.
2902 [main] DEBUG fr.expression4j.basic.impl.BinaryOperatorExpressionElement  - In parseElement.
2902 [main] DEBUG fr.expression4j.basic.impl.BinaryOperatorExpressionElement  - In parseElement.
2902 [main] DEBUG fr.expression4j.basic.impl.BinaryOperatorExpressionElement  - In parseElement.
2902 [main] DEBUG fr.expression4j.basic.impl.BinaryOperatorExpressionElement  - In parseElement.
2902 [main] DEBUG fr.expression4j.basic.impl.BinaryOperatorExpressionElement  - In parseElement.
2902 [main] DEBUG fr.expression4j.basic.impl.BinaryOperatorExpressionElement  - Current end position: 5
2902 [main] DEBUG fr.expression4j.basic.impl.BinaryOperatorExpressionElement  - Current end position: 5
2902 [main] DEBUG fr.expression4j.basic.impl.BinaryOperatorExpressionElement  - Current end position: 5
2902 [main] DEBUG fr.expression4j.basic.impl.BinaryOperatorExpressionElement  - Current end position: 5
2902 [main] DEBUG fr.expression4j.basic.impl.BinaryOperatorExpressionElement  - Current end position: 5
2902 [main] DEBUG fr.expression4j.basic.impl.BinaryOperatorExpressionElement  - In checkOperator.
2902 [main] DEBUG fr.expression4j.basic.impl.BinaryOperatorExpressionElement  - In checkOperator.
2902 [main] DEBUG fr.expression4j.basic.impl.BinaryOperatorExpressionElement  - In checkOperator.
2902 [main] DEBUG fr.expression4j.basic.impl.BinaryOperatorExpressionElement  - In checkOperator.
2902 [main] DEBUG fr.expression4j.basic.impl.BinaryOperatorExpressionElement  - In checkOperator.
2902 [main] DEBUG fr.expression4j.basic.impl.BinaryOperatorExpressionElement  - Operator Plus not found.
2902 [main] DEBUG fr.expression4j.basic.impl.BinaryOperatorExpressionElement  - Operator Plus not found.
2902 [main] DEBUG fr.expression4j.basic.impl.BinaryOperatorExpressionElement  - Operator Plus not found.
2902 [main] DEBUG fr.expression4j.basic.impl.BinaryOperatorExpressionElement  - Operator Plus not found.
2902 [main] DEBUG fr.expression4j.basic.impl.BinaryOperatorExpressionElement  - Operator Plus not found.
2902 [main] DEBUG fr.expression4j.basic.impl.BinaryOperatorExpressionElement  - In checkOperator.
2902 [main] DEBUG fr.expression4j.basic.impl.BinaryOperatorExpressionElement  - In checkOperator.
2902 [main] DEBUG fr.expression4j.basic.impl.BinaryOperatorExpressionElement  - In checkOperator.
2902 [main] DEBUG fr.expression4j.basic.impl.BinaryOperatorExpressionElement  - In checkOperator.
2902 [main] DEBUG fr.expression4j.basic.impl.BinaryOperatorExpressionElement  - In checkOperator.
2902 [main] DEBUG fr.expression4j.basic.impl.BinaryOperatorExpressionElement  - Operator Minus not found.
2902 [main] DEBUG fr.expression4j.basic.impl.BinaryOperatorExpressionElement  - Operator Minus not found.
2902 [main] DEBUG fr.expression4j.basic.impl.BinaryOperatorExpressionElement  - Operator Minus not found.
2902 [main] DEBUG fr.expression4j.basic.impl.BinaryOperatorExpressionElement  - Operator Minus not found.
2902 [main] DEBUG fr.expression4j.basic.impl.BinaryOperatorExpressionElement  - Operator Minus not found.
2902 [main] DEBUG fr.expression4j.basic.impl.BinaryOperatorExpressionElement  - No operator found.
2902 [main] DEBUG fr.expression4j.basic.impl.BinaryOperatorExpressionElement  - No operator found.
2902 [main] DEBUG fr.expression4j.basic.impl.BinaryOperatorExpressionElement  - No operator found.
2902 [main] DEBUG fr.expression4j.basic.impl.BinaryOperatorExpressionElement  - No operator found.
2902 [main] DEBUG fr.expression4j.basic.impl.BinaryOperatorExpressionElement  - No operator found.
]]></system-out>
  <system-err><![CDATA[]]></system-err>
</testsuite>
